#
# There is insufficient memory for the Java Runtime Environment to continue.
# Native memory allocation (mmap) failed to map 363855872 bytes for Failed to commit area from 0x0000000094100000 to 0x00000000a9c00000 of length 363855872.
# Possible reasons:
#   The system is out of physical RAM or swap space
#   The process is running with CompressedOops enabled, and the Java Heap may be blocking the growth of the native heap
# Possible solutions:
#   Reduce memory load on the system
#   Increase physical memory or swap space
#   Check if swap backing store is full
#   Decrease Java heap size (-Xmx/-Xms)
#   Decrease number of Java threads
#   Decrease Java thread stack sizes (-Xss)
#   Set larger code cache with -XX:ReservedCodeCacheSize=
#   JVM is running with Unscaled Compressed Oops mode in which the Java heap is
#     placed in the first 4GB address space. The Java Heap base address is the
#     maximum limit for the native heap growth. Please use -XX:HeapBaseMinAddress
#     to set the Java Heap base and to place the Java Heap above 4GB virtual address.
# This output file may be truncated or incomplete.
#
#  Out of Memory Error (./src/hotspot/os/windows/os_windows.cpp:3301), pid=8624, tid=6916
#
# JRE version: OpenJDK Runtime Environment (11.0.11+9) (build 11.0.11+9-b60-7590822)
# Java VM: OpenJDK 64-Bit Server VM (11.0.11+9-b60-7590822, mixed mode, tiered, compressed oops, g1 gc, windows-amd64)
# No core dump will be written. Minidumps are not enabled by default on client versions of Windows
#

---------------  S U M M A R Y ------------

Command Line: --add-opens=java.base/java.util=ALL-UNNAMED --add-opens=java.base/java.lang=ALL-UNNAMED --add-opens=java.base/java.lang.invoke=ALL-UNNAMED --add-opens=java.base/java.util=ALL-UNNAMED --add-opens=java.prefs/java.util.prefs=ALL-UNNAMED --add-opens=java.prefs/java.util.prefs=ALL-UNNAMED --add-opens=java.base/java.nio.charset=ALL-UNNAMED --add-opens=java.base/java.net=ALL-UNNAMED --add-opens=java.base/java.util.concurrent.atomic=ALL-UNNAMED -Xmx2048m -Dfile.encoding=UTF-8 -Duser.country=US -Duser.language=en -Duser.variant org.gradle.launcher.daemon.bootstrap.GradleDaemon 7.2

Host: Intel(R) Core(TM) i5-3470 CPU @ 3.20GHz, 4 cores, 7G,  Windows 10 , 64 bit Build 19041 (10.0.19041.1566)
Time: Thu Apr  7 18:50:06 2022 Egypt Standard Time elapsed time: 734.440423 seconds (0d 0h 12m 14s)

---------------  T H R E A D  ---------------

Current thread (0x000001d2844dc800):  VMThread "VM Thread" [stack: 0x0000006861900000,0x0000006861a00000] [id=6916]

Stack: [0x0000006861900000,0x0000006861a00000]
[error occurred during error reporting (printing stack bounds), id 0xc0000005, EXCEPTION_ACCESS_VIOLATION (0xc0000005) at pc=0x000001d2edc50f2d]

Native frames: (J=compiled Java code, j=interpreted, Vv=VM code, C=native code)
V  [jvm.dll+0x5f214a]
V  [jvm.dll+0x726fb5]
V  [jvm.dll+0x7285cd]
V  [jvm.dll+0x728be5]
V  [jvm.dll+0x728b9b]
V  [jvm.dll+0x5f14e8]
V  [jvm.dll+0x5f1c78]
C  [ntdll.dll+0xa20cf]
C  [ntdll.dll+0x51454]
C  [ntdll.dll+0xa0bfe]
C  0x000001d2edc50f2d

VM_Operation (0x00000068661fab90): G1CollectForAllocation, mode: safepoint, requested by thread 0x000001d287862800


---------------  P R O C E S S  ---------------

Threads class SMR info:
_java_thread_list=0x000001d293dcb740, length=93, elements={
0x000001d2e897d800, 0x000001d2844e1000, 0x000001d2844eb000, 0x000001d284502000,
0x000001d284503000, 0x000001d284504800, 0x000001d284508000, 0x000001d284515000,
0x000001d284517000, 0x000001d284fe3000, 0x000001d286160000, 0x000001d28690c000,
0x000001d286a0d800, 0x000001d2866b7800, 0x000001d2866b6000, 0x000001d2866ba000,
0x000001d2866b4800, 0x000001d2866bb000, 0x000001d2866b9000, 0x000001d2866b5000,
0x000001d28745d800, 0x000001d28745b000, 0x000001d28745c800, 0x000001d287460000,
0x000001d28b255000, 0x000001d28b254800, 0x000001d2917db800, 0x000001d2917de000,
0x000001d2917e0000, 0x000001d2917dc800, 0x000001d2917df000, 0x000001d2917dd800,
0x000001d2917da000, 0x000001d2917e0800, 0x000001d2917db000, 0x000001d2917e6800,
0x000001d2917e3000, 0x000001d2917e7000, 0x000001d2917e4000, 0x000001d2917e2800,
0x000001d2917e5800, 0x000001d2917e4800, 0x000001d2917e1800, 0x000001d2917e8000,
0x000001d28b251000, 0x000001d28b24d000, 0x000001d28b24e800, 0x000001d28b24b800,
0x000001d28b24c000, 0x000001d28b253800, 0x000001d28b252800, 0x000001d28b250000,
0x000001d28b24d800, 0x000001d28b24f800, 0x000001d28b256000, 0x000001d28b259000,
0x000001d28b257800, 0x000001d28b256800, 0x000001d287460800, 0x000001d28745e000,
0x000001d28745f000, 0x000001d287461800, 0x000001d28745b800, 0x000001d287465800,
0x000001d287466800, 0x000001d287464800, 0x000001d287467000, 0x000001d287468000,
0x000001d287462000, 0x000001d287464000, 0x000001d287463000, 0x000001d2866b6800,
0x000001d2866b8800, 0x000001d287862800, 0x000001d287860000, 0x000001d287861000,
0x000001d287862000, 0x000001d287863800, 0x000001d287865000, 0x000001d287864800,
0x000001d28786b800, 0x000001d287866000, 0x000001d28785f800, 0x000001d287868800,
0x000001d287867800, 0x000001d28786c800, 0x000001d287869000, 0x000001d287866800,
0x000001d28786d000, 0x000001d28786e000, 0x000001d28786b000, 0x000001d28786a000,
0x000001d28cd77800
}

Java Threads: ( => current thread )
  0x000001d2e897d800 JavaThread "main" [_thread_blocked, id=3000, stack(0x0000006861300000,0x0000006861400000)]
  0x000001d2844e1000 JavaThread "Reference Handler" daemon [_thread_blocked, id=11828, stack(0x0000006861a00000,0x0000006861b00000)]
  0x000001d2844eb000 JavaThread "Finalizer" daemon [_thread_blocked, id=8980, stack(0x0000006861b00000,0x0000006861c00000)]
  0x000001d284502000 JavaThread "Signal Dispatcher" daemon [_thread_blocked, id=11612, stack(0x0000006861c00000,0x0000006861d00000)]
  0x000001d284503000 JavaThread "Attach Listener" daemon [_thread_blocked, id=9596, stack(0x0000006861d00000,0x0000006861e00000)]
  0x000001d284504800 JavaThread "Service Thread" daemon [_thread_blocked, id=12116, stack(0x0000006861e00000,0x0000006861f00000)]
  0x000001d284508000 JavaThread "C2 CompilerThread0" daemon [_thread_blocked, id=4644, stack(0x0000006861f00000,0x0000006862000000)]
  0x000001d284515000 JavaThread "C1 CompilerThread0" daemon [_thread_blocked, id=2348, stack(0x0000006862000000,0x0000006862100000)]
  0x000001d284517000 JavaThread "Sweeper thread" daemon [_thread_blocked, id=540, stack(0x0000006862100000,0x0000006862200000)]
  0x000001d284fe3000 JavaThread "Common-Cleaner" daemon [_thread_blocked, id=2284, stack(0x0000006862200000,0x0000006862300000)]
  0x000001d286160000 JavaThread "Daemon health stats" [_thread_blocked, id=7700, stack(0x0000006862600000,0x0000006862700000)]
  0x000001d28690c000 JavaThread "Incoming local TCP Connector on port 50386" [_thread_in_native, id=2672, stack(0x0000006862700000,0x0000006862800000)]
  0x000001d286a0d800 JavaThread "Daemon periodic checks" [_thread_blocked, id=11464, stack(0x0000006862800000,0x0000006862900000)]
  0x000001d2866b7800 JavaThread "Cache worker for journal cache (C:\Users\Peter\.gradle\wrapper\dists\gradle-7.2-bin\caches\journal-1)" [_thread_blocked, id=10356, stack(0x0000006863100000,0x0000006863200000)]
  0x000001d2866b6000 JavaThread "File lock request listener" [_thread_in_native, id=8004, stack(0x0000006863200000,0x0000006863300000)]
  0x000001d2866ba000 JavaThread "Cache worker for file hash cache (C:\Users\Peter\.gradle\wrapper\dists\gradle-7.2-bin\caches\7.2\fileHashes)" [_thread_blocked, id=9008, stack(0x0000006863300000,0x0000006863400000)]
  0x000001d2866b4800 JavaThread "File watcher server" daemon [_thread_blocked, id=7176, stack(0x0000006863500000,0x0000006863600000)]
  0x000001d2866bb000 JavaThread "File watcher consumer" daemon [_thread_blocked, id=10496, stack(0x0000006863600000,0x0000006863700000)]
  0x000001d2866b9000 JavaThread "jar transforms" [_thread_blocked, id=3436, stack(0x0000006863700000,0x0000006863800000)]
  0x000001d2866b5000 JavaThread "jar transforms Thread 2" [_thread_blocked, id=10048, stack(0x0000006863800000,0x0000006863900000)]
  0x000001d28745d800 JavaThread "jar transforms Thread 3" [_thread_blocked, id=10504, stack(0x0000006863900000,0x0000006863a00000)]
  0x000001d28745b000 JavaThread "jar transforms Thread 4" [_thread_blocked, id=6620, stack(0x0000006863a00000,0x0000006863b00000)]
  0x000001d28745c800 JavaThread "Cache worker for execution history cache (C:\Users\Peter\.gradle\wrapper\dists\gradle-7.2-bin\caches\7.2\executionHistory)" [_thread_blocked, id=7988, stack(0x0000006863e00000,0x0000006863f00000)]
  0x000001d287460000 JavaThread "Cache worker for file content cache (C:\Users\Peter\.gradle\wrapper\dists\gradle-7.2-bin\caches\7.2\fileContent)" [_thread_blocked, id=1204, stack(0x0000006863f00000,0x0000006864000000)]
  0x000001d28b255000 JavaThread "Memory manager" [_thread_blocked, id=7640, stack(0x0000006866a00000,0x0000006866b00000)]
  0x000001d28b254800 JavaThread "pool-3-thread-1" [_thread_blocked, id=12824, stack(0x0000006866b00000,0x0000006866c00000)]
  0x000001d2917db800 JavaThread "Daemon Thread 2" [_thread_blocked, id=8464, stack(0x0000006861000000,0x0000006861100000)]
  0x000001d2917de000 JavaThread "Handler for socket connection from /127.0.0.1:50386 to /127.0.0.1:50774" [_thread_in_native, id=752, stack(0x0000006861100000,0x0000006861200000)]
  0x000001d2917e0000 JavaThread "Cancel handler" [_thread_blocked, id=5392, stack(0x0000006861200000,0x0000006861300000)]
  0x000001d2917dc800 JavaThread "Daemon worker Thread 2" [_thread_blocked, id=1316, stack(0x0000006862900000,0x0000006862a00000)]
  0x000001d2917df000 JavaThread "Asynchronous log dispatcher for DefaultDaemonConnection: socket connection from /127.0.0.1:50386 to /127.0.0.1:50774" [_thread_blocked, id=2584, stack(0x0000006862a00000,0x0000006862b00000)]
  0x000001d2917dd800 JavaThread "Stdin handler" [_thread_blocked, id=13208, stack(0x0000006862b00000,0x0000006862c00000)]
  0x000001d2917da000 JavaThread "Daemon client event forwarder" [_thread_blocked, id=7856, stack(0x0000006862c00000,0x0000006862d00000)]
  0x000001d2917e0800 JavaThread "Cache worker for file hash cache (C:\Users\Peter\Desktop\udemy\MyApps\JetTip\.gradle\7.2\fileHashes)" [_thread_blocked, id=2080, stack(0x0000006862d00000,0x0000006862e00000)]
  0x000001d2917db000 JavaThread "Cache worker for checksums cache (C:\Users\Peter\Desktop\udemy\MyApps\JetTip\.gradle\checksums)" [_thread_blocked, id=3040, stack(0x0000006862e00000,0x0000006862f00000)]
  0x000001d2917e6800 JavaThread "Cache worker for cache directory md-supplier (C:\Users\Peter\.gradle\wrapper\dists\gradle-7.2-bin\caches\7.2\md-supplier)" [_thread_blocked, id=5980, stack(0x0000006862f00000,0x0000006863000000)]
  0x000001d2917e3000 JavaThread "Cache worker for cache directory md-rule (C:\Users\Peter\.gradle\wrapper\dists\gradle-7.2-bin\caches\7.2\md-rule)" [_thread_blocked, id=11416, stack(0x0000006863400000,0x0000006863500000)]
  0x000001d2917e7000 JavaThread "Cache worker for dependencies-accessors (C:\Users\Peter\Desktop\udemy\MyApps\JetTip\.gradle\7.2\dependencies-accessors)" [_thread_blocked, id=8572, stack(0x0000006863b00000,0x0000006863c00000)]
  0x000001d2917e4000 JavaThread "Cache worker for Build Output Cleanup Cache (C:\Users\Peter\Desktop\udemy\MyApps\JetTip\.gradle\buildOutputCleanup)" [_thread_blocked, id=2796, stack(0x0000006863c00000,0x0000006863d00000)]
  0x000001d2917e2800 JavaThread "Unconstrained build operations" [_thread_blocked, id=4864, stack(0x0000006863d00000,0x0000006863e00000)]
  0x000001d2917e5800 JavaThread "Unconstrained build operations Thread 2" [_thread_blocked, id=5404, stack(0x0000006864000000,0x0000006864100000)]
  0x000001d2917e4800 JavaThread "Unconstrained build operations Thread 3" [_thread_blocked, id=13004, stack(0x0000006864100000,0x0000006864200000)]
  0x000001d2917e1800 JavaThread "Unconstrained build operations Thread 4" [_thread_blocked, id=6748, stack(0x0000006864200000,0x0000006864300000)]
  0x000001d2917e8000 JavaThread "Unconstrained build operations Thread 5" [_thread_blocked, id=11724, stack(0x0000006864300000,0x0000006864400000)]
  0x000001d28b251000 JavaThread "Unconstrained build operations Thread 6" [_thread_blocked, id=10872, stack(0x0000006864400000,0x0000006864500000)]
  0x000001d28b24d000 JavaThread "Unconstrained build operations Thread 7" [_thread_blocked, id=3124, stack(0x0000006864500000,0x0000006864600000)]
  0x000001d28b24e800 JavaThread "Unconstrained build operations Thread 8" [_thread_blocked, id=1440, stack(0x0000006864600000,0x0000006864700000)]
  0x000001d28b24b800 JavaThread "Unconstrained build operations Thread 9" [_thread_blocked, id=8756, stack(0x0000006864700000,0x0000006864800000)]
  0x000001d28b24c000 JavaThread "Unconstrained build operations Thread 10" [_thread_blocked, id=4552, stack(0x0000006864800000,0x0000006864900000)]
  0x000001d28b253800 JavaThread "Unconstrained build operations Thread 11" [_thread_blocked, id=1072, stack(0x0000006864900000,0x0000006864a00000)]
  0x000001d28b252800 JavaThread "Unconstrained build operations Thread 12" [_thread_blocked, id=10416, stack(0x0000006864a00000,0x0000006864b00000)]
  0x000001d28b250000 JavaThread "Unconstrained build operations Thread 13" [_thread_blocked, id=6468, stack(0x0000006864b00000,0x0000006864c00000)]
  0x000001d28b24d800 JavaThread "Unconstrained build operations Thread 14" [_thread_blocked, id=11028, stack(0x0000006864c00000,0x0000006864d00000)]
  0x000001d28b24f800 JavaThread "Unconstrained build operations Thread 15" [_thread_blocked, id=12988, stack(0x0000006864d00000,0x0000006864e00000)]
  0x000001d28b256000 JavaThread "Unconstrained build operations Thread 16" [_thread_blocked, id=9852, stack(0x0000006864e00000,0x0000006864f00000)]
  0x000001d28b259000 JavaThread "Unconstrained build operations Thread 17" [_thread_blocked, id=4860, stack(0x0000006864f00000,0x0000006865000000)]
  0x000001d28b257800 JavaThread "Unconstrained build operations Thread 18" [_thread_blocked, id=10412, stack(0x0000006865000000,0x0000006865100000)]
  0x000001d28b256800 JavaThread "Unconstrained build operations Thread 19" [_thread_blocked, id=6544, stack(0x0000006865100000,0x0000006865200000)]
  0x000001d287460800 JavaThread "Unconstrained build operations Thread 20" [_thread_blocked, id=6560, stack(0x0000006865200000,0x0000006865300000)]
  0x000001d28745e000 JavaThread "Unconstrained build operations Thread 21" [_thread_blocked, id=9620, stack(0x0000006865300000,0x0000006865400000)]
  0x000001d28745f000 JavaThread "Unconstrained build operations Thread 22" [_thread_blocked, id=2936, stack(0x0000006865400000,0x0000006865500000)]
  0x000001d287461800 JavaThread "Unconstrained build operations Thread 23" [_thread_blocked, id=8020, stack(0x0000006865500000,0x0000006865600000)]
  0x000001d28745b800 JavaThread "Unconstrained build operations Thread 24" [_thread_blocked, id=11132, stack(0x0000006865600000,0x0000006865700000)]
  0x000001d287465800 JavaThread "Unconstrained build operations Thread 25" [_thread_blocked, id=484, stack(0x0000006865700000,0x0000006865800000)]
  0x000001d287466800 JavaThread "Unconstrained build operations Thread 26" [_thread_blocked, id=9444, stack(0x0000006865800000,0x0000006865900000)]
  0x000001d287464800 JavaThread "Unconstrained build operations Thread 27" [_thread_blocked, id=1384, stack(0x0000006865900000,0x0000006865a00000)]
  0x000001d287467000 JavaThread "Unconstrained build operations Thread 28" [_thread_blocked, id=4112, stack(0x0000006865a00000,0x0000006865b00000)]
  0x000001d287468000 JavaThread "Unconstrained build operations Thread 29" [_thread_blocked, id=11560, stack(0x0000006865b00000,0x0000006865c00000)]
  0x000001d287462000 JavaThread "Unconstrained build operations Thread 30" [_thread_blocked, id=9000, stack(0x0000006865c00000,0x0000006865d00000)]
  0x000001d287464000 JavaThread "Unconstrained build operations Thread 31" [_thread_blocked, id=7276, stack(0x0000006865d00000,0x0000006865e00000)]
  0x000001d287463000 JavaThread "Unconstrained build operations Thread 32" [_thread_blocked, id=13104, stack(0x0000006865e00000,0x0000006865f00000)]
  0x000001d2866b6800 JavaThread "Unconstrained build operations Thread 33" [_thread_blocked, id=2912, stack(0x0000006865f00000,0x0000006866000000)]
  0x000001d2866b8800 JavaThread "Unconstrained build operations Thread 34" [_thread_blocked, id=6492, stack(0x0000006866000000,0x0000006866100000)]
  0x000001d287862800 JavaThread "Unconstrained build operations Thread 35" [_thread_blocked, id=11304, stack(0x0000006866100000,0x0000006866200000)]
  0x000001d287860000 JavaThread "Unconstrained build operations Thread 36" [_thread_blocked, id=8300, stack(0x0000006866200000,0x0000006866300000)]
  0x000001d287861000 JavaThread "Unconstrained build operations Thread 37" [_thread_blocked, id=10556, stack(0x0000006866300000,0x0000006866400000)]
  0x000001d287862000 JavaThread "Unconstrained build operations Thread 38" [_thread_blocked, id=11380, stack(0x0000006866400000,0x0000006866500000)]
  0x000001d287863800 JavaThread "Unconstrained build operations Thread 39" [_thread_blocked, id=13272, stack(0x0000006866500000,0x0000006866600000)]
  0x000001d287865000 JavaThread "Unconstrained build operations Thread 40" [_thread_blocked, id=8856, stack(0x0000006866600000,0x0000006866700000)]
  0x000001d287864800 JavaThread "build event listener" [_thread_blocked, id=7416, stack(0x0000006866700000,0x0000006866800000)]
  0x000001d28786b800 JavaThread "pool-6-thread-1" [_thread_blocked, id=10068, stack(0x0000006866800000,0x0000006866900000)]
  0x000001d287866000 JavaThread "build event listener" [_thread_blocked, id=8240, stack(0x0000006866900000,0x0000006866a00000)]
  0x000001d28785f800 JavaThread "Execution worker for ':'" [_thread_blocked, id=812, stack(0x0000006866c00000,0x0000006866d00000)]
  0x000001d287868800 JavaThread "Execution worker for ':' Thread 2" [_thread_blocked, id=8580, stack(0x0000006866d00000,0x0000006866e00000)]
  0x000001d287867800 JavaThread "Execution worker for ':' Thread 3" [_thread_blocked, id=680, stack(0x0000006866e00000,0x0000006866f00000)]
  0x000001d28786c800 JavaThread "Cache worker for execution history cache (C:\Users\Peter\Desktop\udemy\MyApps\JetTip\.gradle\7.2\executionHistory)" [_thread_blocked, id=5856, stack(0x0000006866f00000,0x0000006867000000)]
  0x000001d287869000 JavaThread "WorkerExecutor Queue" [_thread_blocked, id=9752, stack(0x0000006867000000,0x0000006867100000)]
  0x000001d287866800 JavaThread "WorkerExecutor Queue Thread 2" [_thread_blocked, id=8716, stack(0x0000006867100000,0x0000006867200000)]
  0x000001d28786d000 JavaThread "WorkerExecutor Queue Thread 3" [_thread_blocked, id=4280, stack(0x0000006867200000,0x0000006867300000)]
  0x000001d28786e000 JavaThread "WorkerExecutor Queue Thread 4" [_thread_blocked, id=7776, stack(0x0000006867300000,0x0000006867400000)]
  0x000001d28786b000 JavaThread "pool-7-thread-1" [_thread_blocked, id=7308, stack(0x0000006867400000,0x0000006867500000)]
  0x000001d28786a000 JavaThread "stderr" [_thread_blocked, id=12708, stack(0x0000006867500000,0x0000006867600000)]
  0x000001d28cd77800 JavaThread "stdout" [_thread_in_native, id=8976, stack(0x0000006867600000,0x0000006867700000)]

Other Threads:
=>0x000001d2844dc800 VMThread "VM Thread" [stack: 0x0000006861900000,0x0000006861a00000] [id=6916]
  0x000001d284ff0800 WatcherThread [stack: 0x0000006862300000,0x0000006862400000] [id=11532]
  0x000001d2e8998000 GCTaskThread "GC Thread#0" [stack: 0x0000006861400000,0x0000006861500000] [id=13116]
  0x000001d2855b6800 GCTaskThread "GC Thread#1" [stack: 0x0000006862400000,0x0000006862500000] [id=12572]
  0x000001d28551f800 GCTaskThread "GC Thread#2" [stack: 0x0000006862500000,0x0000006862600000] [id=3188]
  0x000001d28709b800 GCTaskThread "GC Thread#3" [stack: 0x0000006863000000,0x0000006863100000] [id=6300]
  0x000001d2e89c7800 ConcurrentGCThread "G1 Main Marker" [stack: 0x0000006861500000,0x0000006861600000] [id=11744]
  0x000001d2e89ca000 ConcurrentGCThread "G1 Conc#0" [stack: 0x0000006861600000,0x0000006861700000] [id=6672]
  0x000001d2e8a59800 ConcurrentGCThread "G1 Refine#0" [stack: 0x0000006861700000,0x0000006861800000] [id=12896]
  0x000001d2e8a5b000 ConcurrentGCThread "G1 Young RemSet Sampling" [stack: 0x0000006861800000,0x0000006861900000] [id=436]

Threads with active compile tasks:

VM state:at safepoint (normal execution)

VM Mutex/Monitor currently owned by a thread:  ([mutex/lock_event])
[0x000001d2e8979e30] Threads_lock - owner thread: 0x000001d2844dc800
[0x000001d2e8979f50] Heap_lock - owner thread: 0x000001d287862800

Heap address: 0x0000000080000000, size: 2048 MB, Compressed Oops mode: 32-bit
Narrow klass base: 0x0000000000000000, Narrow klass shift: 3
Compressed class space size: 1073741824 Address: 0x0000000100000000

Heap:
 garbage-first heap   total 684032K, used 249234K [0x0000000080000000, 0x0000000100000000)
  region size 1024K, 2 young (2048K), 2 survivors (2048K)
 Metaspace       used 138203K, capacity 141664K, committed 141940K, reserved 1173504K
  class space    used 17050K, capacity 18318K, committed 18432K, reserved 1048576K
Heap Regions: E=young(eden), S=young(survivor), O=old, HS=humongous(starts), HC=humongous(continues), CS=collection set, F=free, A=archive, TAMS=top-at-mark-start (previous, next)
|   0|0x0000000080000000, 0x0000000080100000, 0x0000000080100000|100%|HS|  |TAMS 0x0000000080100000, 0x0000000080000000| Complete 
|   1|0x0000000080100000, 0x0000000080200000, 0x0000000080200000|100%|HC|  |TAMS 0x0000000080200000, 0x0000000080100000| Complete 
|   2|0x0000000080200000, 0x0000000080300000, 0x0000000080300000|100%|HC|  |TAMS 0x0000000080300000, 0x0000000080200000| Complete 
|   3|0x0000000080300000, 0x0000000080400000, 0x0000000080400000|100%| O|  |TAMS 0x0000000080400000, 0x0000000080300000| Untracked 
|   4|0x0000000080400000, 0x0000000080500000, 0x0000000080500000|100%| O|  |TAMS 0x0000000080500000, 0x0000000080400000| Untracked 
|   5|0x0000000080500000, 0x0000000080600000, 0x0000000080600000|100%| O|  |TAMS 0x0000000080600000, 0x0000000080500000| Untracked 
|   6|0x0000000080600000, 0x0000000080700000, 0x0000000080700000|100%| O|  |TAMS 0x0000000080700000, 0x0000000080600000| Untracked 
|   7|0x0000000080700000, 0x0000000080800000, 0x0000000080800000|100%| O|  |TAMS 0x0000000080800000, 0x0000000080700000| Untracked 
|   8|0x0000000080800000, 0x0000000080900000, 0x0000000080900000|100%| O|  |TAMS 0x0000000080900000, 0x0000000080800000| Untracked 
|   9|0x0000000080900000, 0x0000000080a00000, 0x0000000080a00000|100%| O|  |TAMS 0x0000000080a00000, 0x0000000080900000| Untracked 
|  10|0x0000000080a00000, 0x0000000080b00000, 0x0000000080b00000|100%| O|  |TAMS 0x0000000080b00000, 0x0000000080a00000| Untracked 
|  11|0x0000000080b00000, 0x0000000080c00000, 0x0000000080c00000|100%| O|  |TAMS 0x0000000080c00000, 0x0000000080b00000| Untracked 
|  12|0x0000000080c00000, 0x0000000080d00000, 0x0000000080d00000|100%| O|  |TAMS 0x0000000080d00000, 0x0000000080c00000| Untracked 
|  13|0x0000000080d00000, 0x0000000080e00000, 0x0000000080e00000|100%| O|  |TAMS 0x0000000080e00000, 0x0000000080d00000| Untracked 
|  14|0x0000000080e00000, 0x0000000080f00000, 0x0000000080f00000|100%| O|  |TAMS 0x0000000080f00000, 0x0000000080e00000| Untracked 
|  15|0x0000000080f00000, 0x0000000081000000, 0x0000000081000000|100%| O|  |TAMS 0x0000000081000000, 0x0000000080f00000| Complete 
|  16|0x0000000081000000, 0x0000000081100000, 0x0000000081100000|100%|HS|  |TAMS 0x0000000081100000, 0x0000000081000000| Complete 
|  17|0x0000000081100000, 0x0000000081200000, 0x0000000081200000|100%|HC|  |TAMS 0x0000000081200000, 0x0000000081100000| Complete 
|  18|0x0000000081200000, 0x0000000081300000, 0x0000000081300000|100%|HS|  |TAMS 0x0000000081300000, 0x0000000081200000| Complete 
|  19|0x0000000081300000, 0x0000000081400000, 0x0000000081400000|100%|HC|  |TAMS 0x0000000081400000, 0x0000000081300000| Complete 
|  20|0x0000000081400000, 0x0000000081500000, 0x0000000081500000|100%|HC|  |TAMS 0x0000000081500000, 0x0000000081400000| Complete 
|  21|0x0000000081500000, 0x0000000081600000, 0x0000000081600000|100%|HS|  |TAMS 0x0000000081600000, 0x0000000081500000| Complete 
|  22|0x0000000081600000, 0x0000000081700000, 0x0000000081700000|100%|HC|  |TAMS 0x0000000081700000, 0x0000000081600000| Complete 
|  23|0x0000000081700000, 0x0000000081800000, 0x0000000081800000|100%|HC|  |TAMS 0x0000000081800000, 0x0000000081700000| Complete 
|  24|0x0000000081800000, 0x0000000081900000, 0x0000000081900000|100%|HC|  |TAMS 0x0000000081900000, 0x0000000081800000| Complete 
|  25|0x0000000081900000, 0x0000000081a00000, 0x0000000081a00000|100%| O|  |TAMS 0x0000000081a00000, 0x0000000081900000| Complete 
|  26|0x0000000081a00000, 0x0000000081b00000, 0x0000000081b00000|100%| O|  |TAMS 0x0000000081b00000, 0x0000000081a00000| Complete 
|  27|0x0000000081b00000, 0x0000000081c00000, 0x0000000081c00000|100%| O|  |TAMS 0x0000000081c00000, 0x0000000081b00000| Untracked 
|  28|0x0000000081c00000, 0x0000000081d00000, 0x0000000081d00000|100%| O|  |TAMS 0x0000000081d00000, 0x0000000081c00000| Untracked 
|  29|0x0000000081d00000, 0x0000000081e00000, 0x0000000081e00000|100%| O|  |TAMS 0x0000000081e00000, 0x0000000081d00000| Complete 
|  30|0x0000000081e00000, 0x0000000081f00000, 0x0000000081f00000|100%| O|  |TAMS 0x0000000081f00000, 0x0000000081e00000| Complete 
|  31|0x0000000081f00000, 0x0000000082000000, 0x0000000082000000|100%| O|  |TAMS 0x0000000082000000, 0x0000000081f00000| Untracked 
|  32|0x0000000082000000, 0x0000000082100000, 0x0000000082100000|100%| O|  |TAMS 0x0000000082100000, 0x0000000082000000| Untracked 
|  33|0x0000000082100000, 0x0000000082200000, 0x0000000082200000|100%| O|  |TAMS 0x0000000082200000, 0x0000000082100000| Untracked 
|  34|0x0000000082200000, 0x0000000082300000, 0x0000000082300000|100%| O|  |TAMS 0x0000000082300000, 0x0000000082200000| Untracked 
|  35|0x0000000082300000, 0x0000000082400000, 0x0000000082400000|100%| O|  |TAMS 0x0000000082400000, 0x0000000082300000| Complete 
|  36|0x0000000082400000, 0x0000000082500000, 0x0000000082500000|100%|HS|  |TAMS 0x0000000082500000, 0x0000000082400000| Complete 
|  37|0x0000000082500000, 0x0000000082600000, 0x0000000082600000|100%| O|  |TAMS 0x0000000082600000, 0x0000000082500000| Untracked 
|  38|0x0000000082600000, 0x0000000082700000, 0x0000000082700000|100%| O|  |TAMS 0x0000000082700000, 0x0000000082600000| Complete 
|  39|0x0000000082700000, 0x0000000082800000, 0x0000000082800000|100%| O|  |TAMS 0x0000000082800000, 0x0000000082700000| Untracked 
|  40|0x0000000082800000, 0x0000000082900000, 0x0000000082900000|100%| O|  |TAMS 0x0000000082900000, 0x0000000082800000| Untracked 
|  41|0x0000000082900000, 0x0000000082a00000, 0x0000000082a00000|100%| O|  |TAMS 0x0000000082a00000, 0x0000000082900000| Complete 
|  42|0x0000000082a00000, 0x0000000082b00000, 0x0000000082b00000|100%| O|  |TAMS 0x0000000082b00000, 0x0000000082a00000| Untracked 
|  43|0x0000000082b00000, 0x0000000082c00000, 0x0000000082c00000|100%|HS|  |TAMS 0x0000000082c00000, 0x0000000082b00000| Complete 
|  44|0x0000000082c00000, 0x0000000082d00000, 0x0000000082d00000|100%|HS|  |TAMS 0x0000000082d00000, 0x0000000082c00000| Complete 
|  45|0x0000000082d00000, 0x0000000082e00000, 0x0000000082e00000|100%|HS|  |TAMS 0x0000000082e00000, 0x0000000082d00000| Complete 
|  46|0x0000000082e00000, 0x0000000082f00000, 0x0000000082f00000|100%| O|  |TAMS 0x0000000082f00000, 0x0000000082e00000| Untracked 
|  47|0x0000000082f00000, 0x0000000083000000, 0x0000000083000000|100%| O|  |TAMS 0x0000000083000000, 0x0000000082f00000| Untracked 
|  48|0x0000000083000000, 0x0000000083100000, 0x0000000083100000|100%| O|  |TAMS 0x0000000083100000, 0x0000000083000000| Untracked 
|  49|0x0000000083100000, 0x0000000083200000, 0x0000000083200000|100%| O|  |TAMS 0x0000000083200000, 0x0000000083100000| Untracked 
|  50|0x0000000083200000, 0x0000000083300000, 0x0000000083300000|100%| O|  |TAMS 0x0000000083300000, 0x0000000083200000| Untracked 
|  51|0x0000000083300000, 0x0000000083400000, 0x0000000083400000|100%| O|  |TAMS 0x0000000083400000, 0x0000000083300000| Untracked 
|  52|0x0000000083400000, 0x0000000083500000, 0x0000000083500000|100%| O|  |TAMS 0x0000000083500000, 0x0000000083400000| Untracked 
|  53|0x0000000083500000, 0x0000000083600000, 0x0000000083600000|100%| O|  |TAMS 0x0000000083600000, 0x0000000083500000| Complete 
|  54|0x0000000083600000, 0x0000000083700000, 0x0000000083700000|100%| O|  |TAMS 0x0000000083700000, 0x0000000083600000| Untracked 
|  55|0x0000000083700000, 0x0000000083800000, 0x0000000083800000|100%|HS|  |TAMS 0x0000000083800000, 0x0000000083700000| Complete 
|  56|0x0000000083800000, 0x0000000083900000, 0x0000000083900000|100%|HC|  |TAMS 0x0000000083900000, 0x0000000083800000| Complete 
|  57|0x0000000083900000, 0x0000000083a00000, 0x0000000083a00000|100%|HC|  |TAMS 0x0000000083a00000, 0x0000000083900000| Complete 
|  58|0x0000000083a00000, 0x0000000083b00000, 0x0000000083b00000|100%|HS|  |TAMS 0x0000000083b00000, 0x0000000083a00000| Complete 
|  59|0x0000000083b00000, 0x0000000083c00000, 0x0000000083c00000|100%| O|  |TAMS 0x0000000083c00000, 0x0000000083b00000| Complete 
|  60|0x0000000083c00000, 0x0000000083d00000, 0x0000000083d00000|100%|HS|  |TAMS 0x0000000083d00000, 0x0000000083c00000| Complete 
|  61|0x0000000083d00000, 0x0000000083e00000, 0x0000000083e00000|100%|HC|  |TAMS 0x0000000083e00000, 0x0000000083d00000| Complete 
|  62|0x0000000083e00000, 0x0000000083f00000, 0x0000000083f00000|100%|HC|  |TAMS 0x0000000083f00000, 0x0000000083e00000| Complete 
|  63|0x0000000083f00000, 0x0000000084000000, 0x0000000084000000|100%|HC|  |TAMS 0x0000000084000000, 0x0000000083f00000| Complete 
|  64|0x0000000084000000, 0x0000000084100000, 0x0000000084100000|100%|HS|  |TAMS 0x0000000084100000, 0x0000000084000000| Complete 
|  65|0x0000000084100000, 0x0000000084200000, 0x0000000084200000|100%|HC|  |TAMS 0x0000000084200000, 0x0000000084100000| Complete 
|  66|0x0000000084200000, 0x0000000084300000, 0x0000000084300000|100%|HC|  |TAMS 0x0000000084300000, 0x0000000084200000| Complete 
|  67|0x0000000084300000, 0x0000000084400000, 0x0000000084400000|100%|HS|  |TAMS 0x0000000084400000, 0x0000000084300000| Complete 
|  68|0x0000000084400000, 0x0000000084500000, 0x0000000084500000|100%|HC|  |TAMS 0x0000000084500000, 0x0000000084400000| Complete 
|  69|0x0000000084500000, 0x0000000084600000, 0x0000000084600000|100%| O|  |TAMS 0x0000000084600000, 0x0000000084500000| Untracked 
|  70|0x0000000084600000, 0x0000000084700000, 0x0000000084700000|100%| O|  |TAMS 0x0000000084700000, 0x0000000084600000| Untracked 
|  71|0x0000000084700000, 0x0000000084700000, 0x0000000084800000|  0%| F|  |TAMS 0x0000000084700000, 0x0000000084700000| Untracked 
|  72|0x0000000084800000, 0x0000000084900000, 0x0000000084900000|100%| O|  |TAMS 0x0000000084900000, 0x0000000084800000| Complete 
|  73|0x0000000084900000, 0x0000000084a00000, 0x0000000084a00000|100%| O|  |TAMS 0x0000000084a00000, 0x0000000084900000| Complete 
|  74|0x0000000084a00000, 0x0000000084b00000, 0x0000000084b00000|100%| O|  |TAMS 0x0000000084b00000, 0x0000000084a00000| Complete 
|  75|0x0000000084b00000, 0x0000000084c00000, 0x0000000084c00000|100%| O|  |TAMS 0x0000000084c00000, 0x0000000084b00000| Untracked 
|  76|0x0000000084c00000, 0x0000000084d00000, 0x0000000084d00000|100%| O|  |TAMS 0x0000000084d00000, 0x0000000084c00000| Untracked 
|  77|0x0000000084d00000, 0x0000000084e00000, 0x0000000084e00000|100%| O|  |TAMS 0x0000000084e00000, 0x0000000084d00000| Untracked 
|  78|0x0000000084e00000, 0x0000000084f00000, 0x0000000084f00000|100%| O|  |TAMS 0x0000000084f00000, 0x0000000084e00000| Complete 
|  79|0x0000000084f00000, 0x0000000085000000, 0x0000000085000000|100%| O|  |TAMS 0x0000000085000000, 0x0000000084f00000| Complete 
|  80|0x0000000085000000, 0x0000000085100000, 0x0000000085100000|100%| O|  |TAMS 0x0000000085100000, 0x0000000085000000| Untracked 
|  81|0x0000000085100000, 0x0000000085200000, 0x0000000085200000|100%| O|  |TAMS 0x0000000085200000, 0x0000000085100000| Untracked 
|  82|0x0000000085200000, 0x0000000085300000, 0x0000000085300000|100%| O|  |TAMS 0x0000000085300000, 0x0000000085200000| Complete 
|  83|0x0000000085300000, 0x0000000085400000, 0x0000000085400000|100%| O|  |TAMS 0x0000000085400000, 0x0000000085300000| Complete 
|  84|0x0000000085400000, 0x0000000085500000, 0x0000000085500000|100%| O|  |TAMS 0x0000000085500000, 0x0000000085400000| Untracked 
|  85|0x0000000085500000, 0x0000000085600000, 0x0000000085600000|100%| O|  |TAMS 0x0000000085600000, 0x0000000085500000| Untracked 
|  86|0x0000000085600000, 0x0000000085700000, 0x0000000085700000|100%| O|  |TAMS 0x0000000085700000, 0x0000000085600000| Complete 
|  87|0x0000000085700000, 0x0000000085800000, 0x0000000085800000|100%| O|  |TAMS 0x0000000085800000, 0x0000000085700000| Complete 
|  88|0x0000000085800000, 0x0000000085900000, 0x0000000085900000|100%| O|  |TAMS 0x0000000085900000, 0x0000000085800000| Complete 
|  89|0x0000000085900000, 0x0000000085a00000, 0x0000000085a00000|100%| O|  |TAMS 0x0000000085a00000, 0x0000000085900000| Complete 
|  90|0x0000000085a00000, 0x0000000085b00000, 0x0000000085b00000|100%| O|  |TAMS 0x0000000085b00000, 0x0000000085a00000| Untracked 
|  91|0x0000000085b00000, 0x0000000085c00000, 0x0000000085c00000|100%| O|  |TAMS 0x0000000085c00000, 0x0000000085b00000| Complete 
|  92|0x0000000085c00000, 0x0000000085d00000, 0x0000000085d00000|100%| O|  |TAMS 0x0000000085d00000, 0x0000000085c00000| Untracked 
|  93|0x0000000085d00000, 0x0000000085e00000, 0x0000000085e00000|100%| O|  |TAMS 0x0000000085e00000, 0x0000000085d00000| Untracked 
|  94|0x0000000085e00000, 0x0000000085f00000, 0x0000000085f00000|100%| O|  |TAMS 0x0000000085f00000, 0x0000000085e00000| Untracked 
|  95|0x0000000085f00000, 0x0000000086000000, 0x0000000086000000|100%| O|  |TAMS 0x0000000086000000, 0x0000000085f00000| Untracked 
|  96|0x0000000086000000, 0x0000000086100000, 0x0000000086100000|100%|HS|  |TAMS 0x0000000086100000, 0x0000000086000000| Complete 
|  97|0x0000000086100000, 0x0000000086200000, 0x0000000086200000|100%|HC|  |TAMS 0x0000000086200000, 0x0000000086100000| Complete 
|  98|0x0000000086200000, 0x0000000086300000, 0x0000000086300000|100%|HS|  |TAMS 0x0000000086300000, 0x0000000086200000| Complete 
|  99|0x0000000086300000, 0x0000000086400000, 0x0000000086400000|100%|HC|  |TAMS 0x0000000086400000, 0x0000000086300000| Complete 
| 100|0x0000000086400000, 0x0000000086500000, 0x0000000086500000|100%|HC|  |TAMS 0x0000000086500000, 0x0000000086400000| Complete 
| 101|0x0000000086500000, 0x0000000086600000, 0x0000000086600000|100%| O|  |TAMS 0x0000000086600000, 0x0000000086500000| Complete 
| 102|0x0000000086600000, 0x0000000086700000, 0x0000000086700000|100%| O|  |TAMS 0x0000000086700000, 0x0000000086600000| Untracked 
| 103|0x0000000086700000, 0x0000000086800000, 0x0000000086800000|100%|HS|  |TAMS 0x0000000086800000, 0x0000000086700000| Complete 
| 104|0x0000000086800000, 0x0000000086900000, 0x0000000086900000|100%|HC|  |TAMS 0x0000000086900000, 0x0000000086800000| Complete 
| 105|0x0000000086900000, 0x0000000086a00000, 0x0000000086a00000|100%|HC|  |TAMS 0x0000000086a00000, 0x0000000086900000| Complete 
| 106|0x0000000086a00000, 0x0000000086b00000, 0x0000000086b00000|100%|HC|  |TAMS 0x0000000086b00000, 0x0000000086a00000| Complete 
| 107|0x0000000086b00000, 0x0000000086c00000, 0x0000000086c00000|100%| O|  |TAMS 0x0000000086c00000, 0x0000000086b00000| Complete 
| 108|0x0000000086c00000, 0x0000000086d00000, 0x0000000086d00000|100%| O|  |TAMS 0x0000000086d00000, 0x0000000086c00000| Untracked 
| 109|0x0000000086d00000, 0x0000000086e00000, 0x0000000086e00000|100%| O|  |TAMS 0x0000000086e00000, 0x0000000086d00000| Untracked 
| 110|0x0000000086e00000, 0x0000000086f00000, 0x0000000086f00000|100%| O|  |TAMS 0x0000000086f00000, 0x0000000086e00000| Complete 
| 111|0x0000000086f00000, 0x0000000087000000, 0x0000000087000000|100%| O|  |TAMS 0x0000000087000000, 0x0000000086f00000| Untracked 
| 112|0x0000000087000000, 0x0000000087100000, 0x0000000087100000|100%| O|  |TAMS 0x0000000087100000, 0x0000000087000000| Untracked 
| 113|0x0000000087100000, 0x0000000087200000, 0x0000000087200000|100%| O|  |TAMS 0x0000000087200000, 0x0000000087100000| Untracked 
| 114|0x0000000087200000, 0x0000000087300000, 0x0000000087300000|100%| O|  |TAMS 0x0000000087300000, 0x0000000087200000| Untracked 
| 115|0x0000000087300000, 0x0000000087400000, 0x0000000087400000|100%| O|  |TAMS 0x0000000087400000, 0x0000000087300000| Untracked 
| 116|0x0000000087400000, 0x0000000087500000, 0x0000000087500000|100%| O|  |TAMS 0x0000000087500000, 0x0000000087400000| Untracked 
| 117|0x0000000087500000, 0x0000000087600000, 0x0000000087600000|100%| O|  |TAMS 0x0000000087600000, 0x0000000087500000| Untracked 
| 118|0x0000000087600000, 0x0000000087700000, 0x0000000087700000|100%| O|  |TAMS 0x0000000087700000, 0x0000000087600000| Complete 
| 119|0x0000000087700000, 0x0000000087800000, 0x0000000087800000|100%| O|  |TAMS 0x0000000087800000, 0x0000000087700000| Untracked 
| 120|0x0000000087800000, 0x0000000087900000, 0x0000000087900000|100%| O|  |TAMS 0x0000000087900000, 0x0000000087800000| Complete 
| 121|0x0000000087900000, 0x0000000087a00000, 0x0000000087a00000|100%| O|  |TAMS 0x0000000087a00000, 0x0000000087900000| Untracked 
| 122|0x0000000087a00000, 0x0000000087b00000, 0x0000000087b00000|100%| O|  |TAMS 0x0000000087b00000, 0x0000000087a00000| Untracked 
| 123|0x0000000087b00000, 0x0000000087c00000, 0x0000000087c00000|100%| O|  |TAMS 0x0000000087c00000, 0x0000000087b00000| Untracked 
| 124|0x0000000087c00000, 0x0000000087d00000, 0x0000000087d00000|100%| O|  |TAMS 0x0000000087d00000, 0x0000000087c00000| Complete 
| 125|0x0000000087d00000, 0x0000000087e00000, 0x0000000087e00000|100%| O|  |TAMS 0x0000000087e00000, 0x0000000087d00000| Untracked 
| 126|0x0000000087e00000, 0x0000000087f00000, 0x0000000087f00000|100%| O|  |TAMS 0x0000000087f00000, 0x0000000087e00000| Untracked 
| 127|0x0000000087f00000, 0x0000000088000000, 0x0000000088000000|100%| O|  |TAMS 0x0000000088000000, 0x0000000087f00000| Untracked 
| 128|0x0000000088000000, 0x0000000088100000, 0x0000000088100000|100%| O|  |TAMS 0x0000000088100000, 0x0000000088000000| Untracked 
| 129|0x0000000088100000, 0x0000000088200000, 0x0000000088200000|100%| O|  |TAMS 0x0000000088200000, 0x0000000088100000| Untracked 
| 130|0x0000000088200000, 0x0000000088300000, 0x0000000088300000|100%| O|  |TAMS 0x0000000088300000, 0x0000000088200000| Complete 
| 131|0x0000000088300000, 0x0000000088400000, 0x0000000088400000|100%| O|  |TAMS 0x0000000088400000, 0x0000000088300000| Untracked 
| 132|0x0000000088400000, 0x0000000088500000, 0x0000000088500000|100%| O|  |TAMS 0x0000000088500000, 0x0000000088400000| Complete 
| 133|0x0000000088500000, 0x0000000088600000, 0x0000000088600000|100%| O|  |TAMS 0x0000000088600000, 0x0000000088500000| Complete 
| 134|0x0000000088600000, 0x0000000088700000, 0x0000000088700000|100%| O|  |TAMS 0x0000000088700000, 0x0000000088600000| Untracked 
| 135|0x0000000088700000, 0x0000000088800000, 0x0000000088800000|100%| O|  |TAMS 0x0000000088800000, 0x0000000088700000| Untracked 
| 136|0x0000000088800000, 0x0000000088900000, 0x0000000088900000|100%| O|  |TAMS 0x0000000088900000, 0x0000000088800000| Untracked 
| 137|0x0000000088900000, 0x0000000088a00000, 0x0000000088a00000|100%| O|  |TAMS 0x0000000088a00000, 0x0000000088900000| Untracked 
| 138|0x0000000088a00000, 0x0000000088b00000, 0x0000000088b00000|100%| O|  |TAMS 0x0000000088b00000, 0x0000000088a00000| Untracked 
| 139|0x0000000088b00000, 0x0000000088c00000, 0x0000000088c00000|100%| O|  |TAMS 0x0000000088c00000, 0x0000000088b00000| Complete 
| 140|0x0000000088c00000, 0x0000000088d00000, 0x0000000088d00000|100%| O|  |TAMS 0x0000000088d00000, 0x0000000088c00000| Untracked 
| 141|0x0000000088d00000, 0x0000000088e00000, 0x0000000088e00000|100%| O|  |TAMS 0x0000000088e00000, 0x0000000088d00000| Untracked 
| 142|0x0000000088e00000, 0x0000000088f00000, 0x0000000088f00000|100%| O|  |TAMS 0x0000000088f00000, 0x0000000088e00000| Untracked 
| 143|0x0000000088f00000, 0x0000000089000000, 0x0000000089000000|100%| O|  |TAMS 0x0000000089000000, 0x0000000088f00000| Complete 
| 144|0x0000000089000000, 0x0000000089100000, 0x0000000089100000|100%| O|  |TAMS 0x0000000089100000, 0x0000000089000000| Untracked 
| 145|0x0000000089100000, 0x0000000089200000, 0x0000000089200000|100%| O|  |TAMS 0x0000000089200000, 0x0000000089100000| Untracked 
| 146|0x0000000089200000, 0x0000000089300000, 0x0000000089300000|100%| O|  |TAMS 0x0000000089300000, 0x0000000089200000| Untracked 
| 147|0x0000000089300000, 0x0000000089400000, 0x0000000089400000|100%| O|  |TAMS 0x0000000089400000, 0x0000000089300000| Complete 
| 148|0x0000000089400000, 0x0000000089500000, 0x0000000089500000|100%| O|  |TAMS 0x0000000089500000, 0x0000000089400000| Untracked 
| 149|0x0000000089500000, 0x0000000089600000, 0x0000000089600000|100%| O|  |TAMS 0x0000000089600000, 0x0000000089500000| Untracked 
| 150|0x0000000089600000, 0x0000000089700000, 0x0000000089700000|100%| O|  |TAMS 0x0000000089700000, 0x0000000089600000| Complete 
| 151|0x0000000089700000, 0x0000000089800000, 0x0000000089800000|100%| O|  |TAMS 0x0000000089800000, 0x0000000089700000| Complete 
| 152|0x0000000089800000, 0x0000000089900000, 0x0000000089900000|100%| O|  |TAMS 0x0000000089900000, 0x0000000089800000| Untracked 
| 153|0x0000000089900000, 0x0000000089a00000, 0x0000000089a00000|100%| O|  |TAMS 0x0000000089a00000, 0x0000000089900000| Complete 
| 154|0x0000000089a00000, 0x0000000089b00000, 0x0000000089b00000|100%| O|  |TAMS 0x0000000089b00000, 0x0000000089a00000| Untracked 
| 155|0x0000000089b00000, 0x0000000089c00000, 0x0000000089c00000|100%| O|  |TAMS 0x0000000089c00000, 0x0000000089b00000| Complete 
| 156|0x0000000089c00000, 0x0000000089d00000, 0x0000000089d00000|100%| O|  |TAMS 0x0000000089d00000, 0x0000000089c00000| Complete 
| 157|0x0000000089d00000, 0x0000000089d00000, 0x0000000089e00000|  0%| F|  |TAMS 0x0000000089d00000, 0x0000000089d00000| Untracked 
| 158|0x0000000089e00000, 0x0000000089f00000, 0x0000000089f00000|100%| O|  |TAMS 0x0000000089f00000, 0x0000000089e00000| Untracked 
| 159|0x0000000089f00000, 0x000000008a000000, 0x000000008a000000|100%| O|  |TAMS 0x000000008a000000, 0x0000000089f00000| Complete 
| 160|0x000000008a000000, 0x000000008a100000, 0x000000008a100000|100%| O|  |TAMS 0x000000008a100000, 0x000000008a000000| Untracked 
| 161|0x000000008a100000, 0x000000008a200000, 0x000000008a200000|100%| O|  |TAMS 0x000000008a200000, 0x000000008a100000| Complete 
| 162|0x000000008a200000, 0x000000008a300000, 0x000000008a300000|100%| O|  |TAMS 0x000000008a300000, 0x000000008a200000| Untracked 
| 163|0x000000008a300000, 0x000000008a400000, 0x000000008a400000|100%| O|  |TAMS 0x000000008a400000, 0x000000008a300000| Untracked 
| 164|0x000000008a400000, 0x000000008a500000, 0x000000008a500000|100%| O|  |TAMS 0x000000008a500000, 0x000000008a400000| Untracked 
| 165|0x000000008a500000, 0x000000008a600000, 0x000000008a600000|100%| O|  |TAMS 0x000000008a600000, 0x000000008a500000| Untracked 
| 166|0x000000008a600000, 0x000000008a700000, 0x000000008a700000|100%| O|  |TAMS 0x000000008a700000, 0x000000008a600000| Untracked 
| 167|0x000000008a700000, 0x000000008a800000, 0x000000008a800000|100%| O|  |TAMS 0x000000008a800000, 0x000000008a700000| Untracked 
| 168|0x000000008a800000, 0x000000008a800000, 0x000000008a900000|  0%| F|  |TAMS 0x000000008a800000, 0x000000008a800000| Untracked 
| 169|0x000000008a900000, 0x000000008aa00000, 0x000000008aa00000|100%| O|  |TAMS 0x000000008aa00000, 0x000000008a900000| Complete 
| 170|0x000000008aa00000, 0x000000008ab00000, 0x000000008ab00000|100%| O|  |TAMS 0x000000008ab00000, 0x000000008aa00000| Untracked 
| 171|0x000000008ab00000, 0x000000008ac00000, 0x000000008ac00000|100%| O|  |TAMS 0x000000008ac00000, 0x000000008ab00000| Untracked 
| 172|0x000000008ac00000, 0x000000008ad00000, 0x000000008ad00000|100%| O|  |TAMS 0x000000008ad00000, 0x000000008ac00000| Complete 
| 173|0x000000008ad00000, 0x000000008ae00000, 0x000000008ae00000|100%| O|  |TAMS 0x000000008ae00000, 0x000000008ad00000| Complete 
| 174|0x000000008ae00000, 0x000000008af00000, 0x000000008af00000|100%| O|  |TAMS 0x000000008af00000, 0x000000008ae00000| Untracked 
| 175|0x000000008af00000, 0x000000008b000000, 0x000000008b000000|100%| O|  |TAMS 0x000000008b000000, 0x000000008af00000| Untracked 
| 176|0x000000008b000000, 0x000000008b000000, 0x000000008b100000|  0%| F|  |TAMS 0x000000008b000000, 0x000000008b000000| Untracked 
| 177|0x000000008b100000, 0x000000008b200000, 0x000000008b200000|100%| O|  |TAMS 0x000000008b200000, 0x000000008b100000| Untracked 
| 178|0x000000008b200000, 0x000000008b300000, 0x000000008b300000|100%| O|  |TAMS 0x000000008b300000, 0x000000008b200000| Untracked 
| 179|0x000000008b300000, 0x000000008b400000, 0x000000008b400000|100%| O|  |TAMS 0x000000008b400000, 0x000000008b300000| Untracked 
| 180|0x000000008b400000, 0x000000008b500000, 0x000000008b500000|100%| O|  |TAMS 0x000000008b500000, 0x000000008b400000| Untracked 
| 181|0x000000008b500000, 0x000000008b600000, 0x000000008b600000|100%| O|  |TAMS 0x000000008b600000, 0x000000008b500000| Untracked 
| 182|0x000000008b600000, 0x000000008b700000, 0x000000008b700000|100%| O|  |TAMS 0x000000008b700000, 0x000000008b600000| Untracked 
| 183|0x000000008b700000, 0x000000008b800000, 0x000000008b800000|100%| O|  |TAMS 0x000000008b800000, 0x000000008b700000| Untracked 
| 184|0x000000008b800000, 0x000000008b900000, 0x000000008b900000|100%| O|  |TAMS 0x000000008b900000, 0x000000008b800000| Complete 
| 185|0x000000008b900000, 0x000000008ba00000, 0x000000008ba00000|100%| O|  |TAMS 0x000000008ba00000, 0x000000008b900000| Complete 
| 186|0x000000008ba00000, 0x000000008bb00000, 0x000000008bb00000|100%| O|  |TAMS 0x000000008bb00000, 0x000000008ba00000| Untracked 
| 187|0x000000008bb00000, 0x000000008bc00000, 0x000000008bc00000|100%| O|  |TAMS 0x000000008bc00000, 0x000000008bb00000| Complete 
| 188|0x000000008bc00000, 0x000000008bd00000, 0x000000008bd00000|100%| O|  |TAMS 0x000000008bd00000, 0x000000008bc00000| Untracked 
| 189|0x000000008bd00000, 0x000000008be00000, 0x000000008be00000|100%| O|  |TAMS 0x000000008be00000, 0x000000008bd00000| Untracked 
| 190|0x000000008be00000, 0x000000008bf00000, 0x000000008bf00000|100%| O|  |TAMS 0x000000008bf00000, 0x000000008be00000| Untracked 
| 191|0x000000008bf00000, 0x000000008c000000, 0x000000008c000000|100%| O|  |TAMS 0x000000008c000000, 0x000000008bf00000| Complete 
| 192|0x000000008c000000, 0x000000008c100000, 0x000000008c100000|100%| O|  |TAMS 0x000000008c100000, 0x000000008c000000| Complete 
| 193|0x000000008c100000, 0x000000008c200000, 0x000000008c200000|100%| O|  |TAMS 0x000000008c200000, 0x000000008c100000| Complete 
| 194|0x000000008c200000, 0x000000008c300000, 0x000000008c300000|100%| O|  |TAMS 0x000000008c300000, 0x000000008c200000| Complete 
| 195|0x000000008c300000, 0x000000008c300000, 0x000000008c400000|  0%| F|  |TAMS 0x000000008c300000, 0x000000008c300000| Untracked 
| 196|0x000000008c400000, 0x000000008c400000, 0x000000008c500000|  0%| F|  |TAMS 0x000000008c400000, 0x000000008c400000| Untracked 
| 197|0x000000008c500000, 0x000000008c500000, 0x000000008c600000|  0%| F|  |TAMS 0x000000008c500000, 0x000000008c500000| Untracked 
| 198|0x000000008c600000, 0x000000008c600000, 0x000000008c700000|  0%| F|  |TAMS 0x000000008c600000, 0x000000008c600000| Untracked 
| 199|0x000000008c700000, 0x000000008c700000, 0x000000008c800000|  0%| F|  |TAMS 0x000000008c700000, 0x000000008c700000| Untracked 
| 200|0x000000008c800000, 0x000000008c900000, 0x000000008c900000|100%| O|  |TAMS 0x000000008c900000, 0x000000008c800000| Untracked 
| 201|0x000000008c900000, 0x000000008ca00000, 0x000000008ca00000|100%| O|  |TAMS 0x000000008ca00000, 0x000000008c900000| Untracked 
| 202|0x000000008ca00000, 0x000000008ca00000, 0x000000008cb00000|  0%| F|  |TAMS 0x000000008ca00000, 0x000000008ca00000| Untracked 
| 203|0x000000008cb00000, 0x000000008cc00000, 0x000000008cc00000|100%| O|  |TAMS 0x000000008cc00000, 0x000000008cb00000| Complete 
| 204|0x000000008cc00000, 0x000000008cd00000, 0x000000008cd00000|100%| O|  |TAMS 0x000000008cd00000, 0x000000008cc00000| Complete 
| 205|0x000000008cd00000, 0x000000008ce00000, 0x000000008ce00000|100%| O|  |TAMS 0x000000008ce00000, 0x000000008cd00000| Complete 
| 206|0x000000008ce00000, 0x000000008cf00000, 0x000000008cf00000|100%| O|  |TAMS 0x000000008cf00000, 0x000000008ce00000| Untracked 
| 207|0x000000008cf00000, 0x000000008d000000, 0x000000008d000000|100%| O|  |TAMS 0x000000008d000000, 0x000000008cf00000| Untracked 
| 208|0x000000008d000000, 0x000000008d100000, 0x000000008d100000|100%| O|  |TAMS 0x000000008d100000, 0x000000008d000000| Complete 
| 209|0x000000008d100000, 0x000000008d200000, 0x000000008d200000|100%| O|  |TAMS 0x000000008d200000, 0x000000008d100000| Untracked 
| 210|0x000000008d200000, 0x000000008d300000, 0x000000008d300000|100%| O|  |TAMS 0x000000008d300000, 0x000000008d200000| Untracked 
| 211|0x000000008d300000, 0x000000008d400000, 0x000000008d400000|100%| O|  |TAMS 0x000000008d400000, 0x000000008d300000| Untracked 
| 212|0x000000008d400000, 0x000000008d500000, 0x000000008d500000|100%| O|  |TAMS 0x000000008d500000, 0x000000008d400000| Untracked 
| 213|0x000000008d500000, 0x000000008d600000, 0x000000008d600000|100%| O|  |TAMS 0x000000008d600000, 0x000000008d500000| Untracked 
| 214|0x000000008d600000, 0x000000008d700000, 0x000000008d700000|100%| O|  |TAMS 0x000000008d700000, 0x000000008d600000| Untracked 
| 215|0x000000008d700000, 0x000000008d800000, 0x000000008d800000|100%| O|  |TAMS 0x000000008d800000, 0x000000008d700000| Untracked 
| 216|0x000000008d800000, 0x000000008d900000, 0x000000008d900000|100%| O|  |TAMS 0x000000008d900000, 0x000000008d800000| Untracked 
| 217|0x000000008d900000, 0x000000008da00000, 0x000000008da00000|100%| O|  |TAMS 0x000000008da00000, 0x000000008d900000| Untracked 
| 218|0x000000008da00000, 0x000000008db00000, 0x000000008db00000|100%| O|  |TAMS 0x000000008db00000, 0x000000008da00000| Untracked 
| 219|0x000000008db00000, 0x000000008dc00000, 0x000000008dc00000|100%| O|  |TAMS 0x000000008dc00000, 0x000000008db00000| Untracked 
| 220|0x000000008dc00000, 0x000000008dd00000, 0x000000008dd00000|100%| O|  |TAMS 0x000000008dcac600, 0x000000008dc00000| Complete 
| 221|0x000000008dd00000, 0x000000008de00000, 0x000000008de00000|100%| O|  |TAMS 0x000000008dd00000, 0x000000008dd00000| Untracked 
| 222|0x000000008de00000, 0x000000008df00000, 0x000000008df00000|100%| O|  |TAMS 0x000000008de00000, 0x000000008de00000| Untracked 
| 223|0x000000008df00000, 0x000000008e000000, 0x000000008e000000|100%| O|  |TAMS 0x000000008df00000, 0x000000008df00000| Untracked 
| 224|0x000000008e000000, 0x000000008e100000, 0x000000008e100000|100%| O|  |TAMS 0x000000008e000000, 0x000000008e000000| Untracked 
| 225|0x000000008e100000, 0x000000008e200000, 0x000000008e200000|100%| O|  |TAMS 0x000000008e100000, 0x000000008e100000| Untracked 
| 226|0x000000008e200000, 0x000000008e300000, 0x000000008e300000|100%| O|  |TAMS 0x000000008e200000, 0x000000008e200000| Untracked 
| 227|0x000000008e300000, 0x000000008e400000, 0x000000008e400000|100%| O|  |TAMS 0x000000008e300000, 0x000000008e300000| Untracked 
| 228|0x000000008e400000, 0x000000008e500000, 0x000000008e500000|100%| O|  |TAMS 0x000000008e400000, 0x000000008e400000| Untracked 
| 229|0x000000008e500000, 0x000000008e600000, 0x000000008e600000|100%| O|  |TAMS 0x000000008e500000, 0x000000008e500000| Untracked 
| 230|0x000000008e600000, 0x000000008e700000, 0x000000008e700000|100%| O|  |TAMS 0x000000008e600000, 0x000000008e600000| Untracked 
| 231|0x000000008e700000, 0x000000008e800000, 0x000000008e800000|100%| O|  |TAMS 0x000000008e700000, 0x000000008e700000| Untracked 
| 232|0x000000008e800000, 0x000000008e900000, 0x000000008e900000|100%| O|  |TAMS 0x000000008e800000, 0x000000008e800000| Untracked 
| 233|0x000000008e900000, 0x000000008ea00000, 0x000000008ea00000|100%| O|  |TAMS 0x000000008e900000, 0x000000008e900000| Untracked 
| 234|0x000000008ea00000, 0x000000008eb00000, 0x000000008eb00000|100%| O|  |TAMS 0x000000008ea00000, 0x000000008ea00000| Untracked 
| 235|0x000000008eb00000, 0x000000008ec00000, 0x000000008ec00000|100%| O|  |TAMS 0x000000008eb00000, 0x000000008eb00000| Untracked 
| 236|0x000000008ec00000, 0x000000008ed00000, 0x000000008ed00000|100%| O|  |TAMS 0x000000008ec00000, 0x000000008ec00000| Untracked 
| 237|0x000000008ed00000, 0x000000008ee00000, 0x000000008ee00000|100%| O|  |TAMS 0x000000008ed00000, 0x000000008ed00000| Untracked 
| 238|0x000000008ee00000, 0x000000008ef00000, 0x000000008ef00000|100%| O|  |TAMS 0x000000008ee00000, 0x000000008ee00000| Untracked 
| 239|0x000000008ef00000, 0x000000008f000000, 0x000000008f000000|100%| O|  |TAMS 0x000000008ef00000, 0x000000008ef00000| Untracked 
| 240|0x000000008f000000, 0x000000008f100000, 0x000000008f100000|100%| O|  |TAMS 0x000000008f000000, 0x000000008f000000| Untracked 
| 241|0x000000008f100000, 0x000000008f200000, 0x000000008f200000|100%| O|  |TAMS 0x000000008f100000, 0x000000008f100000| Untracked 
| 242|0x000000008f200000, 0x000000008f300000, 0x000000008f300000|100%| O|  |TAMS 0x000000008f200000, 0x000000008f200000| Untracked 
| 243|0x000000008f300000, 0x000000008f400000, 0x000000008f400000|100%| O|  |TAMS 0x000000008f300000, 0x000000008f300000| Untracked 
| 244|0x000000008f400000, 0x000000008f500000, 0x000000008f500000|100%| O|  |TAMS 0x000000008f400000, 0x000000008f400000| Untracked 
| 245|0x000000008f500000, 0x000000008f600000, 0x000000008f600000|100%| O|  |TAMS 0x000000008f500000, 0x000000008f500000| Untracked 
| 246|0x000000008f600000, 0x000000008f700000, 0x000000008f700000|100%| O|  |TAMS 0x000000008f600000, 0x000000008f600000| Untracked 
| 247|0x000000008f700000, 0x000000008f800000, 0x000000008f800000|100%| O|  |TAMS 0x000000008f700000, 0x000000008f700000| Untracked 
| 248|0x000000008f800000, 0x000000008f900000, 0x000000008f900000|100%| O|  |TAMS 0x000000008f800000, 0x000000008f800000| Untracked 
| 249|0x000000008f900000, 0x000000008fa00000, 0x000000008fa00000|100%| O|  |TAMS 0x000000008f900000, 0x000000008f900000| Untracked 
| 250|0x000000008fa00000, 0x000000008fb00000, 0x000000008fb00000|100%| O|  |TAMS 0x000000008fa00000, 0x000000008fa00000| Untracked 
| 251|0x000000008fb00000, 0x000000008fb64a00, 0x000000008fc00000| 39%| O|  |TAMS 0x000000008fb00000, 0x000000008fb00000| Untracked 
| 252|0x000000008fc00000, 0x000000008fc00000, 0x000000008fd00000|  0%| F|  |TAMS 0x000000008fc00000, 0x000000008fc00000| Untracked 
| 253|0x000000008fd00000, 0x000000008fd00000, 0x000000008fe00000|  0%| F|  |TAMS 0x000000008fd00000, 0x000000008fd00000| Untracked 
| 254|0x000000008fe00000, 0x000000008fe00000, 0x000000008ff00000|  0%| F|  |TAMS 0x000000008fe00000, 0x000000008fe00000| Untracked 
| 255|0x000000008ff00000, 0x000000008ff00000, 0x0000000090000000|  0%| F|  |TAMS 0x000000008ff00000, 0x000000008ff00000| Untracked 
| 256|0x0000000090000000, 0x0000000090000000, 0x0000000090100000|  0%| F|  |TAMS 0x0000000090000000, 0x0000000090000000| Untracked 
| 257|0x0000000090100000, 0x0000000090100000, 0x0000000090200000|  0%| F|  |TAMS 0x0000000090100000, 0x0000000090100000| Untracked 
| 258|0x0000000090200000, 0x0000000090200000, 0x0000000090300000|  0%| F|  |TAMS 0x0000000090200000, 0x0000000090200000| Untracked 
| 259|0x0000000090300000, 0x0000000090300000, 0x0000000090400000|  0%| F|  |TAMS 0x0000000090300000, 0x0000000090300000| Untracked 
| 260|0x0000000090400000, 0x0000000090400000, 0x0000000090500000|  0%| F|  |TAMS 0x0000000090400000, 0x0000000090400000| Untracked 
| 261|0x0000000090500000, 0x0000000090500000, 0x0000000090600000|  0%| F|  |TAMS 0x0000000090500000, 0x0000000090500000| Untracked 
| 262|0x0000000090600000, 0x0000000090600000, 0x0000000090700000|  0%| F|  |TAMS 0x0000000090600000, 0x0000000090600000| Untracked 
| 263|0x0000000090700000, 0x0000000090700000, 0x0000000090800000|  0%| F|  |TAMS 0x0000000090700000, 0x0000000090700000| Untracked 
| 264|0x0000000090800000, 0x0000000090800000, 0x0000000090900000|  0%| F|  |TAMS 0x0000000090800000, 0x0000000090800000| Untracked 
| 265|0x0000000090900000, 0x0000000090900000, 0x0000000090a00000|  0%| F|  |TAMS 0x0000000090900000, 0x0000000090900000| Untracked 
| 266|0x0000000090a00000, 0x0000000090a00000, 0x0000000090b00000|  0%| F|  |TAMS 0x0000000090a00000, 0x0000000090a00000| Untracked 
| 267|0x0000000090b00000, 0x0000000090b00000, 0x0000000090c00000|  0%| F|  |TAMS 0x0000000090b00000, 0x0000000090b00000| Untracked 
| 268|0x0000000090c00000, 0x0000000090c00000, 0x0000000090d00000|  0%| F|  |TAMS 0x0000000090c00000, 0x0000000090c00000| Untracked 
| 269|0x0000000090d00000, 0x0000000090d00000, 0x0000000090e00000|  0%| F|  |TAMS 0x0000000090d00000, 0x0000000090d00000| Untracked 
| 270|0x0000000090e00000, 0x0000000090e00000, 0x0000000090f00000|  0%| F|  |TAMS 0x0000000090e00000, 0x0000000090e00000| Untracked 
| 271|0x0000000090f00000, 0x0000000090f00000, 0x0000000091000000|  0%| F|  |TAMS 0x0000000090f00000, 0x0000000090f00000| Untracked 
| 272|0x0000000091000000, 0x0000000091000000, 0x0000000091100000|  0%| F|  |TAMS 0x0000000091000000, 0x0000000091000000| Untracked 
| 273|0x0000000091100000, 0x0000000091100000, 0x0000000091200000|  0%| F|  |TAMS 0x0000000091100000, 0x0000000091100000| Untracked 
| 274|0x0000000091200000, 0x0000000091200000, 0x0000000091300000|  0%| F|  |TAMS 0x0000000091200000, 0x0000000091200000| Untracked 
| 275|0x0000000091300000, 0x0000000091300000, 0x0000000091400000|  0%| F|  |TAMS 0x0000000091300000, 0x0000000091300000| Untracked 
| 276|0x0000000091400000, 0x0000000091400000, 0x0000000091500000|  0%| F|  |TAMS 0x0000000091400000, 0x0000000091400000| Untracked 
| 277|0x0000000091500000, 0x0000000091500000, 0x0000000091600000|  0%| F|  |TAMS 0x0000000091500000, 0x0000000091500000| Untracked 
| 278|0x0000000091600000, 0x0000000091600000, 0x0000000091700000|  0%| F|  |TAMS 0x0000000091600000, 0x0000000091600000| Untracked 
| 279|0x0000000091700000, 0x0000000091700000, 0x0000000091800000|  0%| F|  |TAMS 0x0000000091700000, 0x0000000091700000| Untracked 
| 280|0x0000000091800000, 0x0000000091800000, 0x0000000091900000|  0%| F|  |TAMS 0x0000000091800000, 0x0000000091800000| Untracked 
| 281|0x0000000091900000, 0x0000000091900000, 0x0000000091a00000|  0%| F|  |TAMS 0x0000000091900000, 0x0000000091900000| Untracked 
| 282|0x0000000091a00000, 0x0000000091a00000, 0x0000000091b00000|  0%| F|  |TAMS 0x0000000091a00000, 0x0000000091a00000| Untracked 
| 283|0x0000000091b00000, 0x0000000091b00000, 0x0000000091c00000|  0%| F|  |TAMS 0x0000000091b00000, 0x0000000091b00000| Untracked 
| 284|0x0000000091c00000, 0x0000000091c00000, 0x0000000091d00000|  0%| F|  |TAMS 0x0000000091c00000, 0x0000000091c00000| Untracked 
| 285|0x0000000091d00000, 0x0000000091d00000, 0x0000000091e00000|  0%| F|  |TAMS 0x0000000091d00000, 0x0000000091d00000| Untracked 
| 286|0x0000000091e00000, 0x0000000091e00000, 0x0000000091f00000|  0%| F|  |TAMS 0x0000000091e00000, 0x0000000091e00000| Untracked 
| 287|0x0000000091f00000, 0x0000000091f00000, 0x0000000092000000|  0%| F|  |TAMS 0x0000000091f00000, 0x0000000091f00000| Untracked 
| 288|0x0000000092000000, 0x0000000092000000, 0x0000000092100000|  0%| F|  |TAMS 0x0000000092000000, 0x0000000092000000| Untracked 
| 289|0x0000000092100000, 0x0000000092100000, 0x0000000092200000|  0%| F|  |TAMS 0x0000000092100000, 0x0000000092100000| Untracked 
| 290|0x0000000092200000, 0x0000000092200000, 0x0000000092300000|  0%| F|  |TAMS 0x0000000092200000, 0x0000000092200000| Untracked 
| 291|0x0000000092300000, 0x0000000092300000, 0x0000000092400000|  0%| F|  |TAMS 0x0000000092300000, 0x0000000092300000| Untracked 
| 292|0x0000000092400000, 0x0000000092400000, 0x0000000092500000|  0%| F|  |TAMS 0x0000000092400000, 0x0000000092400000| Untracked 
| 293|0x0000000092500000, 0x0000000092500000, 0x0000000092600000|  0%| F|  |TAMS 0x0000000092500000, 0x0000000092500000| Untracked 
| 294|0x0000000092600000, 0x0000000092600000, 0x0000000092700000|  0%| F|  |TAMS 0x0000000092600000, 0x0000000092600000| Untracked 
| 295|0x0000000092700000, 0x0000000092700000, 0x0000000092800000|  0%| F|  |TAMS 0x0000000092700000, 0x0000000092700000| Untracked 
| 296|0x0000000092800000, 0x0000000092800000, 0x0000000092900000|  0%| F|  |TAMS 0x0000000092800000, 0x0000000092800000| Untracked 
| 297|0x0000000092900000, 0x0000000092900000, 0x0000000092a00000|  0%| F|  |TAMS 0x0000000092900000, 0x0000000092900000| Untracked 
| 298|0x0000000092a00000, 0x0000000092a00000, 0x0000000092b00000|  0%| F|  |TAMS 0x0000000092a00000, 0x0000000092a00000| Untracked 
| 299|0x0000000092b00000, 0x0000000092b00000, 0x0000000092c00000|  0%| F|  |TAMS 0x0000000092b00000, 0x0000000092b00000| Untracked 
| 300|0x0000000092c00000, 0x0000000092c00000, 0x0000000092d00000|  0%| F|  |TAMS 0x0000000092c00000, 0x0000000092c00000| Untracked 
| 301|0x0000000092d00000, 0x0000000092d00000, 0x0000000092e00000|  0%| F|  |TAMS 0x0000000092d00000, 0x0000000092d00000| Untracked 
| 302|0x0000000092e00000, 0x0000000092e00000, 0x0000000092f00000|  0%| F|  |TAMS 0x0000000092e00000, 0x0000000092e00000| Untracked 
| 303|0x0000000092f00000, 0x0000000092f00000, 0x0000000093000000|  0%| F|  |TAMS 0x0000000092f00000, 0x0000000092f00000| Untracked 
| 304|0x0000000093000000, 0x0000000093000000, 0x0000000093100000|  0%| F|  |TAMS 0x0000000093000000, 0x0000000093000000| Untracked 
| 305|0x0000000093100000, 0x0000000093100000, 0x0000000093200000|  0%| F|  |TAMS 0x0000000093100000, 0x0000000093100000| Untracked 
| 306|0x0000000093200000, 0x0000000093200000, 0x0000000093300000|  0%| F|  |TAMS 0x0000000093200000, 0x0000000093200000| Untracked 
| 307|0x0000000093300000, 0x0000000093400000, 0x0000000093400000|100%| S|CS|TAMS 0x0000000093300000, 0x0000000093300000| Complete 
| 308|0x0000000093400000, 0x0000000093500000, 0x0000000093500000|100%| S|CS|TAMS 0x0000000093400000, 0x0000000093400000| Complete 
| 309|0x0000000093500000, 0x0000000093500000, 0x0000000093600000|  0%| F|  |TAMS 0x0000000093500000, 0x0000000093500000| Untracked 
| 310|0x0000000093600000, 0x0000000093600000, 0x0000000093700000|  0%| F|  |TAMS 0x0000000093600000, 0x0000000093600000| Untracked 
| 311|0x0000000093700000, 0x0000000093700000, 0x0000000093800000|  0%| F|  |TAMS 0x0000000093700000, 0x0000000093700000| Untracked 
| 312|0x0000000093800000, 0x0000000093800000, 0x0000000093900000|  0%| F|  |TAMS 0x0000000093800000, 0x0000000093800000| Untracked 
| 313|0x0000000093900000, 0x0000000093900000, 0x0000000093a00000|  0%| F|  |TAMS 0x0000000093900000, 0x0000000093900000| Untracked 
| 314|0x0000000093a00000, 0x0000000093a00000, 0x0000000093b00000|  0%| F|  |TAMS 0x0000000093a00000, 0x0000000093a00000| Untracked 
| 315|0x0000000093b00000, 0x0000000093b00000, 0x0000000093c00000|  0%| F|  |TAMS 0x0000000093b00000, 0x0000000093b00000| Untracked 
| 316|0x0000000093c00000, 0x0000000093c00000, 0x0000000093d00000|  0%| F|  |TAMS 0x0000000093c00000, 0x0000000093c00000| Untracked 
| 317|0x0000000093d00000, 0x0000000093d00000, 0x0000000093e00000|  0%| F|  |TAMS 0x0000000093d00000, 0x0000000093d00000| Untracked 
| 318|0x0000000093e00000, 0x0000000093e00000, 0x0000000093f00000|  0%| F|  |TAMS 0x0000000093e00000, 0x0000000093e00000| Untracked 
| 319|0x0000000093f00000, 0x0000000093f00000, 0x0000000094000000|  0%| F|  |TAMS 0x0000000093f00000, 0x0000000093f00000| Untracked 
| 320|0x0000000094000000, 0x0000000094000000, 0x0000000094100000|  0%| F|  |TAMS 0x0000000094000000, 0x0000000094000000| Untracked 

Card table byte_map: [0x000001d2fd680000,0x000001d2fda80000] _byte_map_base: 0x000001d2fd280000

Marking Bits (Prev, Next): (CMBitMap*) 0x000001d2e89bec48, (CMBitMap*) 0x000001d2e89bec80
 Prev Bits: [0x000001d2fde80000, 0x000001d2ffe80000)
 Next Bits: [0x000001d280000000, 0x000001d282000000)

Polling page: 0x000001d2e8a60000

Metaspace:

Usage:
  Non-class:    120.46 MB capacity,   118.31 MB ( 98%) used,     1.76 MB (  1%) free+waste,   390.69 KB ( <1%) overhead. 
      Class:     17.89 MB capacity,    16.65 MB ( 93%) used,     1.07 MB (  6%) free+waste,   173.31 KB ( <1%) overhead. 
       Both:    138.34 MB capacity,   134.96 MB ( 98%) used,     2.83 MB (  2%) free+waste,   564.00 KB ( <1%) overhead. 

Virtual space:
  Non-class space:      122.00 MB reserved,     120.61 MB ( 99%) committed 
      Class space:        1.00 GB reserved,      18.00 MB (  2%) committed 
             Both:        1.12 GB reserved,     138.61 MB ( 12%) committed 

Chunk freelists:
   Non-Class:  34.00 KB
       Class:  18.00 KB
        Both:  52.00 KB

MaxMetaspaceSize: 17179869184.00 GB
CompressedClassSpaceSize: 1.00 GB

CodeHeap 'non-profiled nmethods': size=120064Kb used=10247Kb max_used=11045Kb free=109817Kb
 bounds [0x000001d2f5710000, 0x000001d2f61e0000, 0x000001d2fcc50000]
CodeHeap 'profiled nmethods': size=120000Kb used=39787Kb max_used=40531Kb free=80212Kb
 bounds [0x000001d2ee1e0000, 0x000001d2f0980000, 0x000001d2f5710000]
CodeHeap 'non-nmethods': size=5696Kb used=2396Kb max_used=2430Kb free=3299Kb
 bounds [0x000001d2edc50000, 0x000001d2edec0000, 0x000001d2ee1e0000]
 total_blobs=19592 nmethods=18563 adapters=939
 compilation: enabled
              stopped_count=0, restarted_count=0
 full_count=0

Compilation events (20 events):
Event: 733.672 Thread 0x000001d284508000 19871   !   4       jdk.internal.ref.PhantomCleanable::isListEmpty (34 bytes)
Event: 733.673 Thread 0x000001d284508000 nmethod 19871 0x000001d2f596cc90 code [0x000001d2f596ce20, 0x000001d2f596d098]
Event: 733.706 Thread 0x000001d284508000 19872   !   4       java.nio.file.Files::isRegularFile (42 bytes)
Event: 733.714 Thread 0x000001d284508000 nmethod 19872 0x000001d2f596c390 code [0x000001d2f596c580, 0x000001d2f596c838]
Event: 733.714 Thread 0x000001d284508000 19873       4       com.android.builder.dexing.JarClassFileInput$$Lambda$1554/0x00000001011aa440::apply (12 bytes)
Event: 733.717 Thread 0x000001d284508000 nmethod 19873 0x000001d2f596bd10 code [0x000001d2f596bec0, 0x000001d2f596c218]
Event: 733.727 Thread 0x000001d284508000 19874       4       com.google.common.io.ByteStreams::combineBuffers (56 bytes)
Event: 733.732 Thread 0x000001d284508000 nmethod 19874 0x000001d2f596b590 code [0x000001d2f596b740, 0x000001d2f596ba98]
Event: 733.732 Thread 0x000001d284508000 19875       4       com.android.tools.r8.ProgramResource$ByteResource::<init> (46 bytes)
Event: 733.734 Thread 0x000001d284508000 nmethod 19875 0x000001d2f596b010 code [0x000001d2f596b1a0, 0x000001d2f596b518]
Event: 733.746 Thread 0x000001d284508000 19876       4       java.util.ArrayList::addAll (76 bytes)
Event: 733.751 Thread 0x000001d284508000 nmethod 19876 0x000001d2f596a610 code [0x000001d2f596a7c0, 0x000001d2f596ad78]
Event: 733.856 Thread 0x000001d284508000 19877       4       com.android.builder.dexing.D8DexArchiveBuilder$$Lambda$1556/0x00000001011a9c40::accept (16 bytes)
Event: 733.920 Thread 0x000001d284508000 nmethod 19877 0x000001d2f5967210 code [0x000001d2f5967520, 0x000001d2f5969230]
Event: 733.921 Thread 0x000001d284508000 19878       4       com.google.common.io.ByteStreams::toByteArrayInternal (119 bytes)
Event: 733.928 Thread 0x000001d284508000 nmethod 19878 0x000001d2f5966590 code [0x000001d2f5966760, 0x000001d2f5966d78]
Event: 733.928 Thread 0x000001d284508000 19879       4       com.android.builder.dexing.D8DiagnosticsHandler::getOrigin (65 bytes)
Event: 733.948 Thread 0x000001d284508000 nmethod 19879 0x000001d2f5965510 code [0x000001d2f5965720, 0x000001d2f5965e98]
Event: 733.948 Thread 0x000001d284508000 19880       4       com.android.tools.r8.ProgramResource$ByteResource::<init> (10 bytes)
Event: 733.951 Thread 0x000001d284508000 nmethod 19880 0x000001d2f5964f90 code [0x000001d2f5965120, 0x000001d2f5965498]

GC Heap History (20 events):
Event: 733.257 GC heap after
{Heap after GC invocations=114 (full 0):
 garbage-first heap   total 227328K, used 174329K [0x0000000080000000, 0x0000000100000000)
  region size 1024K, 2 young (2048K), 2 survivors (2048K)
 Metaspace       used 138202K, capacity 141664K, committed 141940K, reserved 1173504K
  class space    used 17049K, capacity 18318K, committed 18432K, reserved 1048576K
}
Event: 733.301 GC heap before
{Heap before GC invocations=114 (full 0):
 garbage-first heap   total 227328K, used 189689K [0x0000000080000000, 0x0000000100000000)
  region size 1024K, 18 young (18432K), 2 survivors (2048K)
 Metaspace       used 138202K, capacity 141664K, committed 141940K, reserved 1173504K
  class space    used 17049K, capacity 18318K, committed 18432K, reserved 1048576K
}
Event: 733.304 GC heap after
{Heap after GC invocations=115 (full 0):
 garbage-first heap   total 227328K, used 180396K [0x0000000080000000, 0x0000000100000000)
  region size 1024K, 3 young (3072K), 3 survivors (3072K)
 Metaspace       used 138202K, capacity 141664K, committed 141940K, reserved 1173504K
  class space    used 17049K, capacity 18318K, committed 18432K, reserved 1048576K
}
Event: 733.340 GC heap before
{Heap before GC invocations=115 (full 0):
 garbage-first heap   total 227328K, used 191660K [0x0000000080000000, 0x0000000100000000)
  region size 1024K, 15 young (15360K), 3 survivors (3072K)
 Metaspace       used 138202K, capacity 141664K, committed 141940K, reserved 1173504K
  class space    used 17049K, capacity 18318K, committed 18432K, reserved 1048576K
}
Event: 733.344 GC heap after
{Heap after GC invocations=116 (full 0):
 garbage-first heap   total 273408K, used 182917K [0x0000000080000000, 0x0000000100000000)
  region size 1024K, 2 young (2048K), 2 survivors (2048K)
 Metaspace       used 138202K, capacity 141664K, committed 141940K, reserved 1173504K
  class space    used 17049K, capacity 18318K, committed 18432K, reserved 1048576K
}
Event: 733.453 GC heap before
{Heap before GC invocations=116 (full 0):
 garbage-first heap   total 273408K, used 214661K [0x0000000080000000, 0x0000000100000000)
  region size 1024K, 33 young (33792K), 2 survivors (2048K)
 Metaspace       used 138202K, capacity 141664K, committed 141940K, reserved 1173504K
  class space    used 17049K, capacity 18318K, committed 18432K, reserved 1048576K
}
Event: 733.457 GC heap after
{Heap after GC invocations=117 (full 0):
 garbage-first heap   total 273408K, used 195234K [0x0000000080000000, 0x0000000100000000)
  region size 1024K, 5 young (5120K), 5 survivors (5120K)
 Metaspace       used 138202K, capacity 141664K, committed 141940K, reserved 1173504K
  class space    used 17049K, capacity 18318K, committed 18432K, reserved 1048576K
}
Event: 733.577 GC heap before
{Heap before GC invocations=117 (full 0):
 garbage-first heap   total 273408K, used 219810K [0x0000000080000000, 0x0000000100000000)
  region size 1024K, 29 young (29696K), 5 survivors (5120K)
 Metaspace       used 138202K, capacity 141664K, committed 141940K, reserved 1173504K
  class space    used 17049K, capacity 18318K, committed 18432K, reserved 1048576K
}
Event: 733.580 GC heap after
{Heap after GC invocations=118 (full 0):
 garbage-first heap   total 273408K, used 206558K [0x0000000080000000, 0x0000000100000000)
  region size 1024K, 4 young (4096K), 4 survivors (4096K)
 Metaspace       used 138202K, capacity 141664K, committed 141940K, reserved 1173504K
  class space    used 17049K, capacity 18318K, committed 18432K, reserved 1048576K
}
Event: 733.669 GC heap before
{Heap before GC invocations=119 (full 0):
 garbage-first heap   total 273408K, used 226014K [0x0000000080000000, 0x0000000100000000)
  region size 1024K, 23 young (23552K), 4 survivors (4096K)
 Metaspace       used 138202K, capacity 141664K, committed 141940K, reserved 1173504K
  class space    used 17049K, capacity 18318K, committed 18432K, reserved 1048576K
}
Event: 733.671 GC heap after
{Heap after GC invocations=120 (full 0):
 garbage-first heap   total 273408K, used 213501K [0x0000000080000000, 0x0000000100000000)
  region size 1024K, 3 young (3072K), 3 survivors (3072K)
 Metaspace       used 138202K, capacity 141664K, committed 141940K, reserved 1173504K
  class space    used 17049K, capacity 18318K, committed 18432K, reserved 1048576K
}
Event: 733.710 GC heap before
{Heap before GC invocations=120 (full 0):
 garbage-first heap   total 273408K, used 222717K [0x0000000080000000, 0x0000000100000000)
  region size 1024K, 13 young (13312K), 3 survivors (3072K)
 Metaspace       used 138202K, capacity 141664K, committed 141940K, reserved 1173504K
  class space    used 17049K, capacity 18318K, committed 18432K, reserved 1048576K
}
Event: 733.713 GC heap after
{Heap after GC invocations=121 (full 0):
 garbage-first heap   total 328704K, used 214419K [0x0000000080000000, 0x0000000100000000)
  region size 1024K, 2 young (2048K), 2 survivors (2048K)
 Metaspace       used 138202K, capacity 141664K, committed 141940K, reserved 1173504K
  class space    used 17049K, capacity 18318K, committed 18432K, reserved 1048576K
}
Event: 733.889 GC heap before
{Heap before GC invocations=121 (full 0):
 garbage-first heap   total 328704K, used 252307K [0x0000000080000000, 0x0000000100000000)
  region size 1024K, 39 young (39936K), 2 survivors (2048K)
 Metaspace       used 138202K, capacity 141664K, committed 141940K, reserved 1173504K
  class space    used 17049K, capacity 18318K, committed 18432K, reserved 1048576K
}
Event: 733.895 GC heap after
{Heap after GC invocations=122 (full 0):
 garbage-first heap   total 328704K, used 231089K [0x0000000080000000, 0x0000000100000000)
  region size 1024K, 5 young (5120K), 5 survivors (5120K)
 Metaspace       used 138202K, capacity 141664K, committed 141940K, reserved 1173504K
  class space    used 17049K, capacity 18318K, committed 18432K, reserved 1048576K
}
Event: 734.162 GC heap before
{Heap before GC invocations=122 (full 0):
 garbage-first heap   total 328704K, used 261809K [0x0000000080000000, 0x0000000100000000)
  region size 1024K, 35 young (35840K), 5 survivors (5120K)
 Metaspace       used 138203K, capacity 141664K, committed 141940K, reserved 1173504K
  class space    used 17050K, capacity 18318K, committed 18432K, reserved 1048576K
}
Event: 734.215 GC heap after
{Heap after GC invocations=123 (full 0):
 garbage-first heap   total 328704K, used 244224K [0x0000000080000000, 0x0000000100000000)
  region size 1024K, 5 young (5120K), 5 survivors (5120K)
 Metaspace       used 138203K, capacity 141664K, committed 141940K, reserved 1173504K
  class space    used 17050K, capacity 18318K, committed 18432K, reserved 1048576K
}
Event: 734.337 GC heap before
{Heap before GC invocations=124 (full 0):
 garbage-first heap   total 328704K, used 267776K [0x0000000080000000, 0x0000000100000000)
  region size 1024K, 29 young (29696K), 5 survivors (5120K)
 Metaspace       used 138203K, capacity 141664K, committed 141940K, reserved 1173504K
  class space    used 17050K, capacity 18318K, committed 18432K, reserved 1048576K
}
Event: 734.341 GC heap after
{Heap after GC invocations=125 (full 0):
 garbage-first heap   total 328704K, used 250880K [0x0000000080000000, 0x0000000100000000)
  region size 1024K, 4 young (4096K), 4 survivors (4096K)
 Metaspace       used 138203K, capacity 141664K, committed 141940K, reserved 1173504K
  class space    used 17050K, capacity 18318K, committed 18432K, reserved 1048576K
}
Event: 734.389 GC heap before
{Heap before GC invocations=125 (full 0):
 garbage-first heap   total 328704K, used 263168K [0x0000000080000000, 0x0000000100000000)
  region size 1024K, 16 young (16384K), 4 survivors (4096K)
 Metaspace       used 138203K, capacity 141664K, committed 141940K, reserved 1173504K
  class space    used 17050K, capacity 18318K, committed 18432K, reserved 1048576K
}

Deoptimization events (20 events):
Event: 732.602 Thread 0x000001d287468000 Uncommon trap: trap_request=0xffffffde fr.pc=0x000001d2f58c8664 relative=0x0000000000001344
Event: 732.602 Thread 0x000001d287468000 Uncommon trap: reason=class_check action=maybe_recompile pc=0x000001d2f58c8664 method=com.google.common.io.ByteStreams.copy(Ljava/io/InputStream;Ljava/io/OutputStream;)J @ 18 c2
Event: 732.602 Thread 0x000001d287468000 DEOPT PACKING pc=0x000001d2f58c8664 sp=0x0000006865bfbfc0
Event: 732.602 Thread 0x000001d287468000 DEOPT UNPACKING pc=0x000001d2edc765af sp=0x0000006865bfbde0 mode 2
Event: 732.614 Thread 0x000001d287468000 Uncommon trap: trap_request=0xffffff7e fr.pc=0x000001d2f58a1d7c relative=0x0000000000000d1c
Event: 732.614 Thread 0x000001d287468000 Uncommon trap: reason=predicate action=maybe_recompile pc=0x000001d2f58a1d7c method=com.google.common.collect.RegularImmutableMap.fromEntryArray(I[Ljava/util/Map$Entry;)Lcom/google/common/collect/ImmutableMap; @ 59 c2
Event: 732.614 Thread 0x000001d287468000 DEOPT PACKING pc=0x000001d2f58a1d7c sp=0x0000006865bfca70
Event: 732.614 Thread 0x000001d287468000 DEOPT UNPACKING pc=0x000001d2edc765af sp=0x0000006865bfc9c0 mode 2
Event: 732.715 Thread 0x000001d287867800 Uncommon trap: trap_request=0xffffff4d fr.pc=0x000001d2f61c19fc relative=0x000000000000241c
Event: 732.715 Thread 0x000001d287867800 Uncommon trap: reason=unstable_if action=reinterpret pc=0x000001d2f61c19fc method=org.gradle.internal.snapshot.ChildMap$Entry.handlePath(Lorg/gradle/internal/snapshot/VfsRelativePath;Lorg/gradle/internal/snapshot/CaseSensitivity;Lorg/gradle/internal/snaps
Event: 732.715 Thread 0x000001d287867800 DEOPT PACKING pc=0x000001d2f61c19fc sp=0x0000006866efc9e0
Event: 732.715 Thread 0x000001d287867800 DEOPT UNPACKING pc=0x000001d2edc765af sp=0x0000006866efc9a8 mode 2
Event: 732.734 Thread 0x000001d287867800 Uncommon trap: trap_request=0xffffff7e fr.pc=0x000001d2f5908df4 relative=0x0000000000000114
Event: 732.734 Thread 0x000001d287867800 Uncommon trap: reason=predicate action=maybe_recompile pc=0x000001d2f5908df4 method=java.util.ComparableTimSort.reverseRange([Ljava/lang/Object;II)V @ 5 c2
Event: 732.734 Thread 0x000001d287867800 DEOPT PACKING pc=0x000001d2f5908df4 sp=0x0000006866ef81e0
Event: 732.734 Thread 0x000001d287867800 DEOPT UNPACKING pc=0x000001d2edc765af sp=0x0000006866ef8120 mode 2
Event: 732.736 Thread 0x000001d287867800 Uncommon trap: trap_request=0xffffffde fr.pc=0x000001d2f61cc6a8 relative=0x00000000000080e8
Event: 732.736 Thread 0x000001d287867800 Uncommon trap: reason=class_check action=maybe_recompile pc=0x000001d2f61cc6a8 method=java.io.ObjectOutputStream.writeObject0(Ljava/lang/Object;Z)V @ 482 c2
Event: 732.736 Thread 0x000001d287867800 DEOPT PACKING pc=0x000001d2f61cc6a8 sp=0x0000006866ef95d0
Event: 732.736 Thread 0x000001d287867800 DEOPT UNPACKING pc=0x000001d2edc765af sp=0x0000006866ef9638 mode 2

Classes redefined (0 events):
No events

Internal exceptions (20 events):
Event: 726.693 Thread 0x000001d2917da000 Exception <a 'java/lang/NoSuchMethodError'{0x000000008db02740}: <clinit>> (0x000000008db02740) thrown at [./src/hotspot/share/prims/jni.cpp, line 1362]
Event: 726.714 Thread 0x000001d2917dc800 Exception <a 'java/lang/NoSuchMethodError'{0x000000008dcdc270}: 'void java.lang.invoke.DirectMethodHandle$Holder.invokeStatic(java.lang.Object, java.lang.Object, java.lang.Object, int)'> (0x000000008dcdc270) thrown at [./src/hotspot/share/interpreter/linkResolver.cpp, line 773]
Event: 726.966 Thread 0x000001d2917dc800 Exception <a 'java/lang/NoSuchMethodError'{0x000000008cc00800}: <clinit>> (0x000000008cc00800) thrown at [./src/hotspot/share/prims/jni.cpp, line 1362]
Event: 727.035 Thread 0x000001d2917da000 Exception <a 'java/lang/NoSuchMethodError'{0x000000008c812790}: <clinit>> (0x000000008c812790) thrown at [./src/hotspot/share/prims/jni.cpp, line 1362]
Event: 728.645 Thread 0x000001d287868800 Exception <a 'java/lang/NoSuchMethodError'{0x000000008caf8cb0}: <clinit>> (0x000000008caf8cb0) thrown at [./src/hotspot/share/prims/jni.cpp, line 1362]
Event: 729.658 Thread 0x000001d287461800 Exception <a 'sun/nio/fs/WindowsException'{0x000000008d065a70}> (0x000000008d065a70) thrown at [./src/hotspot/share/prims/jni.cpp, line 615]
Event: 731.671 Thread 0x000001d287461800 Exception <a 'sun/nio/fs/WindowsException'{0x000000008c0e2030}> (0x000000008c0e2030) thrown at [./src/hotspot/share/prims/jni.cpp, line 615]
Event: 731.748 Thread 0x000001d287867800 Exception <a 'java/lang/NoSuchMethodError'{0x000000008dad9aa0}: <clinit>> (0x000000008dad9aa0) thrown at [./src/hotspot/share/prims/jni.cpp, line 1362]
Event: 731.748 Thread 0x000001d287867800 Exception <a 'java/lang/NoSuchMethodError'{0x000000008dadb520}: <clinit>> (0x000000008dadb520) thrown at [./src/hotspot/share/prims/jni.cpp, line 1362]
Event: 731.748 Thread 0x000001d287867800 Exception <a 'java/lang/NoSuchMethodError'{0x000000008daddfd8}: <clinit>> (0x000000008daddfd8) thrown at [./src/hotspot/share/prims/jni.cpp, line 1362]
Event: 731.749 Thread 0x000001d287867800 Exception <a 'java/lang/NoSuchMethodError'{0x000000008d91c768}: <clinit>> (0x000000008d91c768) thrown at [./src/hotspot/share/prims/jni.cpp, line 1362]
Event: 731.749 Thread 0x000001d287867800 Exception <a 'java/lang/NoSuchMethodError'{0x000000008d91e110}: <clinit>> (0x000000008d91e110) thrown at [./src/hotspot/share/prims/jni.cpp, line 1362]
Event: 732.735 Thread 0x000001d287867800 Exception <a 'java/lang/NoSuchMethodError'{0x000000008d17bcd0}: <clinit>> (0x000000008d17bcd0) thrown at [./src/hotspot/share/prims/jni.cpp, line 1362]
Event: 732.737 Thread 0x000001d287867800 Exception <a 'java/lang/NoSuchMethodError'{0x000000008d1b6a00}: <clinit>> (0x000000008d1b6a00) thrown at [./src/hotspot/share/prims/jni.cpp, line 1362]
Event: 732.738 Thread 0x000001d287867800 Exception <a 'java/lang/NoSuchMethodError'{0x000000008d1cde18}: <clinit>> (0x000000008d1cde18) thrown at [./src/hotspot/share/prims/jni.cpp, line 1362]
Event: 732.966 Thread 0x000001d287866800 Exception <a 'java/lang/NoSuchMethodError'{0x000000008d5832a8}: 'void java.lang.invoke.DirectMethodHandle$Holder.invokeStatic(java.lang.Object, long)'> (0x000000008d5832a8) thrown at [./src/hotspot/share/interpreter/linkResolver.cpp, line 773]
Event: 732.967 Thread 0x000001d287866800 Exception <a 'java/lang/NoSuchMethodError'{0x000000008d5884c0}: 'java.lang.Object java.lang.invoke.DirectMethodHandle$Holder.invokeStatic(java.lang.Object, long)'> (0x000000008d5884c0) thrown at [./src/hotspot/share/interpreter/linkResolver.cpp, line 773]
Event: 732.972 Thread 0x000001d287866800 Exception <a 'java/lang/NoSuchMethodError'{0x000000008d455770}: 'java.lang.Object java.lang.invoke.DirectMethodHandle$Holder.invokeStaticInit(java.lang.Object, java.lang.Object, long, java.lang.Object)'> (0x000000008d455770) thrown at [./src/hotspot/share/interpreter/linkResolver.cpp, line 773]
Event: 732.973 Thread 0x000001d287866800 Exception <a 'java/lang/NoSuchMethodError'{0x000000008d49bee0}: 'java.lang.Object java.lang.invoke.DirectMethodHandle$Holder.invokeStatic(java.lang.Object, java.lang.Object, long)'> (0x000000008d49bee0) thrown at [./src/hotspot/share/interpreter/linkResolver.cpp, line 773]
Event: 732.973 Thread 0x000001d287866800 Exception <a 'java/lang/NoSuchMethodError'{0x000000008d4a2458}: 'java.lang.Object java.lang.invoke.Invokers$Holder.linkToTargetMethod(java.lang.Object, long, java.lang.Object)'> (0x000000008d4a2458) thrown at [./src/hotspot/share/interpreter/linkResolver.cpp, line 773]

Events (20 events):
Event: 733.581 Executing VM operation: G1CollectForAllocation done
Event: 733.633 Executing VM operation: CGC_Operation
Event: 733.634 Executing VM operation: CGC_Operation done
Event: 733.668 Executing VM operation: G1CollectForAllocation
Event: 733.671 Executing VM operation: G1CollectForAllocation done
Event: 733.710 Executing VM operation: G1CollectForAllocation
Event: 733.713 Executing VM operation: G1CollectForAllocation done
Event: 733.889 Executing VM operation: G1CollectForAllocation
Event: 733.895 Executing VM operation: G1CollectForAllocation done
Event: 733.945 loading class com/android/tools/r8/U
Event: 733.945 loading class com/android/tools/r8/U done
Event: 734.095 Executing VM operation: CGC_Operation
Event: 734.109 Executing VM operation: CGC_Operation done
Event: 734.161 Executing VM operation: G1CollectForAllocation
Event: 734.216 Executing VM operation: G1CollectForAllocation done
Event: 734.277 Executing VM operation: CGC_Operation
Event: 734.278 Executing VM operation: CGC_Operation done
Event: 734.337 Executing VM operation: G1CollectForAllocation
Event: 734.341 Executing VM operation: G1CollectForAllocation done
Event: 734.389 Executing VM operation: G1CollectForAllocation


Dynamic libraries:
0x00007ff7a7f90000 - 0x00007ff7a7f9a000 	C:\Program Files\Android\Android Studio\jre\bin\java.exe
0x00007ffdcaa70000 - 0x00007ffdcac65000 	C:\WINDOWS\SYSTEM32\ntdll.dll
0x00007ffdca8e0000 - 0x00007ffdca99e000 	C:\WINDOWS\System32\KERNEL32.DLL
0x00007ffdc81f0000 - 0x00007ffdc84b8000 	C:\WINDOWS\System32\KERNELBASE.dll
0x00007ffdc8690000 - 0x00007ffdc8790000 	C:\WINDOWS\System32\ucrtbase.dll
0x00007ffdbcee0000 - 0x00007ffdbcef7000 	C:\Program Files\Android\Android Studio\jre\bin\VCRUNTIME140.dll
0x00007ffdbbf00000 - 0x00007ffdbbf19000 	C:\Program Files\Android\Android Studio\jre\bin\jli.dll
0x00007ffdc99a0000 - 0x00007ffdc9b40000 	C:\WINDOWS\System32\USER32.dll
0x00007ffdc8190000 - 0x00007ffdc81b2000 	C:\WINDOWS\System32\win32u.dll
0x00007ffdc96c0000 - 0x00007ffdc96eb000 	C:\WINDOWS\System32\GDI32.dll
0x00007ffdc89c0000 - 0x00007ffdc8acb000 	C:\WINDOWS\System32\gdi32full.dll
0x00007ffdc8920000 - 0x00007ffdc89bd000 	C:\WINDOWS\System32\msvcp_win.dll
0x00007ffdbc000000 - 0x00007ffdbc29a000 	C:\WINDOWS\WinSxS\amd64_microsoft.windows.common-controls_6595b64144ccf1df_6.0.19041.1110_none_60b5254171f9507e\COMCTL32.dll
0x00007ffdc91b0000 - 0x00007ffdc924e000 	C:\WINDOWS\System32\msvcrt.dll
0x00007ffdc9840000 - 0x00007ffdc9870000 	C:\WINDOWS\System32\IMM32.DLL
0x00007ffda4140000 - 0x00007ffda41dd000 	C:\Program Files\Android\Android Studio\jre\bin\msvcp140.dll
0x00007ffd94650000 - 0x00007ffd95125000 	C:\Program Files\Android\Android Studio\jre\bin\server\jvm.dll
0x00007ffdc9bb0000 - 0x00007ffdc9c5e000 	C:\WINDOWS\System32\ADVAPI32.dll
0x00007ffdc9eb0000 - 0x00007ffdc9f4c000 	C:\WINDOWS\System32\sechost.dll
0x00007ffdc8f50000 - 0x00007ffdc9075000 	C:\WINDOWS\System32\RPCRT4.dll
0x00007ffdc8f40000 - 0x00007ffdc8f48000 	C:\WINDOWS\System32\PSAPI.DLL
0x00007ffdaf300000 - 0x00007ffdaf309000 	C:\WINDOWS\SYSTEM32\WSOCK32.dll
0x00007ffdbe3c0000 - 0x00007ffdbe3e7000 	C:\WINDOWS\SYSTEM32\WINMM.dll
0x00007ffdca100000 - 0x00007ffdca16b000 	C:\WINDOWS\System32\WS2_32.dll
0x00007ffdc1860000 - 0x00007ffdc186a000 	C:\WINDOWS\SYSTEM32\VERSION.dll
0x00007ffdc60c0000 - 0x00007ffdc60d2000 	C:\WINDOWS\SYSTEM32\kernel.appcore.dll
0x00007ffdc4040000 - 0x00007ffdc4051000 	C:\Program Files\Android\Android Studio\jre\bin\verify.dll
0x00007ffdb20a0000 - 0x00007ffdb2284000 	C:\WINDOWS\SYSTEM32\DBGHELP.DLL
0x00007ffdb8c30000 - 0x00007ffdb8c5c000 	C:\WINDOWS\SYSTEM32\dbgcore.DLL
0x00007ffdc8890000 - 0x00007ffdc8912000 	C:\WINDOWS\System32\bcryptPrimitives.dll
0x00007ffdbe7d0000 - 0x00007ffdbe7f9000 	C:\Program Files\Android\Android Studio\jre\bin\java.dll
0x00007ffdbfe50000 - 0x00007ffdbfe5b000 	C:\Program Files\Android\Android Studio\jre\bin\jimage.dll
0x00007ffdbe810000 - 0x00007ffdbe828000 	C:\Program Files\Android\Android Studio\jre\bin\zip.dll
0x00007ffdca190000 - 0x00007ffdca8d4000 	C:\WINDOWS\System32\SHELL32.dll
0x00007ffdc62c0000 - 0x00007ffdc6a54000 	C:\WINDOWS\SYSTEM32\windows.storage.dll
0x00007ffdc9250000 - 0x00007ffdc95a4000 	C:\WINDOWS\System32\combase.dll
0x00007ffdc7bf0000 - 0x00007ffdc7c1c000 	C:\WINDOWS\SYSTEM32\Wldp.dll
0x00007ffdc9ce0000 - 0x00007ffdc9d8d000 	C:\WINDOWS\System32\SHCORE.dll
0x00007ffdc9660000 - 0x00007ffdc96b5000 	C:\WINDOWS\System32\shlwapi.dll
0x00007ffdc80d0000 - 0x00007ffdc80ef000 	C:\WINDOWS\SYSTEM32\profapi.dll
0x00007ffdbe6c0000 - 0x00007ffdbe6da000 	C:\Program Files\Android\Android Studio\jre\bin\net.dll
0x00007ffdb8e30000 - 0x00007ffdb8f39000 	C:\WINDOWS\SYSTEM32\WINHTTP.dll
0x00007ffdc7950000 - 0x00007ffdc79ba000 	C:\WINDOWS\system32\mswsock.dll
0x00007ffdbdd40000 - 0x00007ffdbdd54000 	C:\Program Files\Android\Android Studio\jre\bin\nio.dll
0x00007ffdbe770000 - 0x00007ffdbe797000 	C:\Users\Peter\.gradle\wrapper\dists\gradle-7.2-bin\native\e1d6ef7f7dcc3fd88c89a11ec53ec762bb8ba0a96d01ffa2cd45eb1d1d8dd5c5\windows-amd64\native-platform.dll
0x00007ffda3cb0000 - 0x00007ffda3df4000 	C:\Users\Peter\.gradle\wrapper\dists\gradle-7.2-bin\native\5664cfc778a61ccfe75a443a1ab52a65af34e5dc3c78e0209fed803814484fcb\windows-amd64\native-platform-file-events.dll
0x00007ffdbe840000 - 0x00007ffdbe84a000 	C:\Program Files\Android\Android Studio\jre\bin\management.dll
0x00007ffdbe7c0000 - 0x00007ffdbe7cd000 	C:\Program Files\Android\Android Studio\jre\bin\management_ext.dll
0x00007ffdc7b40000 - 0x00007ffdc7b58000 	C:\WINDOWS\SYSTEM32\CRYPTSP.dll
0x00007ffdc7260000 - 0x00007ffdc7294000 	C:\WINDOWS\system32\rsaenh.dll
0x00007ffdc81c0000 - 0x00007ffdc81e7000 	C:\WINDOWS\System32\bcrypt.dll
0x00007ffdc8090000 - 0x00007ffdc80be000 	C:\WINDOWS\SYSTEM32\USERENV.dll
0x00007ffdc7b60000 - 0x00007ffdc7b6c000 	C:\WINDOWS\SYSTEM32\CRYPTBASE.dll
0x00007ffdc75f0000 - 0x00007ffdc762b000 	C:\WINDOWS\SYSTEM32\IPHLPAPI.DLL
0x00007ffdc9b40000 - 0x00007ffdc9b48000 	C:\WINDOWS\System32\NSI.dll
0x00007ffdc1e30000 - 0x00007ffdc1e47000 	C:\WINDOWS\SYSTEM32\dhcpcsvc6.DLL
0x00007ffdc1db0000 - 0x00007ffdc1dcd000 	C:\WINDOWS\SYSTEM32\dhcpcsvc.DLL
0x00007ffdc7640000 - 0x00007ffdc770a000 	C:\WINDOWS\SYSTEM32\DNSAPI.dll
0x00007ffdae130000 - 0x00007ffdae157000 	C:\Program Files\Android\Android Studio\jre\bin\sunec.dll
0x00007ffdbf440000 - 0x00007ffdbf44a000 	C:\Windows\System32\rasadhlp.dll
0x00007ffdb7ec0000 - 0x00007ffdb7f3f000 	C:\WINDOWS\System32\fwpuclnt.dll

dbghelp: loaded successfully - version: 4.0.5 - missing functions: none
symbol engine: initialized successfully - sym options: 0x614 - pdb path: .;C:\Program Files\Android\Android Studio\jre\bin;C:\WINDOWS\SYSTEM32;C:\WINDOWS\WinSxS\amd64_microsoft.windows.common-controls_6595b64144ccf1df_6.0.19041.1110_none_60b5254171f9507e;C:\Program Files\Android\Android Studio\jre\bin\server;C:\Users\Peter\.gradle\wrapper\dists\gradle-7.2-bin\native\e1d6ef7f7dcc3fd88c89a11ec53ec762bb8ba0a96d01ffa2cd45eb1d1d8dd5c5\windows-amd64;C:\Users\Peter\.gradle\wrapper\dists\gradle-7.2-bin\native\5664cfc778a61ccfe75a443a1ab52a65af34e5dc3c78e0209fed803814484fcb\windows-amd64

VM Arguments:
jvm_args: --add-opens=java.base/java.util=ALL-UNNAMED --add-opens=java.base/java.lang=ALL-UNNAMED --add-opens=java.base/java.lang.invoke=ALL-UNNAMED --add-opens=java.base/java.util=ALL-UNNAMED --add-opens=java.prefs/java.util.prefs=ALL-UNNAMED --add-opens=java.prefs/java.util.prefs=ALL-UNNAMED --add-opens=java.base/java.nio.charset=ALL-UNNAMED --add-opens=java.base/java.net=ALL-UNNAMED --add-opens=java.base/java.util.concurrent.atomic=ALL-UNNAMED -Xmx2048m -Dfile.encoding=UTF-8 -Duser.country=US -Duser.language=en -Duser.variant 
java_command: org.gradle.launcher.daemon.bootstrap.GradleDaemon 7.2
java_class_path (initial): C:\Users\Peter\.gradle\wrapper\dists\gradle-7.2-bin\wrapper\dists\gradle-7.2-bin\2dnblmf4td7x66yl1d74lt32g\gradle-7.2\lib\gradle-launcher-7.2.jar
Launcher Type: SUN_STANDARD

[Global flags]
     intx CICompilerCount                          = 3                                         {product} {ergonomic}
     uint ConcGCThreads                            = 1                                         {product} {ergonomic}
     uint G1ConcRefinementThreads                  = 4                                         {product} {ergonomic}
   size_t G1HeapRegionSize                         = 1048576                                   {product} {ergonomic}
    uintx GCDrainStackTargetSize                   = 64                                        {product} {ergonomic}
   size_t InitialHeapSize                          = 134217728                                 {product} {ergonomic}
   size_t MarkStackSize                            = 4194304                                   {product} {ergonomic}
   size_t MaxHeapSize                              = 2147483648                                {product} {command line}
   size_t MaxNewSize                               = 1287651328                                {product} {ergonomic}
   size_t MinHeapDeltaBytes                        = 1048576                                   {product} {ergonomic}
    uintx NonNMethodCodeHeapSize                   = 5830732                                {pd product} {ergonomic}
    uintx NonProfiledCodeHeapSize                  = 122913754                              {pd product} {ergonomic}
    uintx ProfiledCodeHeapSize                     = 122913754                              {pd product} {ergonomic}
    uintx ReservedCodeCacheSize                    = 251658240                              {pd product} {ergonomic}
     bool SegmentedCodeCache                       = true                                      {product} {ergonomic}
     bool UseCompressedClassPointers               = true                                 {lp64_product} {ergonomic}
     bool UseCompressedOops                        = true                                 {lp64_product} {ergonomic}
     bool UseG1GC                                  = true                                      {product} {ergonomic}
     bool UseLargePagesIndividualAllocation        = false                                  {pd product} {ergonomic}

Logging:
Log output configuration:
 #0: stdout all=warning uptime,level,tags
 #1: stderr all=off uptime,level,tags

Environment Variables:
JAVA_HOME=C:\Program Files\Android\Android Studio\jre
PATH=C:\ProgramData\Oracle\Java\javapath;C:\Program Files\NVIDIA GPU Computing Toolkit\CUDA\v10.2\bin;C:\Program Files\NVIDIA GPU Computing Toolkit\CUDA\v10.2\libnvvp;C:\Program Files (x86)\Common Files\Intel\Shared Libraries\redist\intel64\compiler;C:\Windows\system32;C:\Windows;C:\Windows\System32\Wbem;C:\Windows\System32\WindowsPowerShell\v1.0\;C:\Windows\System32\OpenSSH\;C:\Program Files (x86)\NVIDIA Corporation\PhysX\Common;C:\Program Files\NVIDIA Corporation\NVIDIA NvDLISR;C:\Program Files\NVIDIA Corporation\Nsight Compute 2019.5.0\;C:\Program Files (x86)\Microsoft SQL Server\110\Tools\Binn\ManagementStudio\;C:\Program Files (x86)\Microsoft SQL Server\110\Tools\Binn\;C:\Program Files\Microsoft SQL Server\110\Tools\Binn\;C:\Program Files (x86)\Microsoft SQL Server\110\DTS\Binn\;C:\WINDOWS\system32;C:\WINDOWS;C:\WINDOWS\System32\Wbem;C:\WINDOWS\System32\WindowsPowerShell\v1.0\;C:\WINDOWS\System32\OpenSSH\;C:\Program Files\Git\cmd;C:\Program Files\dotnet\;C:\Program Files (x86)\Brackets\command;C:\Program Files\Java\jre1.8.0_65\bin;C:\Program Files\Java\jdk1.8.0_65\bin;C:\Users\Peter\AppData\Local\GitHubDesktop\bin
USERNAME=Peter
OS=Windows_NT
PROCESSOR_IDENTIFIER=Intel64 Family 6 Model 58 Stepping 9, GenuineIntel



---------------  S Y S T E M  ---------------

OS: Windows 10 , 64 bit Build 19041 (10.0.19041.1566)
OS uptime: 1 days 1:14 hours

CPU:total 4 (initial active 4) (4 cores per cpu, 1 threads per core) family 6 model 58 stepping 9 microcode 0x21, cmov, cx8, fxsr, mmx, sse, sse2, sse3, ssse3, sse4.1, sse4.2, popcnt, avx, aes, clmul, erms, tsc, tscinvbit, tscinv

Memory: 4k page, system-wide physical 8138M (413M free)
TotalPageFile size 32714M (AvailPageFile size 102M)
current process WorkingSet (physical memory assigned to process): 567M, peak: 616M
current process commit charge ("private bytes"): 806M, peak: 1153M

vm_info: OpenJDK 64-Bit Server VM (11.0.11+9-b60-7590822) for windows-amd64 JRE (11.0.11+9-b60-7590822), built on Jul 29 2021 21:43:44 by "builder" with MS VC++ 14.0 (VS2015)

END.
