#
# There is insufficient memory for the Java Runtime Environment to continue.
# Native memory allocation (malloc) failed to allocate 32744 bytes for ChunkPool::allocate
# Possible reasons:
#   The system is out of physical RAM or swap space
#   The process is running with CompressedOops enabled, and the Java Heap may be blocking the growth of the native heap
# Possible solutions:
#   Reduce memory load on the system
#   Increase physical memory or swap space
#   Check if swap backing store is full
#   Decrease Java heap size (-Xmx/-Xms)
#   Decrease number of Java threads
#   Decrease Java thread stack sizes (-Xss)
#   Set larger code cache with -XX:ReservedCodeCacheSize=
#   JVM is running with Unscaled Compressed Oops mode in which the Java heap is
#     placed in the first 4GB address space. The Java Heap base address is the
#     maximum limit for the native heap growth. Please use -XX:HeapBaseMinAddress
#     to set the Java Heap base and to place the Java Heap above 4GB virtual address.
# This output file may be truncated or incomplete.
#
#  Out of Memory Error (./src/hotspot/share/memory/arena.cpp:81), pid=8532, tid=10540
#
# JRE version: OpenJDK Runtime Environment (11.0.11+9) (build 11.0.11+9-b60-7590822)
# Java VM: OpenJDK 64-Bit Server VM (11.0.11+9-b60-7590822, mixed mode, tiered, compressed oops, g1 gc, windows-amd64)
# No core dump will be written. Minidumps are not enabled by default on client versions of Windows
#

---------------  S U M M A R Y ------------

Command Line: --add-opens=java.base/java.util=ALL-UNNAMED --add-opens=java.base/java.lang=ALL-UNNAMED --add-opens=java.base/java.lang.invoke=ALL-UNNAMED --add-opens=java.base/java.util=ALL-UNNAMED --add-opens=java.prefs/java.util.prefs=ALL-UNNAMED --add-opens=java.prefs/java.util.prefs=ALL-UNNAMED --add-opens=java.base/java.nio.charset=ALL-UNNAMED --add-opens=java.base/java.net=ALL-UNNAMED --add-opens=java.base/java.util.concurrent.atomic=ALL-UNNAMED -Xmx2048m -Dfile.encoding=UTF-8 -Duser.country=US -Duser.language=en -Duser.variant org.gradle.launcher.daemon.bootstrap.GradleDaemon 7.2

Host: Intel(R) Core(TM) i5-3470 CPU @ 3.20GHz, 4 cores, 7G,  Windows 10 , 64 bit Build 19041 (10.0.19041.1566)
Time: Thu Apr  7 18:52:17 2022 Egypt Standard Time elapsed time: 79.834961 seconds (0d 0h 1m 19s)

---------------  T H R E A D  ---------------

Current thread (0x000002377ca88800):  VMThread "VM Thread" [stack: 0x0000009b00800000,0x0000009b00900000] [id=10540]

Stack: [0x0000009b00800000,0x0000009b00900000]
[error occurred during error reporting (printing stack bounds), id 0xc0000005, EXCEPTION_ACCESS_VIOLATION (0xc0000005) at pc=0x00000237669b0f2d]

Native frames: (J=compiled Java code, j=interpreted, Vv=VM code, C=native code)
V  [jvm.dll+0x5f214a]
V  [jvm.dll+0x726fb5]
V  [jvm.dll+0x7285cd]
V  [jvm.dll+0x728be5]
V  [jvm.dll+0x728b9b]
V  [jvm.dll+0x5f14e8]
V  [jvm.dll+0x5f1c78]
C  [ntdll.dll+0xa20cf]
C  [ntdll.dll+0x51454]
C  [ntdll.dll+0xa0bfe]
C  0x00000237669b0f2d

VM_Operation (0x0000009b001fe680): RevokeBias, mode: safepoint, requested by thread 0x000002377e284000


---------------  P R O C E S S  ---------------

Threads class SMR info:
_java_thread_list=0x00000237029382e0, length=94, elements={
0x0000023762eab800, 0x000002377ca91800, 0x000002377ca93000, 0x000002377cab2000,
0x000002377cab3000, 0x000002377cab4800, 0x000002377cabb000, 0x000002377cac3800,
0x000002377cac4800, 0x000002377d56c000, 0x000002377e7b7800, 0x000002377d66d000,
0x0000023701281800, 0x000002377edfe800, 0x000002377e862800, 0x00000237004ce000,
0x00000237004c9000, 0x00000237004ca000, 0x00000237004ca800, 0x00000237004cb800,
0x000002370165c800, 0x0000023701661800, 0x0000023701662800, 0x000002370165f000,
0x0000023701664000, 0x0000023701f81800, 0x0000023701f83000, 0x0000023701f85000,
0x0000023701159000, 0x000002370115a000, 0x0000023701155000, 0x000002370115c800,
0x000002370115f800, 0x0000023701160800, 0x0000023701f7b000, 0x0000023701f7c000,
0x0000023701f7d800, 0x0000023701f78000, 0x0000023701f7c800, 0x0000023701f7a800,
0x0000023701f7e800, 0x0000023701f78800, 0x0000023701f7f000, 0x0000023701f79800,
0x0000023701f82800, 0x0000023701f85800, 0x0000023701f80000, 0x0000023701f86800,
0x0000023701f84000, 0x0000023701663000, 0x000002370165e800, 0x0000023701661000,
0x0000023701669800, 0x0000023701665800, 0x0000023701665000, 0x000002370166b800,
0x0000023701669000, 0x0000023701668000, 0x000002370166a800, 0x0000023701666800,
0x0000023701667800, 0x0000023701157800, 0x0000023701152800, 0x0000023701154000,
0x0000023701156800, 0x000002370115b800, 0x0000023701158800, 0x0000023701156000,
0x0000023701161800, 0x000002370115d000, 0x000002370115e000, 0x000002370115f000,
0x00000237004cc800, 0x00000237004cf000, 0x00000237004cd000, 0x00000237004cf800,
0x000002377e279800, 0x000002377e277800, 0x000002377e27b000, 0x000002377e27a000,
0x000002377e27c800, 0x000002377e27d800, 0x000002377e278800, 0x000002377e27e800,
0x000002377e280000, 0x000002377e280800, 0x000002377e281800, 0x000002377e27f000,
0x000002377e27c000, 0x000002377e282800, 0x000002377e283000, 0x000002377e285800,
0x000002377e286800, 0x000002377e284000
}

Java Threads: ( => current thread )
  0x0000023762eab800 JavaThread "main" [_thread_blocked, id=9360, stack(0x0000009b00200000,0x0000009b00300000)]
  0x000002377ca91800 JavaThread "Reference Handler" daemon [_thread_blocked, id=1892, stack(0x0000009b00900000,0x0000009b00a00000)]
  0x000002377ca93000 JavaThread "Finalizer" daemon [_thread_blocked, id=1776, stack(0x0000009b00a00000,0x0000009b00b00000)]
  0x000002377cab2000 JavaThread "Signal Dispatcher" daemon [_thread_blocked, id=13012, stack(0x0000009b00b00000,0x0000009b00c00000)]
  0x000002377cab3000 JavaThread "Attach Listener" daemon [_thread_blocked, id=6204, stack(0x0000009b00c00000,0x0000009b00d00000)]
  0x000002377cab4800 JavaThread "Service Thread" daemon [_thread_blocked, id=6372, stack(0x0000009b00d00000,0x0000009b00e00000)]
  0x000002377cabb000 JavaThread "C2 CompilerThread0" daemon [_thread_blocked, id=6788, stack(0x0000009b00e00000,0x0000009b00f00000)]
  0x000002377cac3800 JavaThread "C1 CompilerThread0" daemon [_thread_blocked, id=12788, stack(0x0000009b00f00000,0x0000009b01000000)]
  0x000002377cac4800 JavaThread "Sweeper thread" daemon [_thread_blocked, id=8924, stack(0x0000009b01000000,0x0000009b01100000)]
  0x000002377d56c000 JavaThread "Common-Cleaner" daemon [_thread_blocked, id=8636, stack(0x0000009b01100000,0x0000009b01200000)]
  0x000002377e7b7800 JavaThread "Daemon health stats" [_thread_blocked, id=3244, stack(0x0000009b01600000,0x0000009b01700000)]
  0x000002377d66d000 JavaThread "Incoming local TCP Connector on port 50806" [_thread_in_native, id=6540, stack(0x0000009b01300000,0x0000009b01400000)]
  0x0000023701281800 JavaThread "Daemon periodic checks" [_thread_blocked, id=1124, stack(0x0000009b01700000,0x0000009b01800000)]
  0x000002377edfe800 JavaThread "Daemon" [_thread_blocked, id=12220, stack(0x0000009b01900000,0x0000009b01a00000)]
  0x000002377e862800 JavaThread "Daemon worker" [_thread_blocked, id=11648, stack(0x0000009b01c00000,0x0000009b01d00000)]
  0x00000237004ce000 JavaThread "Cache worker for journal cache (C:\Users\Peter\.gradle\wrapper\dists\gradle-7.2-bin\caches\journal-1)" [_thread_blocked, id=1884, stack(0x0000009b02000000,0x0000009b02100000)]
  0x00000237004c9000 JavaThread "File lock request listener" [_thread_in_native, id=460, stack(0x0000009b02100000,0x0000009b02200000)]
  0x00000237004ca000 JavaThread "Cache worker for file hash cache (C:\Users\Peter\.gradle\wrapper\dists\gradle-7.2-bin\caches\7.2\fileHashes)" [_thread_blocked, id=12948, stack(0x0000009b02200000,0x0000009b02300000)]
  0x00000237004ca800 JavaThread "File watcher server" daemon [_thread_blocked, id=4776, stack(0x0000009b02500000,0x0000009b02600000)]
  0x00000237004cb800 JavaThread "File watcher consumer" daemon [_thread_blocked, id=3672, stack(0x0000009b02600000,0x0000009b02700000)]
  0x000002370165c800 JavaThread "Cache worker for execution history cache (C:\Users\Peter\.gradle\wrapper\dists\gradle-7.2-bin\caches\7.2\executionHistory)" [_thread_blocked, id=12324, stack(0x0000009b02a00000,0x0000009b02b00000)]
  0x0000023701661800 JavaThread "jar transforms" [_thread_blocked, id=3128, stack(0x0000009b02b00000,0x0000009b02c00000)]
  0x0000023701662800 JavaThread "Cache worker for file content cache (C:\Users\Peter\.gradle\wrapper\dists\gradle-7.2-bin\caches\7.2\fileContent)" [_thread_blocked, id=6368, stack(0x0000009b02c00000,0x0000009b02d00000)]
  0x000002370165f000 JavaThread "jar transforms Thread 2" [_thread_blocked, id=7368, stack(0x0000009b02d00000,0x0000009b02e00000)]
  0x0000023701664000 JavaThread "jar transforms Thread 3" [_thread_blocked, id=2888, stack(0x0000009b02f00000,0x0000009b03000000)]
  0x0000023701f81800 JavaThread "jar transforms Thread 4" [_thread_blocked, id=11628, stack(0x0000009b05900000,0x0000009b05a00000)]
  0x0000023701f83000 JavaThread "Memory manager" [_thread_blocked, id=10160, stack(0x0000009b05a00000,0x0000009b05b00000)]
  0x0000023701f85000 JavaThread "pool-3-thread-1" [_thread_blocked, id=9580, stack(0x0000009b05c00000,0x0000009b05d00000)]
  0x0000023701159000 JavaThread "RMI Scheduler(0)" daemon [_thread_blocked, id=8172, stack(0x0000009b02300000,0x0000009b02400000)]
  0x000002370115a000 JavaThread "RMI RenewClean-[127.0.0.1:17590,org.jetbrains.kotlin.daemon.common.LoopbackNetworkInterface$ClientLoopbackSocketFactory@222fa371]" daemon [_thread_blocked, id=1380, stack(0x0000009b06700000,0x0000009b06800000)]
  0x0000023701155000 JavaThread "RMI GC Daemon" daemon [_thread_blocked, id=11356, stack(0x0000009b06800000,0x0000009b06900000)]
  0x000002370115c800 JavaThread "RMI TCP Accept-0" daemon [_thread_in_native, id=10032, stack(0x0000009b06900000,0x0000009b06a00000)]
  0x000002370115f800 JavaThread "RMI Reaper" [_thread_blocked, id=9640, stack(0x0000009b06a00000,0x0000009b06b00000)]
  0x0000023701160800 JavaThread "RMI TCP Connection(idle)" daemon [_thread_blocked, id=5636, stack(0x0000009b06b00000,0x0000009b06c00000)]
  0x0000023701f7b000 JavaThread "Handler for socket connection from /127.0.0.1:50806 to /127.0.0.1:50819" [_thread_in_native, id=7652, stack(0x0000009b01d00000,0x0000009b01e00000)]
  0x0000023701f7c000 JavaThread "Cancel handler" [_thread_blocked, id=3260, stack(0x0000009b01e00000,0x0000009b01f00000)]
  0x0000023701f7d800 JavaThread "Asynchronous log dispatcher for DefaultDaemonConnection: socket connection from /127.0.0.1:50806 to /127.0.0.1:50819" [_thread_blocked, id=12228, stack(0x0000009b01f00000,0x0000009b02000000)]
  0x0000023701f78000 JavaThread "Stdin handler" [_thread_blocked, id=6172, stack(0x0000009b02400000,0x0000009b02500000)]
  0x0000023701f7c800 JavaThread "Daemon client event forwarder" [_thread_blocked, id=13028, stack(0x0000009b02700000,0x0000009b02800000)]
  0x0000023701f7a800 JavaThread "Cache worker for file hash cache (C:\Users\Peter\Desktop\udemy\MyApps\JetTip\.gradle\7.2\fileHashes)" [_thread_blocked, id=2800, stack(0x0000009b02800000,0x0000009b02900000)]
  0x0000023701f7e800 JavaThread "Cache worker for checksums cache (C:\Users\Peter\Desktop\udemy\MyApps\JetTip\.gradle\checksums)" [_thread_blocked, id=10644, stack(0x0000009b02900000,0x0000009b02a00000)]
  0x0000023701f78800 JavaThread "Cache worker for cache directory md-supplier (C:\Users\Peter\.gradle\wrapper\dists\gradle-7.2-bin\caches\7.2\md-supplier)" [_thread_blocked, id=9036, stack(0x0000009b02e00000,0x0000009b02f00000)]
  0x0000023701f7f000 JavaThread "Cache worker for cache directory md-rule (C:\Users\Peter\.gradle\wrapper\dists\gradle-7.2-bin\caches\7.2\md-rule)" [_thread_blocked, id=7500, stack(0x0000009b03000000,0x0000009b03100000)]
  0x0000023701f79800 JavaThread "Cache worker for dependencies-accessors (C:\Users\Peter\Desktop\udemy\MyApps\JetTip\.gradle\7.2\dependencies-accessors)" [_thread_blocked, id=6404, stack(0x0000009b03100000,0x0000009b03200000)]
  0x0000023701f82800 JavaThread "Cache worker for Build Output Cleanup Cache (C:\Users\Peter\Desktop\udemy\MyApps\JetTip\.gradle\buildOutputCleanup)" [_thread_blocked, id=9304, stack(0x0000009b03200000,0x0000009b03300000)]
  0x0000023701f85800 JavaThread "Unconstrained build operations" [_thread_blocked, id=5432, stack(0x0000009b03300000,0x0000009b03400000)]
  0x0000023701f80000 JavaThread "Unconstrained build operations Thread 2" [_thread_blocked, id=12156, stack(0x0000009b03400000,0x0000009b03500000)]
  0x0000023701f86800 JavaThread "Unconstrained build operations Thread 3" [_thread_blocked, id=9980, stack(0x0000009b03500000,0x0000009b03600000)]
  0x0000023701f84000 JavaThread "Unconstrained build operations Thread 4" [_thread_blocked, id=9540, stack(0x0000009b03600000,0x0000009b03700000)]
  0x0000023701663000 JavaThread "Unconstrained build operations Thread 5" [_thread_blocked, id=6176, stack(0x0000009b03700000,0x0000009b03800000)]
  0x000002370165e800 JavaThread "Unconstrained build operations Thread 6" [_thread_blocked, id=8972, stack(0x0000009b03800000,0x0000009b03900000)]
  0x0000023701661000 JavaThread "Unconstrained build operations Thread 7" [_thread_blocked, id=2908, stack(0x0000009b03900000,0x0000009b03a00000)]
  0x0000023701669800 JavaThread "Unconstrained build operations Thread 8" [_thread_blocked, id=1876, stack(0x0000009b03a00000,0x0000009b03b00000)]
  0x0000023701665800 JavaThread "Unconstrained build operations Thread 9" [_thread_blocked, id=11792, stack(0x0000009b03b00000,0x0000009b03c00000)]
  0x0000023701665000 JavaThread "Unconstrained build operations Thread 10" [_thread_blocked, id=12892, stack(0x0000009b03c00000,0x0000009b03d00000)]
  0x000002370166b800 JavaThread "Unconstrained build operations Thread 11" [_thread_blocked, id=6676, stack(0x0000009b03d00000,0x0000009b03e00000)]
  0x0000023701669000 JavaThread "Unconstrained build operations Thread 12" [_thread_blocked, id=4188, stack(0x0000009b03e00000,0x0000009b03f00000)]
  0x0000023701668000 JavaThread "Unconstrained build operations Thread 13" [_thread_blocked, id=9588, stack(0x0000009b03f00000,0x0000009b04000000)]
  0x000002370166a800 JavaThread "Unconstrained build operations Thread 14" [_thread_blocked, id=10304, stack(0x0000009b04000000,0x0000009b04100000)]
  0x0000023701666800 JavaThread "Unconstrained build operations Thread 15" [_thread_blocked, id=3708, stack(0x0000009b04100000,0x0000009b04200000)]
  0x0000023701667800 JavaThread "Unconstrained build operations Thread 16" [_thread_blocked, id=11664, stack(0x0000009b04200000,0x0000009b04300000)]
  0x0000023701157800 JavaThread "Unconstrained build operations Thread 17" [_thread_blocked, id=7328, stack(0x0000009b04300000,0x0000009b04400000)]
  0x0000023701152800 JavaThread "Unconstrained build operations Thread 18" [_thread_blocked, id=6612, stack(0x0000009b04400000,0x0000009b04500000)]
  0x0000023701154000 JavaThread "Unconstrained build operations Thread 19" [_thread_blocked, id=11672, stack(0x0000009b04500000,0x0000009b04600000)]
  0x0000023701156800 JavaThread "Unconstrained build operations Thread 20" [_thread_blocked, id=11084, stack(0x0000009b04600000,0x0000009b04700000)]
  0x000002370115b800 JavaThread "Unconstrained build operations Thread 21" [_thread_blocked, id=240, stack(0x0000009b04700000,0x0000009b04800000)]
  0x0000023701158800 JavaThread "Unconstrained build operations Thread 22" [_thread_blocked, id=11220, stack(0x0000009b04800000,0x0000009b04900000)]
  0x0000023701156000 JavaThread "Unconstrained build operations Thread 23" [_thread_blocked, id=8276, stack(0x0000009b04900000,0x0000009b04a00000)]
  0x0000023701161800 JavaThread "Unconstrained build operations Thread 24" [_thread_blocked, id=10108, stack(0x0000009b04a00000,0x0000009b04b00000)]
  0x000002370115d000 JavaThread "Unconstrained build operations Thread 25" [_thread_blocked, id=5876, stack(0x0000009b04b00000,0x0000009b04c00000)]
  0x000002370115e000 JavaThread "Unconstrained build operations Thread 26" [_thread_blocked, id=6308, stack(0x0000009b04c00000,0x0000009b04d00000)]
  0x000002370115f000 JavaThread "Unconstrained build operations Thread 27" [_thread_blocked, id=4608, stack(0x0000009b04d00000,0x0000009b04e00000)]
  0x00000237004cc800 JavaThread "Unconstrained build operations Thread 28" [_thread_blocked, id=9952, stack(0x0000009b04e00000,0x0000009b04f00000)]
  0x00000237004cf000 JavaThread "Unconstrained build operations Thread 29" [_thread_blocked, id=6248, stack(0x0000009b04f00000,0x0000009b05000000)]
  0x00000237004cd000 JavaThread "Unconstrained build operations Thread 30" [_thread_blocked, id=10836, stack(0x0000009b05000000,0x0000009b05100000)]
  0x00000237004cf800 JavaThread "Unconstrained build operations Thread 31" [_thread_blocked, id=1632, stack(0x0000009b05100000,0x0000009b05200000)]
  0x000002377e279800 JavaThread "Unconstrained build operations Thread 32" [_thread_blocked, id=6068, stack(0x0000009b05200000,0x0000009b05300000)]
  0x000002377e277800 JavaThread "Unconstrained build operations Thread 33" [_thread_blocked, id=12704, stack(0x0000009b05300000,0x0000009b05400000)]
  0x000002377e27b000 JavaThread "Unconstrained build operations Thread 34" [_thread_blocked, id=9376, stack(0x0000009b05400000,0x0000009b05500000)]
  0x000002377e27a000 JavaThread "Unconstrained build operations Thread 35" [_thread_blocked, id=10380, stack(0x0000009b05500000,0x0000009b05600000)]
  0x000002377e27c800 JavaThread "Unconstrained build operations Thread 36" [_thread_blocked, id=10232, stack(0x0000009b05600000,0x0000009b05700000)]
  0x000002377e27d800 JavaThread "Unconstrained build operations Thread 37" [_thread_blocked, id=8648, stack(0x0000009b05700000,0x0000009b05800000)]
  0x000002377e278800 JavaThread "Unconstrained build operations Thread 38" [_thread_blocked, id=7084, stack(0x0000009b05800000,0x0000009b05900000)]
  0x000002377e27e800 JavaThread "Unconstrained build operations Thread 39" [_thread_blocked, id=1396, stack(0x0000009b05b00000,0x0000009b05c00000)]
  0x000002377e280000 JavaThread "Unconstrained build operations Thread 40" [_thread_blocked, id=7812, stack(0x0000009b05d00000,0x0000009b05e00000)]
  0x000002377e280800 JavaThread "build event listener" [_thread_blocked, id=1952, stack(0x0000009b05e00000,0x0000009b05f00000)]
  0x000002377e281800 JavaThread "pool-7-thread-1" [_thread_blocked, id=12520, stack(0x0000009b05f00000,0x0000009b06000000)]
  0x000002377e27f000 JavaThread "build event listener" [_thread_blocked, id=9196, stack(0x0000009b06000000,0x0000009b06100000)]
  0x000002377e27c000 JavaThread "Execution worker for ':'" [_thread_blocked, id=10096, stack(0x0000009b06100000,0x0000009b06200000)]
  0x000002377e282800 JavaThread "Execution worker for ':' Thread 2" [_thread_blocked, id=11636, stack(0x0000009b06200000,0x0000009b06300000)]
  0x000002377e283000 JavaThread "Execution worker for ':' Thread 3" [_thread_blocked, id=7892, stack(0x0000009b06300000,0x0000009b06400000)]
  0x000002377e285800 JavaThread "Cache worker for execution history cache (C:\Users\Peter\Desktop\udemy\MyApps\JetTip\.gradle\7.2\executionHistory)" [_thread_blocked, id=11032, stack(0x0000009b06400000,0x0000009b06500000)]
  0x000002377e286800 JavaThread "RMI RenewClean-[127.0.0.1:17022,org.jetbrains.kotlin.daemon.common.LoopbackNetworkInterface$ClientLoopbackSocketFactory@1b37397b]" daemon [_thread_blocked, id=13208, stack(0x0000009b00000000,0x0000009b00100000)]
  0x000002377e284000 JavaThread "Thread-133" [_thread_blocked, id=2080, stack(0x0000009b00100000,0x0000009b00200000)]

Other Threads:
=>0x000002377ca88800 VMThread "VM Thread" [stack: 0x0000009b00800000,0x0000009b00900000] [id=10540]
  0x000002377d579000 WatcherThread [stack: 0x0000009b01200000,0x0000009b01300000] [id=10484]
  0x0000023762ec7000 GCTaskThread "GC Thread#0" [stack: 0x0000009b00300000,0x0000009b00400000] [id=12352]
  0x000002377dc50800 GCTaskThread "GC Thread#1" [stack: 0x0000009b01400000,0x0000009b01500000] [id=5440]
  0x000002377d6db800 GCTaskThread "GC Thread#2" [stack: 0x0000009b01500000,0x0000009b01600000] [id=10436]
  0x000002377e7b7000 GCTaskThread "GC Thread#3" [stack: 0x0000009b01800000,0x0000009b01900000] [id=9156]
  0x0000023762ef7000 ConcurrentGCThread "G1 Main Marker" [stack: 0x0000009b00400000,0x0000009b00500000] [id=8820]
  0x0000023762ef9000 ConcurrentGCThread "G1 Conc#0" [stack: 0x0000009b00500000,0x0000009b00600000] [id=10228]
  0x0000023762f87800 ConcurrentGCThread "G1 Refine#0" [stack: 0x0000009b00600000,0x0000009b00700000] [id=9712]
  0x0000023762f88800 ConcurrentGCThread "G1 Young RemSet Sampling" [stack: 0x0000009b00700000,0x0000009b00800000] [id=11860]

Threads with active compile tasks:
C2 CompilerThread0  79853 13112       4       java.util.concurrent.locks.AbstractQueuedSynchronizer$ConditionObject::awaitNanos (181 bytes)

VM state:at safepoint (normal execution)

VM Mutex/Monitor currently owned by a thread:  ([mutex/lock_event])
[0x0000023762ea8ba0] Threads_lock - owner thread: 0x000002377ca88800

Heap address: 0x0000000080000000, size: 2048 MB, Compressed Oops mode: 32-bit
Narrow klass base: 0x0000000000000000, Narrow klass shift: 3
Compressed class space size: 1073741824 Address: 0x0000000100000000

Heap:
 garbage-first heap   total 189440K, used 133666K [0x0000000080000000, 0x0000000100000000)
  region size 1024K, 44 young (45056K), 6 survivors (6144K)
 Metaspace       used 103412K, capacity 105881K, committed 106188K, reserved 1140736K
  class space    used 13035K, capacity 13931K, committed 14028K, reserved 1048576K
Heap Regions: E=young(eden), S=young(survivor), O=old, HS=humongous(starts), HC=humongous(continues), CS=collection set, F=free, A=archive, TAMS=top-at-mark-start (previous, next)
|   0|0x0000000080000000, 0x0000000080100000, 0x0000000080100000|100%|HS|  |TAMS 0x0000000080100000, 0x0000000080000000| Complete 
|   1|0x0000000080100000, 0x0000000080200000, 0x0000000080200000|100%|HC|  |TAMS 0x0000000080200000, 0x0000000080100000| Complete 
|   2|0x0000000080200000, 0x0000000080300000, 0x0000000080300000|100%|HC|  |TAMS 0x0000000080300000, 0x0000000080200000| Complete 
|   3|0x0000000080300000, 0x0000000080400000, 0x0000000080400000|100%| O|  |TAMS 0x0000000080400000, 0x0000000080300000| Untracked 
|   4|0x0000000080400000, 0x0000000080500000, 0x0000000080500000|100%| O|  |TAMS 0x0000000080500000, 0x0000000080400000| Untracked 
|   5|0x0000000080500000, 0x0000000080600000, 0x0000000080600000|100%| O|  |TAMS 0x0000000080600000, 0x0000000080500000| Untracked 
|   6|0x0000000080600000, 0x0000000080700000, 0x0000000080700000|100%| O|  |TAMS 0x0000000080700000, 0x0000000080600000| Untracked 
|   7|0x0000000080700000, 0x0000000080800000, 0x0000000080800000|100%| O|  |TAMS 0x0000000080800000, 0x0000000080700000| Untracked 
|   8|0x0000000080800000, 0x0000000080900000, 0x0000000080900000|100%| O|  |TAMS 0x0000000080900000, 0x0000000080800000| Untracked 
|   9|0x0000000080900000, 0x0000000080a00000, 0x0000000080a00000|100%| O|  |TAMS 0x0000000080a00000, 0x0000000080900000| Untracked 
|  10|0x0000000080a00000, 0x0000000080b00000, 0x0000000080b00000|100%| O|  |TAMS 0x0000000080b00000, 0x0000000080a00000| Untracked 
|  11|0x0000000080b00000, 0x0000000080c00000, 0x0000000080c00000|100%| O|  |TAMS 0x0000000080c00000, 0x0000000080b00000| Untracked 
|  12|0x0000000080c00000, 0x0000000080d00000, 0x0000000080d00000|100%| O|  |TAMS 0x0000000080d00000, 0x0000000080c00000| Untracked 
|  13|0x0000000080d00000, 0x0000000080e00000, 0x0000000080e00000|100%| O|  |TAMS 0x0000000080e00000, 0x0000000080d00000| Untracked 
|  14|0x0000000080e00000, 0x0000000080f00000, 0x0000000080f00000|100%| O|  |TAMS 0x0000000080f00000, 0x0000000080e00000| Untracked 
|  15|0x0000000080f00000, 0x0000000081000000, 0x0000000081000000|100%|HS|  |TAMS 0x0000000081000000, 0x0000000080f00000| Complete 
|  16|0x0000000081000000, 0x0000000081100000, 0x0000000081100000|100%| O|  |TAMS 0x0000000081100000, 0x0000000081000000| Untracked 
|  17|0x0000000081100000, 0x0000000081200000, 0x0000000081200000|100%| O|  |TAMS 0x0000000081200000, 0x0000000081100000| Untracked 
|  18|0x0000000081200000, 0x0000000081300000, 0x0000000081300000|100%| O|  |TAMS 0x0000000081300000, 0x0000000081200000| Untracked 
|  19|0x0000000081300000, 0x0000000081400000, 0x0000000081400000|100%| O|  |TAMS 0x0000000081400000, 0x0000000081300000| Untracked 
|  20|0x0000000081400000, 0x0000000081500000, 0x0000000081500000|100%| O|  |TAMS 0x0000000081500000, 0x0000000081400000| Untracked 
|  21|0x0000000081500000, 0x0000000081600000, 0x0000000081600000|100%| O|  |TAMS 0x0000000081600000, 0x0000000081500000| Untracked 
|  22|0x0000000081600000, 0x0000000081700000, 0x0000000081700000|100%| O|  |TAMS 0x0000000081700000, 0x0000000081600000| Untracked 
|  23|0x0000000081700000, 0x0000000081800000, 0x0000000081800000|100%|HS|  |TAMS 0x0000000081800000, 0x0000000081700000| Complete 
|  24|0x0000000081800000, 0x0000000081900000, 0x0000000081900000|100%|HS|  |TAMS 0x0000000081900000, 0x0000000081800000| Complete 
|  25|0x0000000081900000, 0x0000000081a00000, 0x0000000081a00000|100%|HS|  |TAMS 0x0000000081a00000, 0x0000000081900000| Complete 
|  26|0x0000000081a00000, 0x0000000081b00000, 0x0000000081b00000|100%|HS|  |TAMS 0x0000000081b00000, 0x0000000081a00000| Complete 
|  27|0x0000000081b00000, 0x0000000081c00000, 0x0000000081c00000|100%|HC|  |TAMS 0x0000000081c00000, 0x0000000081b00000| Complete 
|  28|0x0000000081c00000, 0x0000000081d00000, 0x0000000081d00000|100%|HC|  |TAMS 0x0000000081d00000, 0x0000000081c00000| Complete 
|  29|0x0000000081d00000, 0x0000000081e00000, 0x0000000081e00000|100%|HS|  |TAMS 0x0000000081e00000, 0x0000000081d00000| Complete 
|  30|0x0000000081e00000, 0x0000000081f00000, 0x0000000081f00000|100%|HC|  |TAMS 0x0000000081f00000, 0x0000000081e00000| Complete 
|  31|0x0000000081f00000, 0x0000000082000000, 0x0000000082000000|100%| O|  |TAMS 0x0000000082000000, 0x0000000081f00000| Untracked 
|  32|0x0000000082000000, 0x0000000082100000, 0x0000000082100000|100%| O|  |TAMS 0x0000000082100000, 0x0000000082000000| Untracked 
|  33|0x0000000082100000, 0x0000000082200000, 0x0000000082200000|100%| O|  |TAMS 0x0000000082200000, 0x0000000082100000| Untracked 
|  34|0x0000000082200000, 0x0000000082300000, 0x0000000082300000|100%| O|  |TAMS 0x0000000082300000, 0x0000000082200000| Untracked 
|  35|0x0000000082300000, 0x0000000082400000, 0x0000000082400000|100%| O|  |TAMS 0x0000000082400000, 0x0000000082300000| Untracked 
|  36|0x0000000082400000, 0x0000000082500000, 0x0000000082500000|100%| O|  |TAMS 0x0000000082500000, 0x0000000082400000| Untracked 
|  37|0x0000000082500000, 0x0000000082600000, 0x0000000082600000|100%| O|  |TAMS 0x0000000082600000, 0x0000000082500000| Untracked 
|  38|0x0000000082600000, 0x0000000082700000, 0x0000000082700000|100%| O|  |TAMS 0x0000000082700000, 0x0000000082600000| Untracked 
|  39|0x0000000082700000, 0x0000000082800000, 0x0000000082800000|100%| O|  |TAMS 0x0000000082800000, 0x0000000082700000| Untracked 
|  40|0x0000000082800000, 0x0000000082900000, 0x0000000082900000|100%| O|  |TAMS 0x0000000082900000, 0x0000000082800000| Untracked 
|  41|0x0000000082900000, 0x0000000082a00000, 0x0000000082a00000|100%| O|  |TAMS 0x0000000082a00000, 0x0000000082900000| Untracked 
|  42|0x0000000082a00000, 0x0000000082b00000, 0x0000000082b00000|100%| O|  |TAMS 0x0000000082b00000, 0x0000000082a00000| Untracked 
|  43|0x0000000082b00000, 0x0000000082c00000, 0x0000000082c00000|100%| O|  |TAMS 0x0000000082c00000, 0x0000000082b00000| Untracked 
|  44|0x0000000082c00000, 0x0000000082d00000, 0x0000000082d00000|100%| O|  |TAMS 0x0000000082d00000, 0x0000000082c00000| Untracked 
|  45|0x0000000082d00000, 0x0000000082e00000, 0x0000000082e00000|100%| O|  |TAMS 0x0000000082e00000, 0x0000000082d00000| Untracked 
|  46|0x0000000082e00000, 0x0000000082f00000, 0x0000000082f00000|100%| O|  |TAMS 0x0000000082f00000, 0x0000000082e00000| Untracked 
|  47|0x0000000082f00000, 0x0000000083000000, 0x0000000083000000|100%| O|  |TAMS 0x0000000083000000, 0x0000000082f00000| Untracked 
|  48|0x0000000083000000, 0x0000000083100000, 0x0000000083100000|100%| O|  |TAMS 0x0000000083100000, 0x0000000083000000| Untracked 
|  49|0x0000000083100000, 0x0000000083200000, 0x0000000083200000|100%| O|  |TAMS 0x0000000083200000, 0x0000000083100000| Untracked 
|  50|0x0000000083200000, 0x0000000083300000, 0x0000000083300000|100%| O|  |TAMS 0x0000000083300000, 0x0000000083200000| Untracked 
|  51|0x0000000083300000, 0x0000000083400000, 0x0000000083400000|100%| O|  |TAMS 0x0000000083400000, 0x0000000083300000| Untracked 
|  52|0x0000000083400000, 0x0000000083500000, 0x0000000083500000|100%| O|  |TAMS 0x0000000083500000, 0x0000000083400000| Untracked 
|  53|0x0000000083500000, 0x0000000083600000, 0x0000000083600000|100%| O|  |TAMS 0x0000000083600000, 0x0000000083500000| Untracked 
|  54|0x0000000083600000, 0x0000000083700000, 0x0000000083700000|100%| O|  |TAMS 0x0000000083700000, 0x0000000083600000| Untracked 
|  55|0x0000000083700000, 0x0000000083800000, 0x0000000083800000|100%| O|  |TAMS 0x0000000083800000, 0x0000000083700000| Untracked 
|  56|0x0000000083800000, 0x0000000083900000, 0x0000000083900000|100%| O|  |TAMS 0x0000000083900000, 0x0000000083800000| Untracked 
|  57|0x0000000083900000, 0x0000000083a00000, 0x0000000083a00000|100%| O|  |TAMS 0x0000000083a00000, 0x0000000083900000| Untracked 
|  58|0x0000000083a00000, 0x0000000083b00000, 0x0000000083b00000|100%| O|  |TAMS 0x0000000083b00000, 0x0000000083a00000| Untracked 
|  59|0x0000000083b00000, 0x0000000083c00000, 0x0000000083c00000|100%| O|  |TAMS 0x0000000083c00000, 0x0000000083b00000| Untracked 
|  60|0x0000000083c00000, 0x0000000083d00000, 0x0000000083d00000|100%| O|  |TAMS 0x0000000083d00000, 0x0000000083c00000| Untracked 
|  61|0x0000000083d00000, 0x0000000083e00000, 0x0000000083e00000|100%| O|  |TAMS 0x0000000083e00000, 0x0000000083d00000| Untracked 
|  62|0x0000000083e00000, 0x0000000083f00000, 0x0000000083f00000|100%| O|  |TAMS 0x0000000083f00000, 0x0000000083e00000| Untracked 
|  63|0x0000000083f00000, 0x0000000084000000, 0x0000000084000000|100%| O|  |TAMS 0x0000000084000000, 0x0000000083f00000| Untracked 
|  64|0x0000000084000000, 0x0000000084100000, 0x0000000084100000|100%| O|  |TAMS 0x0000000084100000, 0x0000000084000000| Untracked 
|  65|0x0000000084100000, 0x0000000084200000, 0x0000000084200000|100%| O|  |TAMS 0x0000000084200000, 0x0000000084100000| Untracked 
|  66|0x0000000084200000, 0x0000000084300000, 0x0000000084300000|100%| O|  |TAMS 0x0000000084300000, 0x0000000084200000| Untracked 
|  67|0x0000000084300000, 0x0000000084400000, 0x0000000084400000|100%| O|  |TAMS 0x0000000084400000, 0x0000000084300000| Untracked 
|  68|0x0000000084400000, 0x0000000084500000, 0x0000000084500000|100%| O|  |TAMS 0x0000000084500000, 0x0000000084400000| Untracked 
|  69|0x0000000084500000, 0x0000000084600000, 0x0000000084600000|100%| O|  |TAMS 0x0000000084600000, 0x0000000084500000| Untracked 
|  70|0x0000000084600000, 0x0000000084700000, 0x0000000084700000|100%| O|  |TAMS 0x0000000084700000, 0x0000000084600000| Untracked 
|  71|0x0000000084700000, 0x0000000084800000, 0x0000000084800000|100%| O|  |TAMS 0x0000000084800000, 0x0000000084700000| Untracked 
|  72|0x0000000084800000, 0x0000000084900000, 0x0000000084900000|100%| O|  |TAMS 0x0000000084900000, 0x0000000084800000| Untracked 
|  73|0x0000000084900000, 0x0000000084a00000, 0x0000000084a00000|100%| O|  |TAMS 0x0000000084a00000, 0x0000000084900000| Untracked 
|  74|0x0000000084a00000, 0x0000000084b00000, 0x0000000084b00000|100%| O|  |TAMS 0x0000000084b00000, 0x0000000084a00000| Untracked 
|  75|0x0000000084b00000, 0x0000000084c00000, 0x0000000084c00000|100%| O|  |TAMS 0x0000000084c00000, 0x0000000084b00000| Untracked 
|  76|0x0000000084c00000, 0x0000000084d00000, 0x0000000084d00000|100%| O|  |TAMS 0x0000000084d00000, 0x0000000084c00000| Untracked 
|  77|0x0000000084d00000, 0x0000000084e00000, 0x0000000084e00000|100%| O|  |TAMS 0x0000000084e00000, 0x0000000084d00000| Untracked 
|  78|0x0000000084e00000, 0x0000000084f00000, 0x0000000084f00000|100%| O|  |TAMS 0x0000000084f00000, 0x0000000084e00000| Untracked 
|  79|0x0000000084f00000, 0x0000000085000000, 0x0000000085000000|100%| O|  |TAMS 0x0000000085000000, 0x0000000084f00000| Untracked 
|  80|0x0000000085000000, 0x0000000085100000, 0x0000000085100000|100%| O|  |TAMS 0x0000000085100000, 0x0000000085000000| Untracked 
|  81|0x0000000085100000, 0x0000000085100000, 0x0000000085200000|  0%| F|  |TAMS 0x0000000085100000, 0x0000000085100000| Untracked 
|  82|0x0000000085200000, 0x0000000085300000, 0x0000000085300000|100%| O|  |TAMS 0x0000000085300000, 0x0000000085200000| Untracked 
|  83|0x0000000085300000, 0x0000000085400000, 0x0000000085400000|100%| O|  |TAMS 0x0000000085400000, 0x0000000085300000| Untracked 
|  84|0x0000000085400000, 0x0000000085500000, 0x0000000085500000|100%| O|  |TAMS 0x0000000085500000, 0x0000000085400000| Untracked 
|  85|0x0000000085500000, 0x0000000085600000, 0x0000000085600000|100%| O|  |TAMS 0x0000000085600000, 0x0000000085500000| Untracked 
|  86|0x0000000085600000, 0x0000000085700000, 0x0000000085700000|100%| O|  |TAMS 0x0000000085700000, 0x0000000085600000| Untracked 
|  87|0x0000000085700000, 0x0000000085800000, 0x0000000085800000|100%| O|  |TAMS 0x0000000085800000, 0x0000000085700000| Untracked 
|  88|0x0000000085800000, 0x0000000085900000, 0x0000000085900000|100%| O|  |TAMS 0x0000000085900000, 0x0000000085800000| Untracked 
|  89|0x0000000085900000, 0x000000008599fa00, 0x0000000085a00000| 62%| O|  |TAMS 0x000000008599fa00, 0x0000000085900000| Untracked 
|  90|0x0000000085a00000, 0x0000000085a00000, 0x0000000085b00000|  0%| F|  |TAMS 0x0000000085a00000, 0x0000000085a00000| Untracked 
|  91|0x0000000085b00000, 0x0000000085b00000, 0x0000000085c00000|  0%| F|  |TAMS 0x0000000085b00000, 0x0000000085b00000| Untracked 
|  92|0x0000000085c00000, 0x0000000085c00000, 0x0000000085d00000|  0%| F|  |TAMS 0x0000000085c00000, 0x0000000085c00000| Untracked 
|  93|0x0000000085d00000, 0x0000000085d00000, 0x0000000085e00000|  0%| F|  |TAMS 0x0000000085d00000, 0x0000000085d00000| Untracked 
|  94|0x0000000085e00000, 0x0000000085e00000, 0x0000000085f00000|  0%| F|  |TAMS 0x0000000085e00000, 0x0000000085e00000| Untracked 
|  95|0x0000000085f00000, 0x0000000085f00000, 0x0000000086000000|  0%| F|  |TAMS 0x0000000085f00000, 0x0000000085f00000| Untracked 
|  96|0x0000000086000000, 0x0000000086000000, 0x0000000086100000|  0%| F|  |TAMS 0x0000000086000000, 0x0000000086000000| Untracked 
|  97|0x0000000086100000, 0x0000000086100000, 0x0000000086200000|  0%| F|  |TAMS 0x0000000086100000, 0x0000000086100000| Untracked 
|  98|0x0000000086200000, 0x0000000086200000, 0x0000000086300000|  0%| F|  |TAMS 0x0000000086200000, 0x0000000086200000| Untracked 
|  99|0x0000000086300000, 0x0000000086300000, 0x0000000086400000|  0%| F|  |TAMS 0x0000000086300000, 0x0000000086300000| Untracked 
| 100|0x0000000086400000, 0x0000000086400000, 0x0000000086500000|  0%| F|  |TAMS 0x0000000086400000, 0x0000000086400000| Untracked 
| 101|0x0000000086500000, 0x0000000086500000, 0x0000000086600000|  0%| F|  |TAMS 0x0000000086500000, 0x0000000086500000| Untracked 
| 102|0x0000000086600000, 0x0000000086600000, 0x0000000086700000|  0%| F|  |TAMS 0x0000000086600000, 0x0000000086600000| Untracked 
| 103|0x0000000086700000, 0x0000000086700000, 0x0000000086800000|  0%| F|  |TAMS 0x0000000086700000, 0x0000000086700000| Untracked 
| 104|0x0000000086800000, 0x0000000086800000, 0x0000000086900000|  0%| F|  |TAMS 0x0000000086800000, 0x0000000086800000| Untracked 
| 105|0x0000000086900000, 0x0000000086900000, 0x0000000086a00000|  0%| F|  |TAMS 0x0000000086900000, 0x0000000086900000| Untracked 
| 106|0x0000000086a00000, 0x0000000086a00000, 0x0000000086b00000|  0%| F|  |TAMS 0x0000000086a00000, 0x0000000086a00000| Untracked 
| 107|0x0000000086b00000, 0x0000000086b00000, 0x0000000086c00000|  0%| F|  |TAMS 0x0000000086b00000, 0x0000000086b00000| Untracked 
| 108|0x0000000086c00000, 0x0000000086c00000, 0x0000000086d00000|  0%| F|  |TAMS 0x0000000086c00000, 0x0000000086c00000| Untracked 
| 109|0x0000000086d00000, 0x0000000086d00000, 0x0000000086e00000|  0%| F|  |TAMS 0x0000000086d00000, 0x0000000086d00000| Untracked 
| 110|0x0000000086e00000, 0x0000000086e00000, 0x0000000086f00000|  0%| F|  |TAMS 0x0000000086e00000, 0x0000000086e00000| Untracked 
| 111|0x0000000086f00000, 0x0000000086f00000, 0x0000000087000000|  0%| F|  |TAMS 0x0000000086f00000, 0x0000000086f00000| Untracked 
| 112|0x0000000087000000, 0x0000000087000000, 0x0000000087100000|  0%| F|  |TAMS 0x0000000087000000, 0x0000000087000000| Untracked 
| 113|0x0000000087100000, 0x00000000871e8ec0, 0x0000000087200000| 90%| S|CS|TAMS 0x0000000087100000, 0x0000000087100000| Complete 
| 114|0x0000000087200000, 0x0000000087300000, 0x0000000087300000|100%| S|CS|TAMS 0x0000000087200000, 0x0000000087200000| Complete 
| 115|0x0000000087300000, 0x0000000087400000, 0x0000000087400000|100%| S|CS|TAMS 0x0000000087300000, 0x0000000087300000| Complete 
| 116|0x0000000087400000, 0x0000000087500000, 0x0000000087500000|100%| S|CS|TAMS 0x0000000087400000, 0x0000000087400000| Complete 
| 117|0x0000000087500000, 0x0000000087500000, 0x0000000087600000|  0%| F|  |TAMS 0x0000000087500000, 0x0000000087500000| Untracked 
| 118|0x0000000087600000, 0x0000000087600000, 0x0000000087700000|  0%| F|  |TAMS 0x0000000087600000, 0x0000000087600000| Untracked 
| 119|0x0000000087700000, 0x0000000087800000, 0x0000000087800000|100%| S|CS|TAMS 0x0000000087700000, 0x0000000087700000| Complete 
| 120|0x0000000087800000, 0x0000000087900000, 0x0000000087900000|100%| S|CS|TAMS 0x0000000087800000, 0x0000000087800000| Complete 
| 121|0x0000000087900000, 0x0000000087900000, 0x0000000087a00000|  0%| F|  |TAMS 0x0000000087900000, 0x0000000087900000| Untracked 
| 122|0x0000000087a00000, 0x0000000087a00000, 0x0000000087b00000|  0%| F|  |TAMS 0x0000000087a00000, 0x0000000087a00000| Untracked 
| 123|0x0000000087b00000, 0x0000000087b00000, 0x0000000087c00000|  0%| F|  |TAMS 0x0000000087b00000, 0x0000000087b00000| Untracked 
| 124|0x0000000087c00000, 0x0000000087c00000, 0x0000000087d00000|  0%| F|  |TAMS 0x0000000087c00000, 0x0000000087c00000| Untracked 
| 125|0x0000000087d00000, 0x0000000087d00000, 0x0000000087e00000|  0%| F|  |TAMS 0x0000000087d00000, 0x0000000087d00000| Untracked 
| 126|0x0000000087e00000, 0x0000000087e00000, 0x0000000087f00000|  0%| F|  |TAMS 0x0000000087e00000, 0x0000000087e00000| Untracked 
| 127|0x0000000087f00000, 0x0000000087f00000, 0x0000000088000000|  0%| F|  |TAMS 0x0000000087f00000, 0x0000000087f00000| Untracked 
| 128|0x0000000088000000, 0x0000000088000000, 0x0000000088100000|  0%| F|  |TAMS 0x0000000088000000, 0x0000000088000000| Untracked 
| 129|0x0000000088100000, 0x0000000088100000, 0x0000000088200000|  0%| F|  |TAMS 0x0000000088100000, 0x0000000088100000| Untracked 
| 130|0x0000000088200000, 0x0000000088200000, 0x0000000088300000|  0%| F|  |TAMS 0x0000000088200000, 0x0000000088200000| Untracked 
| 131|0x0000000088300000, 0x0000000088300000, 0x0000000088400000|  0%| F|  |TAMS 0x0000000088300000, 0x0000000088300000| Untracked 
| 132|0x0000000088400000, 0x0000000088400000, 0x0000000088500000|  0%| F|  |TAMS 0x0000000088400000, 0x0000000088400000| Untracked 
| 133|0x0000000088500000, 0x0000000088500000, 0x0000000088600000|  0%| F|  |TAMS 0x0000000088500000, 0x0000000088500000| Untracked 
| 134|0x0000000088600000, 0x0000000088600000, 0x0000000088700000|  0%| F|  |TAMS 0x0000000088600000, 0x0000000088600000| Untracked 
| 135|0x0000000088700000, 0x0000000088700000, 0x0000000088800000|  0%| F|  |TAMS 0x0000000088700000, 0x0000000088700000| Untracked 
| 136|0x0000000088800000, 0x0000000088800000, 0x0000000088900000|  0%| F|  |TAMS 0x0000000088800000, 0x0000000088800000| Untracked 
| 137|0x0000000088900000, 0x0000000088900000, 0x0000000088a00000|  0%| F|  |TAMS 0x0000000088900000, 0x0000000088900000| Untracked 
| 138|0x0000000088a00000, 0x0000000088a00000, 0x0000000088b00000|  0%| F|  |TAMS 0x0000000088a00000, 0x0000000088a00000| Untracked 
| 139|0x0000000088b00000, 0x0000000088b00000, 0x0000000088c00000|  0%| F|  |TAMS 0x0000000088b00000, 0x0000000088b00000| Untracked 
| 140|0x0000000088c00000, 0x0000000088c00000, 0x0000000088d00000|  0%| F|  |TAMS 0x0000000088c00000, 0x0000000088c00000| Untracked 
| 141|0x0000000088d00000, 0x0000000088d00000, 0x0000000088e00000|  0%| F|  |TAMS 0x0000000088d00000, 0x0000000088d00000| Untracked 
| 142|0x0000000088e00000, 0x0000000088e00000, 0x0000000088f00000|  0%| F|  |TAMS 0x0000000088e00000, 0x0000000088e00000| Untracked 
| 143|0x0000000088f00000, 0x0000000088f00000, 0x0000000089000000|  0%| F|  |TAMS 0x0000000088f00000, 0x0000000088f00000| Untracked 
| 144|0x0000000089000000, 0x0000000089000000, 0x0000000089100000|  0%| F|  |TAMS 0x0000000089000000, 0x0000000089000000| Untracked 
| 145|0x0000000089100000, 0x0000000089100000, 0x0000000089200000|  0%| F|  |TAMS 0x0000000089100000, 0x0000000089100000| Untracked 
| 146|0x0000000089200000, 0x0000000089200000, 0x0000000089300000|  0%| F|  |TAMS 0x0000000089200000, 0x0000000089200000| Untracked 
| 147|0x0000000089300000, 0x000000008932d938, 0x0000000089400000| 17%| E|  |TAMS 0x0000000089300000, 0x0000000089300000| Complete 
| 148|0x0000000089400000, 0x0000000089500000, 0x0000000089500000|100%| E|CS|TAMS 0x0000000089400000, 0x0000000089400000| Complete 
| 149|0x0000000089500000, 0x0000000089600000, 0x0000000089600000|100%| E|CS|TAMS 0x0000000089500000, 0x0000000089500000| Complete 
| 150|0x0000000089600000, 0x0000000089700000, 0x0000000089700000|100%| E|CS|TAMS 0x0000000089600000, 0x0000000089600000| Complete 
| 151|0x0000000089700000, 0x0000000089800000, 0x0000000089800000|100%| E|CS|TAMS 0x0000000089700000, 0x0000000089700000| Complete 
| 152|0x0000000089800000, 0x0000000089900000, 0x0000000089900000|100%| E|CS|TAMS 0x0000000089800000, 0x0000000089800000| Complete 
| 153|0x0000000089900000, 0x0000000089a00000, 0x0000000089a00000|100%| E|CS|TAMS 0x0000000089900000, 0x0000000089900000| Complete 
| 154|0x0000000089a00000, 0x0000000089b00000, 0x0000000089b00000|100%| E|CS|TAMS 0x0000000089a00000, 0x0000000089a00000| Complete 
| 155|0x0000000089b00000, 0x0000000089c00000, 0x0000000089c00000|100%| E|CS|TAMS 0x0000000089b00000, 0x0000000089b00000| Complete 
| 156|0x0000000089c00000, 0x0000000089d00000, 0x0000000089d00000|100%| E|CS|TAMS 0x0000000089c00000, 0x0000000089c00000| Complete 
| 157|0x0000000089d00000, 0x0000000089e00000, 0x0000000089e00000|100%| E|CS|TAMS 0x0000000089d00000, 0x0000000089d00000| Complete 
| 158|0x0000000089e00000, 0x0000000089f00000, 0x0000000089f00000|100%| E|CS|TAMS 0x0000000089e00000, 0x0000000089e00000| Complete 
| 159|0x0000000089f00000, 0x000000008a000000, 0x000000008a000000|100%| E|CS|TAMS 0x0000000089f00000, 0x0000000089f00000| Complete 
| 160|0x000000008a000000, 0x000000008a100000, 0x000000008a100000|100%| E|CS|TAMS 0x000000008a000000, 0x000000008a000000| Complete 
| 161|0x000000008a100000, 0x000000008a200000, 0x000000008a200000|100%| E|CS|TAMS 0x000000008a100000, 0x000000008a100000| Complete 
| 162|0x000000008a200000, 0x000000008a300000, 0x000000008a300000|100%| E|CS|TAMS 0x000000008a200000, 0x000000008a200000| Complete 
| 163|0x000000008a300000, 0x000000008a400000, 0x000000008a400000|100%| E|CS|TAMS 0x000000008a300000, 0x000000008a300000| Complete 
| 164|0x000000008a400000, 0x000000008a500000, 0x000000008a500000|100%| E|CS|TAMS 0x000000008a400000, 0x000000008a400000| Complete 
| 165|0x000000008a500000, 0x000000008a600000, 0x000000008a600000|100%| E|  |TAMS 0x000000008a500000, 0x000000008a500000| Complete 
| 166|0x000000008a600000, 0x000000008a700000, 0x000000008a700000|100%| E|CS|TAMS 0x000000008a600000, 0x000000008a600000| Complete 
| 167|0x000000008a700000, 0x000000008a800000, 0x000000008a800000|100%| E|CS|TAMS 0x000000008a700000, 0x000000008a700000| Complete 
| 168|0x000000008a800000, 0x000000008a900000, 0x000000008a900000|100%| E|CS|TAMS 0x000000008a800000, 0x000000008a800000| Complete 
| 169|0x000000008a900000, 0x000000008aa00000, 0x000000008aa00000|100%| E|CS|TAMS 0x000000008a900000, 0x000000008a900000| Complete 
| 170|0x000000008aa00000, 0x000000008ab00000, 0x000000008ab00000|100%| E|CS|TAMS 0x000000008aa00000, 0x000000008aa00000| Complete 
| 171|0x000000008ab00000, 0x000000008ac00000, 0x000000008ac00000|100%| E|CS|TAMS 0x000000008ab00000, 0x000000008ab00000| Complete 
| 172|0x000000008ac00000, 0x000000008ad00000, 0x000000008ad00000|100%| E|CS|TAMS 0x000000008ac00000, 0x000000008ac00000| Complete 
| 173|0x000000008ad00000, 0x000000008ae00000, 0x000000008ae00000|100%| E|CS|TAMS 0x000000008ad00000, 0x000000008ad00000| Complete 
| 174|0x000000008ae00000, 0x000000008af00000, 0x000000008af00000|100%| E|CS|TAMS 0x000000008ae00000, 0x000000008ae00000| Complete 
| 175|0x000000008af00000, 0x000000008b000000, 0x000000008b000000|100%| E|CS|TAMS 0x000000008af00000, 0x000000008af00000| Complete 
| 176|0x000000008b000000, 0x000000008b100000, 0x000000008b100000|100%| E|CS|TAMS 0x000000008b000000, 0x000000008b000000| Complete 
| 177|0x000000008b100000, 0x000000008b200000, 0x000000008b200000|100%| E|CS|TAMS 0x000000008b100000, 0x000000008b100000| Complete 
| 178|0x000000008b200000, 0x000000008b300000, 0x000000008b300000|100%| E|CS|TAMS 0x000000008b200000, 0x000000008b200000| Complete 
| 179|0x000000008b300000, 0x000000008b400000, 0x000000008b400000|100%| E|CS|TAMS 0x000000008b300000, 0x000000008b300000| Complete 
| 180|0x000000008b400000, 0x000000008b500000, 0x000000008b500000|100%| E|CS|TAMS 0x000000008b400000, 0x000000008b400000| Complete 
| 181|0x000000008b500000, 0x000000008b600000, 0x000000008b600000|100%| E|CS|TAMS 0x000000008b500000, 0x000000008b500000| Complete 
| 182|0x000000008b600000, 0x000000008b700000, 0x000000008b700000|100%| E|CS|TAMS 0x000000008b600000, 0x000000008b600000| Complete 
| 183|0x000000008b700000, 0x000000008b800000, 0x000000008b800000|100%| E|CS|TAMS 0x000000008b700000, 0x000000008b700000| Complete 
| 184|0x000000008b800000, 0x000000008b900000, 0x000000008b900000|100%| E|CS|TAMS 0x000000008b800000, 0x000000008b800000| Complete 

Card table byte_map: [0x0000023775db0000,0x00000237761b0000] _byte_map_base: 0x00000237759b0000

Marking Bits (Prev, Next): (CMBitMap*) 0x0000023762eee038, (CMBitMap*) 0x0000023762eee070
 Prev Bits: [0x00000237765b0000, 0x00000237785b0000)
 Next Bits: [0x00000237785b0000, 0x000002377a5b0000)

Polling page: 0x0000023760de0000

Metaspace:

Usage:
  Non-class:     89.79 MB capacity,    88.26 MB ( 98%) used,     1.25 MB (  1%) free+waste,   296.81 KB ( <1%) overhead. 
      Class:     13.60 MB capacity,    12.73 MB ( 94%) used,   762.68 KB (  5%) free+waste,   132.44 KB ( <1%) overhead. 
       Both:    103.40 MB capacity,   100.99 MB ( 98%) used,     1.99 MB (  2%) free+waste,   429.25 KB ( <1%) overhead. 

Virtual space:
  Non-class space:       90.00 MB reserved,      90.00 MB (100%) committed 
      Class space:        1.00 GB reserved,      13.70 MB (  1%) committed 
             Both:        1.09 GB reserved,     103.70 MB (  9%) committed 

Chunk freelists:
   Non-Class:  18.00 KB
       Class:  0 bytes
        Both:  18.00 KB

MaxMetaspaceSize: 17179869184.00 GB
CompressedClassSpaceSize: 1.00 GB

CodeHeap 'non-profiled nmethods': size=120064Kb used=6870Kb max_used=6870Kb free=113194Kb
 bounds [0x000002376e470000, 0x000002376eb30000, 0x00000237759b0000]
CodeHeap 'profiled nmethods': size=120000Kb used=28082Kb max_used=28082Kb free=91917Kb
 bounds [0x0000023766f40000, 0x0000023768ab0000, 0x000002376e470000]
CodeHeap 'non-nmethods': size=5696Kb used=2328Kb max_used=2393Kb free=3367Kb
 bounds [0x00000237669b0000, 0x0000023766c20000, 0x0000023766f40000]
 total_blobs=13990 nmethods=13040 adapters=861
 compilation: enabled
              stopped_count=0, restarted_count=0
 full_count=0

Compilation events (20 events):
Event: 72.005 Thread 0x000002377cac3800 nmethod 13103 0x000002376eb24910 code [0x000002376eb24ac0, 0x000002376eb24b78]
Event: 72.005 Thread 0x000002377cac3800 13101       1       java.io.ObjectStreamClass::getName (5 bytes)
Event: 72.005 Thread 0x000002377cac3800 nmethod 13101 0x000002376eb24c10 code [0x000002376eb24dc0, 0x000002376eb24e78]
Event: 72.005 Thread 0x000002377cac3800 13102       1       java.io.ObjectStreamClass$FieldReflector::getFields (5 bytes)
Event: 72.005 Thread 0x000002377cac3800 nmethod 13102 0x000002376eb24f10 code [0x000002376eb250c0, 0x000002376eb25178]
Event: 72.595 Thread 0x000002377cabb000 13106       4       java.util.concurrent.locks.AbstractQueuedSynchronizer::enq (37 bytes)
Event: 72.602 Thread 0x000002377cabb000 nmethod 13106 0x000002376eb25210 code [0x000002376eb253c0, 0x000002376eb25728]
Event: 72.870 Thread 0x000002377cac3800 13107       3       java.lang.StackTraceElement::equals (122 bytes)
Event: 72.870 Thread 0x000002377cac3800 nmethod 13107 0x0000023768aa9f10 code [0x0000023768aaa1a0, 0x0000023768aaae58]
Event: 72.870 Thread 0x000002377cac3800 13108       3       org.gradle.internal.logging.console.StyledTextOutputBackedRenderer$OutputEventTextOutputImpl::doEndLine (17 bytes)
Event: 72.870 Thread 0x000002377cac3800 nmethod 13108 0x0000023768aab110 code [0x0000023768aab2c0, 0x0000023768aab488]
Event: 75.448 Thread 0x000002377cac3800 13109       3       java.util.HashMap$Values::spliterator (16 bytes)
Event: 75.448 Thread 0x000002377cac3800 nmethod 13109 0x0000023768aab590 code [0x0000023768aab760, 0x0000023768aab988]
Event: 75.448 Thread 0x000002377cac3800 13110       3       java.util.HashMap$ValueSpliterator::<init> (12 bytes)
Event: 75.449 Thread 0x000002377cac3800 nmethod 13110 0x0000023768aaba90 code [0x0000023768aabc40, 0x0000023768aabe58]
Event: 79.032 Thread 0x000002377cac3800 13111       3       sun.nio.fs.WindowsSecurityDescriptor::address (19 bytes)
Event: 79.032 Thread 0x000002377cac3800 nmethod 13111 0x0000023768aabf90 code [0x0000023768aac140, 0x0000023768aac2d8]
Event: 79.827 Thread 0x000002377cabb000 13112       4       java.util.concurrent.locks.AbstractQueuedSynchronizer$ConditionObject::awaitNanos (181 bytes)
Event: 79.831 Thread 0x000002377cac3800 13113       3       org.gradle.internal.operations.CurrentBuildOperationRef::getId (20 bytes)
Event: 79.831 Thread 0x000002377cac3800 nmethod 13113 0x0000023768aac390 code [0x0000023768aac580, 0x0000023768aaca28]

GC Heap History (20 events):
Event: 8.680 GC heap before
{Heap before GC invocations=15 (full 0):
 garbage-first heap   total 189440K, used 129891K [0x0000000080000000, 0x0000000100000000)
  region size 1024K, 77 young (78848K), 8 survivors (8192K)
 Metaspace       used 68118K, capacity 69742K, committed 69964K, reserved 1110016K
  class space    used 8577K, capacity 9170K, committed 9292K, reserved 1048576K
}
Event: 8.693 GC heap after
{Heap after GC invocations=16 (full 0):
 garbage-first heap   total 189440K, used 65061K [0x0000000080000000, 0x0000000100000000)
  region size 1024K, 6 young (6144K), 6 survivors (6144K)
 Metaspace       used 68118K, capacity 69742K, committed 69964K, reserved 1110016K
  class space    used 8577K, capacity 9170K, committed 9292K, reserved 1048576K
}
Event: 9.667 GC heap before
{Heap before GC invocations=16 (full 0):
 garbage-first heap   total 189440K, used 135717K [0x0000000080000000, 0x0000000100000000)
  region size 1024K, 75 young (76800K), 6 survivors (6144K)
 Metaspace       used 75417K, capacity 77089K, committed 77260K, reserved 1116160K
  class space    used 9706K, capacity 10331K, committed 10444K, reserved 1048576K
}
Event: 9.678 GC heap after
{Heap after GC invocations=17 (full 0):
 garbage-first heap   total 189440K, used 69434K [0x0000000080000000, 0x0000000100000000)
  region size 1024K, 5 young (5120K), 5 survivors (5120K)
 Metaspace       used 75417K, capacity 77089K, committed 77260K, reserved 1116160K
  class space    used 9706K, capacity 10331K, committed 10444K, reserved 1048576K
}
Event: 10.634 GC heap before
{Heap before GC invocations=17 (full 0):
 garbage-first heap   total 189440K, used 140090K [0x0000000080000000, 0x0000000100000000)
  region size 1024K, 74 young (75776K), 5 survivors (5120K)
 Metaspace       used 82446K, capacity 84192K, committed 84300K, reserved 1122304K
  class space    used 10630K, capacity 11285K, committed 11340K, reserved 1048576K
}
Event: 10.644 GC heap after
{Heap after GC invocations=18 (full 0):
 garbage-first heap   total 189440K, used 75295K [0x0000000080000000, 0x0000000100000000)
  region size 1024K, 10 young (10240K), 10 survivors (10240K)
 Metaspace       used 82446K, capacity 84192K, committed 84300K, reserved 1122304K
  class space    used 10630K, capacity 11285K, committed 11340K, reserved 1048576K
}
Event: 11.721 GC heap before
{Heap before GC invocations=18 (full 0):
 garbage-first heap   total 189440K, used 143903K [0x0000000080000000, 0x0000000100000000)
  region size 1024K, 78 young (79872K), 10 survivors (10240K)
 Metaspace       used 85947K, capacity 88016K, committed 88140K, reserved 1126400K
  class space    used 11057K, capacity 11824K, committed 11852K, reserved 1048576K
}
Event: 11.736 GC heap after
{Heap after GC invocations=19 (full 0):
 garbage-first heap   total 189440K, used 83272K [0x0000000080000000, 0x0000000100000000)
  region size 1024K, 8 young (8192K), 8 survivors (8192K)
 Metaspace       used 85947K, capacity 88016K, committed 88140K, reserved 1126400K
  class space    used 11057K, capacity 11824K, committed 11852K, reserved 1048576K
}
Event: 12.368 GC heap before
{Heap before GC invocations=19 (full 0):
 garbage-first heap   total 189440K, used 146760K [0x0000000080000000, 0x0000000100000000)
  region size 1024K, 71 young (72704K), 8 survivors (8192K)
 Metaspace       used 90595K, capacity 92711K, committed 92876K, reserved 1130496K
  class space    used 11676K, capacity 12445K, committed 12492K, reserved 1048576K
}
Event: 12.376 GC heap after
{Heap after GC invocations=20 (full 0):
 garbage-first heap   total 189440K, used 84992K [0x0000000080000000, 0x0000000100000000)
  region size 1024K, 2 young (2048K), 2 survivors (2048K)
 Metaspace       used 90595K, capacity 92711K, committed 92876K, reserved 1130496K
  class space    used 11676K, capacity 12445K, committed 12492K, reserved 1048576K
}
Event: 13.950 GC heap before
{Heap before GC invocations=20 (full 0):
 garbage-first heap   total 189440K, used 150528K [0x0000000080000000, 0x0000000100000000)
  region size 1024K, 67 young (68608K), 2 survivors (2048K)
 Metaspace       used 94436K, capacity 96668K, committed 96972K, reserved 1132544K
  class space    used 12102K, capacity 12904K, committed 13004K, reserved 1048576K
}
Event: 13.960 GC heap after
{Heap after GC invocations=21 (full 0):
 garbage-first heap   total 189440K, used 90849K [0x0000000080000000, 0x0000000100000000)
  region size 1024K, 8 young (8192K), 8 survivors (8192K)
 Metaspace       used 94436K, capacity 96668K, committed 96972K, reserved 1132544K
  class space    used 12102K, capacity 12904K, committed 13004K, reserved 1048576K
}
Event: 14.343 GC heap before
{Heap before GC invocations=21 (full 0):
 garbage-first heap   total 189440K, used 153313K [0x0000000080000000, 0x0000000100000000)
  region size 1024K, 68 young (69632K), 8 survivors (8192K)
 Metaspace       used 96001K, capacity 98263K, committed 98380K, reserved 1134592K
  class space    used 12280K, capacity 13114K, committed 13132K, reserved 1048576K
}
Event: 14.352 GC heap after
{Heap after GC invocations=22 (full 0):
 garbage-first heap   total 189440K, used 95172K [0x0000000080000000, 0x0000000100000000)
  region size 1024K, 4 young (4096K), 4 survivors (4096K)
 Metaspace       used 96001K, capacity 98263K, committed 98380K, reserved 1134592K
  class space    used 12280K, capacity 13114K, committed 13132K, reserved 1048576K
}
Event: 14.547 GC heap before
{Heap before GC invocations=22 (full 0):
 garbage-first heap   total 189440K, used 154564K [0x0000000080000000, 0x0000000100000000)
  region size 1024K, 62 young (63488K), 4 survivors (4096K)
 Metaspace       used 96004K, capacity 98265K, committed 98380K, reserved 1134592K
  class space    used 12280K, capacity 13114K, committed 13132K, reserved 1048576K
}
Event: 14.550 GC heap after
{Heap after GC invocations=23 (full 0):
 garbage-first heap   total 189440K, used 95573K [0x0000000080000000, 0x0000000100000000)
  region size 1024K, 4 young (4096K), 4 survivors (4096K)
 Metaspace       used 96004K, capacity 98265K, committed 98380K, reserved 1134592K
  class space    used 12280K, capacity 13114K, committed 13132K, reserved 1048576K
}
Event: 14.918 GC heap before
{Heap before GC invocations=24 (full 0):
 garbage-first heap   total 189440K, used 157013K [0x0000000080000000, 0x0000000100000000)
  region size 1024K, 64 young (65536K), 4 survivors (4096K)
 Metaspace       used 96561K, capacity 98710K, committed 99020K, reserved 1134592K
  class space    used 12340K, capacity 13150K, committed 13260K, reserved 1048576K
}
Event: 14.922 GC heap after
{Heap after GC invocations=25 (full 0):
 garbage-first heap   total 189440K, used 94153K [0x0000000080000000, 0x0000000100000000)
  region size 1024K, 4 young (4096K), 4 survivors (4096K)
 Metaspace       used 96561K, capacity 98710K, committed 99020K, reserved 1134592K
  class space    used 12340K, capacity 13150K, committed 13260K, reserved 1048576K
}
Event: 57.896 GC heap before
{Heap before GC invocations=25 (full 0):
 garbage-first heap   total 189440K, used 156617K [0x0000000080000000, 0x0000000100000000)
  region size 1024K, 66 young (67584K), 4 survivors (4096K)
 Metaspace       used 102793K, capacity 105298K, committed 105420K, reserved 1140736K
  class space    used 13025K, capacity 13914K, committed 14028K, reserved 1048576K
}
Event: 57.909 GC heap after
{Heap after GC invocations=26 (full 0):
 garbage-first heap   total 189440K, used 96802K [0x0000000080000000, 0x0000000100000000)
  region size 1024K, 6 young (6144K), 6 survivors (6144K)
 Metaspace       used 102793K, capacity 105298K, committed 105420K, reserved 1140736K
  class space    used 13025K, capacity 13914K, committed 14028K, reserved 1048576K
}

Deoptimization events (20 events):
Event: 58.201 Thread 0x000002377e862800 Uncommon trap: trap_request=0xffffff4d fr.pc=0x000002376ea57400 relative=0x00000000000001c0
Event: 58.201 Thread 0x000002377e862800 Uncommon trap: reason=unstable_if action=reinterpret pc=0x000002376ea57400 method=java.lang.StringCoding.encode(Ljava/nio/charset/Charset;B[B)[B @ 4 c2
Event: 58.201 Thread 0x000002377e862800 DEOPT PACKING pc=0x000002376ea57400 sp=0x0000009b01cf9480
Event: 58.201 Thread 0x000002377e862800 DEOPT UNPACKING pc=0x00000237669d65af sp=0x0000009b01cf9400 mode 2
Event: 58.207 Thread 0x000002377e27c000 DEOPT PACKING pc=0x0000023767755771 sp=0x0000009b061fdd50
Event: 58.207 Thread 0x000002377e27c000 DEOPT UNPACKING pc=0x00000237669d6d5e sp=0x0000009b061fd248 mode 0
Event: 58.351 Thread 0x000002377e283000 Uncommon trap: trap_request=0xffffffc6 fr.pc=0x000002376ea50148 relative=0x0000000000000548
Event: 58.351 Thread 0x000002377e283000 Uncommon trap: reason=bimorphic_or_optimized_type_check action=maybe_recompile pc=0x000002376ea50148 method=java.util.Iterator.forEachRemaining(Ljava/util/function/Consumer;)V @ 6 c2
Event: 58.351 Thread 0x000002377e283000 DEOPT PACKING pc=0x000002376ea50148 sp=0x0000009b063fbda0
Event: 58.351 Thread 0x000002377e283000 DEOPT UNPACKING pc=0x00000237669d65af sp=0x0000009b063fbd80 mode 2
Event: 58.564 Thread 0x000002377e862800 Uncommon trap: trap_request=0xffffff4d fr.pc=0x000002376eac85ec relative=0x000000000000176c
Event: 58.565 Thread 0x000002377e862800 Uncommon trap: reason=unstable_if action=reinterpret pc=0x000002376eac85ec method=com.esotericsoftware.kryo.io.Input.readAscii()Ljava/lang/String; @ 23 c2
Event: 58.565 Thread 0x000002377e862800 DEOPT PACKING pc=0x000002376eac85ec sp=0x0000009b01cf6980
Event: 58.565 Thread 0x000002377e862800 DEOPT UNPACKING pc=0x00000237669d65af sp=0x0000009b01cf68d8 mode 2
Event: 58.720 Thread 0x000002377e27c000 DEOPT PACKING pc=0x00000237681a44b1 sp=0x0000009b061f9d00
Event: 58.720 Thread 0x000002377e27c000 DEOPT UNPACKING pc=0x00000237669d6d5e sp=0x0000009b061f91c8 mode 0
Event: 71.933 Thread 0x000002377e27c000 Uncommon trap: trap_request=0xffffffde fr.pc=0x000002376ea0da24 relative=0x0000000000000104
Event: 71.933 Thread 0x000002377e27c000 Uncommon trap: reason=class_check action=maybe_recompile pc=0x000002376ea0da24 method=java.lang.reflect.Array.newInstance(Ljava/lang/Class;I)Ljava/lang/Object; @ 2 c2
Event: 71.933 Thread 0x000002377e27c000 DEOPT PACKING pc=0x000002376ea0da24 sp=0x0000009b061f92a0
Event: 71.933 Thread 0x000002377e27c000 DEOPT UNPACKING pc=0x00000237669d65af sp=0x0000009b061f9238 mode 2

Classes redefined (0 events):
No events

Internal exceptions (20 events):
Event: 58.170 Thread 0x000002377e862800 Exception <a 'sun/nio/fs/WindowsException'{0x000000008ab28988}> (0x000000008ab28988) thrown at [./src/hotspot/share/prims/jni.cpp, line 615]
Event: 58.170 Thread 0x000002377e862800 Exception <a 'sun/nio/fs/WindowsException'{0x000000008ab29fa8}> (0x000000008ab29fa8) thrown at [./src/hotspot/share/prims/jni.cpp, line 615]
Event: 58.170 Thread 0x000002377e862800 Exception <a 'sun/nio/fs/WindowsException'{0x000000008ab2b618}> (0x000000008ab2b618) thrown at [./src/hotspot/share/prims/jni.cpp, line 615]
Event: 58.170 Thread 0x000002377e862800 Exception <a 'sun/nio/fs/WindowsException'{0x000000008ab2cc88}> (0x000000008ab2cc88) thrown at [./src/hotspot/share/prims/jni.cpp, line 615]
Event: 58.205 Thread 0x000002377e862800 Exception <a 'sun/nio/fs/WindowsException'{0x000000008a98c438}> (0x000000008a98c438) thrown at [./src/hotspot/share/prims/jni.cpp, line 615]
Event: 59.950 Thread 0x000002370115a000 Exception <a 'java/net/ConnectException'{0x000000008b84e1b8}: Connection refused: connect> (0x000000008b84e1b8) thrown at [./src/hotspot/share/prims/jni.cpp, line 636]
Event: 60.748 Thread 0x000002377e27c000 Exception <a 'java/net/ConnectException'{0x00000000897e2c60}: Connection refused: connect> (0x00000000897e2c60) thrown at [./src/hotspot/share/prims/jni.cpp, line 636]
Event: 62.009 Thread 0x000002370115a000 Exception <a 'java/net/ConnectException'{0x000000008b84e998}: Connection refused: connect> (0x000000008b84e998) thrown at [./src/hotspot/share/prims/jni.cpp, line 636]
Event: 62.803 Thread 0x000002377e27c000 Exception <a 'java/net/ConnectException'{0x00000000897ea458}: Connection refused: connect> (0x00000000897ea458) thrown at [./src/hotspot/share/prims/jni.cpp, line 636]
Event: 64.071 Thread 0x000002370115a000 Exception <a 'java/net/ConnectException'{0x000000008b84f178}: Connection refused: connect> (0x000000008b84f178) thrown at [./src/hotspot/share/prims/jni.cpp, line 636]
Event: 64.865 Thread 0x000002377e27c000 Exception <a 'java/net/ConnectException'{0x00000000897eb980}: Connection refused: connect> (0x00000000897eb980) thrown at [./src/hotspot/share/prims/jni.cpp, line 636]
Event: 67.778 Thread 0x000002377e27c000 Exception <a 'java/net/ConnectException'{0x0000000089632130}: Connection refused: connect> (0x0000000089632130) thrown at [./src/hotspot/share/prims/jni.cpp, line 636]
Event: 69.842 Thread 0x000002377e27c000 Exception <a 'java/net/ConnectException'{0x0000000089633658}: Connection refused: connect> (0x0000000089633658) thrown at [./src/hotspot/share/prims/jni.cpp, line 636]
Event: 71.887 Thread 0x000002377e27c000 Exception <a 'java/net/ConnectException'{0x0000000089634b80}: Connection refused: connect> (0x0000000089634b80) thrown at [./src/hotspot/share/prims/jni.cpp, line 636]
Event: 71.934 Thread 0x000002377e286800 Exception <a 'java/lang/InterruptedException'{0x0000000089665b30}> (0x0000000089665b30) thrown at [./src/hotspot/share/runtime/objectMonitor.cpp, line 1635]
Event: 72.865 Thread 0x0000023701160800 Exception <a 'sun/net/ConnectionResetException'{0x00000000894435d8}: > (0x00000000894435d8) thrown at [./src/hotspot/share/prims/jni.cpp, line 636]
Event: 72.865 Thread 0x000002377e27c000 Exception <a 'sun/net/ConnectionResetException'{0x000000008940e720}: > (0x000000008940e720) thrown at [./src/hotspot/share/prims/jni.cpp, line 636]
Event: 74.905 Thread 0x000002377e27c000 Exception <a 'java/net/ConnectException'{0x00000000894c3128}: Connection refused: connect> (0x00000000894c3128) thrown at [./src/hotspot/share/prims/jni.cpp, line 636]
Event: 76.971 Thread 0x000002377e27c000 Exception <a 'java/net/ConnectException'{0x00000000894c43a8}: Connection refused: connect> (0x00000000894c43a8) thrown at [./src/hotspot/share/prims/jni.cpp, line 636]
Event: 79.025 Thread 0x000002377e27c000 Exception <a 'java/net/ConnectException'{0x00000000894c5628}: Connection refused: connect> (0x00000000894c5628) thrown at [./src/hotspot/share/prims/jni.cpp, line 636]

Events (20 events):
Event: 71.934 Executing VM operation: RevokeBias
Event: 71.934 Executing VM operation: RevokeBias done
Event: 71.934 Executing VM operation: RevokeBias
Event: 71.934 Executing VM operation: RevokeBias done
Event: 71.934 Executing VM operation: RevokeBias
Event: 71.934 Executing VM operation: RevokeBias done
Event: 71.947 Executing VM operation: RevokeBias
Event: 71.947 Executing VM operation: RevokeBias done
Event: 71.947 Executing VM operation: RevokeBias
Event: 71.947 Executing VM operation: RevokeBias done
Event: 71.947 Executing VM operation: RevokeBias
Event: 71.947 Executing VM operation: RevokeBias done
Event: 71.947 Executing VM operation: RevokeBias
Event: 71.948 Executing VM operation: RevokeBias done
Event: 71.949 Executing VM operation: RevokeBias
Event: 71.949 Executing VM operation: RevokeBias done
Event: 71.999 Executing VM operation: RevokeBias
Event: 71.999 Executing VM operation: RevokeBias done
Event: 79.037 Thread 0x000002377e284000 Thread added: 0x000002377e284000
Event: 79.833 Executing VM operation: RevokeBias


Dynamic libraries:
0x00007ff7a7f90000 - 0x00007ff7a7f9a000 	C:\Program Files\Android\Android Studio\jre\bin\java.exe
0x00007ffdcaa70000 - 0x00007ffdcac65000 	C:\WINDOWS\SYSTEM32\ntdll.dll
0x00007ffdca8e0000 - 0x00007ffdca99e000 	C:\WINDOWS\System32\KERNEL32.DLL
0x00007ffdc81f0000 - 0x00007ffdc84b8000 	C:\WINDOWS\System32\KERNELBASE.dll
0x00007ffdc8690000 - 0x00007ffdc8790000 	C:\WINDOWS\System32\ucrtbase.dll
0x00007ffdbbf00000 - 0x00007ffdbbf17000 	C:\Program Files\Android\Android Studio\jre\bin\VCRUNTIME140.dll
0x00007ffdbcee0000 - 0x00007ffdbcef9000 	C:\Program Files\Android\Android Studio\jre\bin\jli.dll
0x00007ffdc99a0000 - 0x00007ffdc9b40000 	C:\WINDOWS\System32\USER32.dll
0x00007ffdc8190000 - 0x00007ffdc81b2000 	C:\WINDOWS\System32\win32u.dll
0x00007ffdbc000000 - 0x00007ffdbc29a000 	C:\WINDOWS\WinSxS\amd64_microsoft.windows.common-controls_6595b64144ccf1df_6.0.19041.1110_none_60b5254171f9507e\COMCTL32.dll
0x00007ffdc96c0000 - 0x00007ffdc96eb000 	C:\WINDOWS\System32\GDI32.dll
0x00007ffdc91b0000 - 0x00007ffdc924e000 	C:\WINDOWS\System32\msvcrt.dll
0x00007ffdc89c0000 - 0x00007ffdc8acb000 	C:\WINDOWS\System32\gdi32full.dll
0x00007ffdc8920000 - 0x00007ffdc89bd000 	C:\WINDOWS\System32\msvcp_win.dll
0x00007ffdc9840000 - 0x00007ffdc9870000 	C:\WINDOWS\System32\IMM32.DLL
0x00007ffda42c0000 - 0x00007ffda435d000 	C:\Program Files\Android\Android Studio\jre\bin\msvcp140.dll
0x00007ffd94650000 - 0x00007ffd95125000 	C:\Program Files\Android\Android Studio\jre\bin\server\jvm.dll
0x00007ffdc9bb0000 - 0x00007ffdc9c5e000 	C:\WINDOWS\System32\ADVAPI32.dll
0x00007ffdc9eb0000 - 0x00007ffdc9f4c000 	C:\WINDOWS\System32\sechost.dll
0x00007ffdc8f50000 - 0x00007ffdc9075000 	C:\WINDOWS\System32\RPCRT4.dll
0x00007ffdc8f40000 - 0x00007ffdc8f48000 	C:\WINDOWS\System32\PSAPI.DLL
0x00007ffdaf300000 - 0x00007ffdaf309000 	C:\WINDOWS\SYSTEM32\WSOCK32.dll
0x00007ffdca100000 - 0x00007ffdca16b000 	C:\WINDOWS\System32\WS2_32.dll
0x00007ffdbe3c0000 - 0x00007ffdbe3e7000 	C:\WINDOWS\SYSTEM32\WINMM.dll
0x00007ffdc1860000 - 0x00007ffdc186a000 	C:\WINDOWS\SYSTEM32\VERSION.dll
0x00007ffdc60c0000 - 0x00007ffdc60d2000 	C:\WINDOWS\SYSTEM32\kernel.appcore.dll
0x00007ffdc4040000 - 0x00007ffdc4051000 	C:\Program Files\Android\Android Studio\jre\bin\verify.dll
0x00007ffdb20a0000 - 0x00007ffdb2284000 	C:\WINDOWS\SYSTEM32\DBGHELP.DLL
0x00007ffdb8c30000 - 0x00007ffdb8c5c000 	C:\WINDOWS\SYSTEM32\dbgcore.DLL
0x00007ffdc8890000 - 0x00007ffdc8912000 	C:\WINDOWS\System32\bcryptPrimitives.dll
0x00007ffdbe7d0000 - 0x00007ffdbe7f9000 	C:\Program Files\Android\Android Studio\jre\bin\java.dll
0x00007ffdbfe50000 - 0x00007ffdbfe5b000 	C:\Program Files\Android\Android Studio\jre\bin\jimage.dll
0x00007ffdbe810000 - 0x00007ffdbe828000 	C:\Program Files\Android\Android Studio\jre\bin\zip.dll
0x00007ffdca190000 - 0x00007ffdca8d4000 	C:\WINDOWS\System32\SHELL32.dll
0x00007ffdc62c0000 - 0x00007ffdc6a54000 	C:\WINDOWS\SYSTEM32\windows.storage.dll
0x00007ffdc9250000 - 0x00007ffdc95a4000 	C:\WINDOWS\System32\combase.dll
0x00007ffdc7bf0000 - 0x00007ffdc7c1c000 	C:\WINDOWS\SYSTEM32\Wldp.dll
0x00007ffdc9ce0000 - 0x00007ffdc9d8d000 	C:\WINDOWS\System32\SHCORE.dll
0x00007ffdc9660000 - 0x00007ffdc96b5000 	C:\WINDOWS\System32\shlwapi.dll
0x00007ffdc80d0000 - 0x00007ffdc80ef000 	C:\WINDOWS\SYSTEM32\profapi.dll
0x00007ffdbe6c0000 - 0x00007ffdbe6da000 	C:\Program Files\Android\Android Studio\jre\bin\net.dll
0x00007ffdb8e30000 - 0x00007ffdb8f39000 	C:\WINDOWS\SYSTEM32\WINHTTP.dll
0x00007ffdc7950000 - 0x00007ffdc79ba000 	C:\WINDOWS\system32\mswsock.dll
0x00007ffdbdd40000 - 0x00007ffdbdd54000 	C:\Program Files\Android\Android Studio\jre\bin\nio.dll
0x00007ffdbe770000 - 0x00007ffdbe797000 	C:\Users\Peter\.gradle\wrapper\dists\gradle-7.2-bin\native\e1d6ef7f7dcc3fd88c89a11ec53ec762bb8ba0a96d01ffa2cd45eb1d1d8dd5c5\windows-amd64\native-platform.dll
0x00007ffda4170000 - 0x00007ffda42b4000 	C:\Users\Peter\.gradle\wrapper\dists\gradle-7.2-bin\native\5664cfc778a61ccfe75a443a1ab52a65af34e5dc3c78e0209fed803814484fcb\windows-amd64\native-platform-file-events.dll
0x00007ffdbe840000 - 0x00007ffdbe84a000 	C:\Program Files\Android\Android Studio\jre\bin\management.dll
0x00007ffdbe7c0000 - 0x00007ffdbe7cd000 	C:\Program Files\Android\Android Studio\jre\bin\management_ext.dll
0x00007ffdc7b40000 - 0x00007ffdc7b58000 	C:\WINDOWS\SYSTEM32\CRYPTSP.dll
0x00007ffdc7260000 - 0x00007ffdc7294000 	C:\WINDOWS\system32\rsaenh.dll
0x00007ffdc81c0000 - 0x00007ffdc81e7000 	C:\WINDOWS\System32\bcrypt.dll
0x00007ffdc8090000 - 0x00007ffdc80be000 	C:\WINDOWS\SYSTEM32\USERENV.dll
0x00007ffdc7b60000 - 0x00007ffdc7b6c000 	C:\WINDOWS\SYSTEM32\CRYPTBASE.dll
0x00007ffdc75f0000 - 0x00007ffdc762b000 	C:\WINDOWS\SYSTEM32\IPHLPAPI.DLL
0x00007ffdc9b40000 - 0x00007ffdc9b48000 	C:\WINDOWS\System32\NSI.dll
0x00007ffdc1e30000 - 0x00007ffdc1e47000 	C:\WINDOWS\SYSTEM32\dhcpcsvc6.DLL
0x00007ffdc1db0000 - 0x00007ffdc1dcd000 	C:\WINDOWS\SYSTEM32\dhcpcsvc.DLL
0x00007ffdc7640000 - 0x00007ffdc770a000 	C:\WINDOWS\SYSTEM32\DNSAPI.dll
0x00007ffdaab90000 - 0x00007ffdaabae000 	C:\Users\Peter\AppData\Local\Temp\native-platform5483086532531090670dir\native-platform.dll
0x00007ffdbdbe0000 - 0x00007ffdbdbe8000 	C:\Program Files\Android\Android Studio\jre\bin\rmi.dll

dbghelp: loaded successfully - version: 4.0.5 - missing functions: none
symbol engine: initialized successfully - sym options: 0x614 - pdb path: .;C:\Program Files\Android\Android Studio\jre\bin;C:\WINDOWS\SYSTEM32;C:\WINDOWS\WinSxS\amd64_microsoft.windows.common-controls_6595b64144ccf1df_6.0.19041.1110_none_60b5254171f9507e;C:\Program Files\Android\Android Studio\jre\bin\server;C:\Users\Peter\.gradle\wrapper\dists\gradle-7.2-bin\native\e1d6ef7f7dcc3fd88c89a11ec53ec762bb8ba0a96d01ffa2cd45eb1d1d8dd5c5\windows-amd64;C:\Users\Peter\.gradle\wrapper\dists\gradle-7.2-bin\native\5664cfc778a61ccfe75a443a1ab52a65af34e5dc3c78e0209fed803814484fcb\windows-amd64;C:\Users\Peter\AppData\Local\Temp\native-platform5483086532531090670dir

VM Arguments:
jvm_args: --add-opens=java.base/java.util=ALL-UNNAMED --add-opens=java.base/java.lang=ALL-UNNAMED --add-opens=java.base/java.lang.invoke=ALL-UNNAMED --add-opens=java.base/java.util=ALL-UNNAMED --add-opens=java.prefs/java.util.prefs=ALL-UNNAMED --add-opens=java.prefs/java.util.prefs=ALL-UNNAMED --add-opens=java.base/java.nio.charset=ALL-UNNAMED --add-opens=java.base/java.net=ALL-UNNAMED --add-opens=java.base/java.util.concurrent.atomic=ALL-UNNAMED -Xmx2048m -Dfile.encoding=UTF-8 -Duser.country=US -Duser.language=en -Duser.variant 
java_command: org.gradle.launcher.daemon.bootstrap.GradleDaemon 7.2
java_class_path (initial): C:\Users\Peter\.gradle\wrapper\dists\gradle-7.2-bin\wrapper\dists\gradle-7.2-bin\2dnblmf4td7x66yl1d74lt32g\gradle-7.2\lib\gradle-launcher-7.2.jar
Launcher Type: SUN_STANDARD

[Global flags]
     intx CICompilerCount                          = 3                                         {product} {ergonomic}
     uint ConcGCThreads                            = 1                                         {product} {ergonomic}
     uint G1ConcRefinementThreads                  = 4                                         {product} {ergonomic}
   size_t G1HeapRegionSize                         = 1048576                                   {product} {ergonomic}
    uintx GCDrainStackTargetSize                   = 64                                        {product} {ergonomic}
   size_t InitialHeapSize                          = 134217728                                 {product} {ergonomic}
   size_t MarkStackSize                            = 4194304                                   {product} {ergonomic}
   size_t MaxHeapSize                              = 2147483648                                {product} {command line}
   size_t MaxNewSize                               = 1287651328                                {product} {ergonomic}
   size_t MinHeapDeltaBytes                        = 1048576                                   {product} {ergonomic}
    uintx NonNMethodCodeHeapSize                   = 5830732                                {pd product} {ergonomic}
    uintx NonProfiledCodeHeapSize                  = 122913754                              {pd product} {ergonomic}
    uintx ProfiledCodeHeapSize                     = 122913754                              {pd product} {ergonomic}
    uintx ReservedCodeCacheSize                    = 251658240                              {pd product} {ergonomic}
     bool SegmentedCodeCache                       = true                                      {product} {ergonomic}
     bool UseCompressedClassPointers               = true                                 {lp64_product} {ergonomic}
     bool UseCompressedOops                        = true                                 {lp64_product} {ergonomic}
     bool UseG1GC                                  = true                                      {product} {ergonomic}
     bool UseLargePagesIndividualAllocation        = false                                  {pd product} {ergonomic}

Logging:
Log output configuration:
 #0: stdout all=warning uptime,level,tags
 #1: stderr all=off uptime,level,tags

Environment Variables:
JAVA_HOME=C:\Program Files\Android\Android Studio\jre
PATH=C:\ProgramData\Oracle\Java\javapath;C:\Program Files\NVIDIA GPU Computing Toolkit\CUDA\v10.2\bin;C:\Program Files\NVIDIA GPU Computing Toolkit\CUDA\v10.2\libnvvp;C:\Program Files (x86)\Common Files\Intel\Shared Libraries\redist\intel64\compiler;C:\Windows\system32;C:\Windows;C:\Windows\System32\Wbem;C:\Windows\System32\WindowsPowerShell\v1.0\;C:\Windows\System32\OpenSSH\;C:\Program Files (x86)\NVIDIA Corporation\PhysX\Common;C:\Program Files\NVIDIA Corporation\NVIDIA NvDLISR;C:\Program Files\NVIDIA Corporation\Nsight Compute 2019.5.0\;C:\Program Files (x86)\Microsoft SQL Server\110\Tools\Binn\ManagementStudio\;C:\Program Files (x86)\Microsoft SQL Server\110\Tools\Binn\;C:\Program Files\Microsoft SQL Server\110\Tools\Binn\;C:\Program Files (x86)\Microsoft SQL Server\110\DTS\Binn\;C:\WINDOWS\system32;C:\WINDOWS;C:\WINDOWS\System32\Wbem;C:\WINDOWS\System32\WindowsPowerShell\v1.0\;C:\WINDOWS\System32\OpenSSH\;C:\Program Files\Git\cmd;C:\Program Files\dotnet\;C:\Program Files (x86)\Brackets\command;C:\Program Files\Java\jre1.8.0_65\bin;C:\Program Files\Java\jdk1.8.0_65\bin;C:\Users\Peter\AppData\Local\GitHubDesktop\bin
USERNAME=Peter
OS=Windows_NT
PROCESSOR_IDENTIFIER=Intel64 Family 6 Model 58 Stepping 9, GenuineIntel



---------------  S Y S T E M  ---------------

OS: Windows 10 , 64 bit Build 19041 (10.0.19041.1566)
OS uptime: 1 days 1:16 hours

CPU:total 4 (initial active 4) (4 cores per cpu, 1 threads per core) family 6 model 58 stepping 9 microcode 0x21, cmov, cx8, fxsr, mmx, sse, sse2, sse3, ssse3, sse4.1, sse4.2, popcnt, avx, aes, clmul, erms, tsc, tscinvbit, tscinv

Memory: 4k page, system-wide physical 8138M (323M free)
TotalPageFile size 32714M (AvailPageFile size 220M)
current process WorkingSet (physical memory assigned to process): 380M, peak: 451M
current process commit charge ("private bytes"): 466M, peak: 500M

vm_info: OpenJDK 64-Bit Server VM (11.0.11+9-b60-7590822) for windows-amd64 JRE (11.0.11+9-b60-7590822), built on Jul 29 2021 21:43:44 by "builder" with MS VC++ 14.0 (VS2015)

END.
