#
# There is insufficient memory for the Java Runtime Environment to continue.
# Native memory allocation (mmap) failed to map 125829120 bytes for Failed to commit area from 0x0000000090b00000 to 0x0000000098300000 of length 125829120.
# Possible reasons:
#   The system is out of physical RAM or swap space
#   The process is running with CompressedOops enabled, and the Java Heap may be blocking the growth of the native heap
# Possible solutions:
#   Reduce memory load on the system
#   Increase physical memory or swap space
#   Check if swap backing store is full
#   Decrease Java heap size (-Xmx/-Xms)
#   Decrease number of Java threads
#   Decrease Java thread stack sizes (-Xss)
#   Set larger code cache with -XX:ReservedCodeCacheSize=
#   JVM is running with Unscaled Compressed Oops mode in which the Java heap is
#     placed in the first 4GB address space. The Java Heap base address is the
#     maximum limit for the native heap growth. Please use -XX:HeapBaseMinAddress
#     to set the Java Heap base and to place the Java Heap above 4GB virtual address.
# This output file may be truncated or incomplete.
#
#  Out of Memory Error (./src/hotspot/os/windows/os_windows.cpp:3301), pid=12748, tid=10548
#
# JRE version: OpenJDK Runtime Environment (11.0.11+9) (build 11.0.11+9-b60-7590822)
# Java VM: OpenJDK 64-Bit Server VM (11.0.11+9-b60-7590822, mixed mode, tiered, compressed oops, g1 gc, windows-amd64)
# No core dump will be written. Minidumps are not enabled by default on client versions of Windows
#

---------------  S U M M A R Y ------------

Command Line: --add-opens=java.base/java.util=ALL-UNNAMED --add-opens=java.base/java.lang=ALL-UNNAMED --add-opens=java.base/java.lang.invoke=ALL-UNNAMED --add-opens=java.base/java.util=ALL-UNNAMED --add-opens=java.prefs/java.util.prefs=ALL-UNNAMED --add-opens=java.prefs/java.util.prefs=ALL-UNNAMED --add-opens=java.base/java.nio.charset=ALL-UNNAMED --add-opens=java.base/java.net=ALL-UNNAMED --add-opens=java.base/java.util.concurrent.atomic=ALL-UNNAMED -Xmx2048m -Dfile.encoding=UTF-8 -Duser.country=US -Duser.language=en -Duser.variant org.gradle.launcher.daemon.bootstrap.GradleDaemon 7.2

Host: Intel(R) Core(TM) i5-3470 CPU @ 3.20GHz, 4 cores, 7G,  Windows 10 , 64 bit Build 19041 (10.0.19041.1566)
Time: Thu Apr  7 18:52:40 2022 Egypt Standard Time elapsed time: 15.549404 seconds (0d 0h 0m 15s)

---------------  T H R E A D  ---------------

Current thread (0x000002457cbff000):  VMThread "VM Thread" [stack: 0x000000a7baa00000,0x000000a7bab00000] [id=10548]

Stack: [0x000000a7baa00000,0x000000a7bab00000]
[error occurred during error reporting (printing stack bounds), id 0xc0000005, EXCEPTION_ACCESS_VIOLATION (0xc0000005) at pc=0x0000024566b10f2d]

Native frames: (J=compiled Java code, j=interpreted, Vv=VM code, C=native code)
V  [jvm.dll+0x5f214a]
V  [jvm.dll+0x726fb5]
V  [jvm.dll+0x7285cd]
V  [jvm.dll+0x728be5]
V  [jvm.dll+0x728b9b]
V  [jvm.dll+0x5f14e8]
V  [jvm.dll+0x5f1c78]
C  [ntdll.dll+0xa20cf]
C  [ntdll.dll+0x51454]
C  [ntdll.dll+0xa0bfe]
C  0x0000024566b10f2d

VM_Operation (0x000000a7bf4f9bf0): G1CollectForAllocation, mode: safepoint, requested by thread 0x000002457e533800


---------------  P R O C E S S  ---------------

Threads class SMR info:
_java_thread_list=0x0000024504b88c20, length=86, elements={
0x000002456300d000, 0x000002457cc03800, 0x000002457cc05000, 0x000002457cc22800,
0x000002457cc23800, 0x000002457cc24800, 0x000002457cc28800, 0x000002457cc37000,
0x000002457cc40800, 0x000002457d6d0800, 0x000002457eb20000, 0x0000024500cc4000,
0x000002457ef3b000, 0x00000245010c5000, 0x00000245010c6000, 0x000002457ed96000,
0x000002457e1cc000, 0x000002457eaba800, 0x000002457dc09000, 0x0000024500a75000,
0x0000024500a77800, 0x0000024500a75800, 0x0000024500a76800, 0x0000024500a78000,
0x0000024500a79000, 0x0000024500a79800, 0x0000024500a74000, 0x0000024500a7a800,
0x0000024502c08800, 0x0000024502c0b000, 0x0000024502c0a000, 0x0000024502c0b800,
0x0000024502c09000, 0x0000024502c0f000, 0x0000024502c12000, 0x0000024502c13000,
0x0000024502c0f800, 0x0000024502c0d800, 0x0000024502c0e000, 0x0000024502c14800,
0x0000024502c10800, 0x0000024502c15800, 0x0000024502c14000, 0x0000024502c11800,
0x000002457dc4a800, 0x000002457dc47000, 0x000002457dc48000, 0x000002457dc49000,
0x000002457dc46800, 0x000002457dc49800, 0x000002457dc44800, 0x000002457dc45800,
0x000002457dc50000, 0x000002457dc51000, 0x000002457dc4b000, 0x000002457dc4e800,
0x000002457dc52000, 0x000002457dc4d800, 0x000002457dc4d000, 0x000002457dc4c000,
0x000002457dc52800, 0x000002457dc4f800, 0x000002457dc53800, 0x000002457e536000,
0x000002457e535000, 0x000002457e530000, 0x000002457e537000, 0x000002457e531000,
0x000002457e537800, 0x000002457e533800, 0x000002457e532000, 0x000002457e532800,
0x000002457e538800, 0x000002457e539000, 0x000002457e53a000, 0x000002457e534800,
0x000002457e53c800, 0x000002457e53b800, 0x000002457e53d800, 0x000002457e53b000,
0x000002457e53e000, 0x000002457e53f000, 0x0000024501b16000, 0x0000024501b17000,
0x0000024501b17800, 0x0000024501b15800
}

Java Threads: ( => current thread )
  0x000002456300d000 JavaThread "main" [_thread_blocked, id=1296, stack(0x000000a7ba400000,0x000000a7ba500000)]
  0x000002457cc03800 JavaThread "Reference Handler" daemon [_thread_blocked, id=10820, stack(0x000000a7bab00000,0x000000a7bac00000)]
  0x000002457cc05000 JavaThread "Finalizer" daemon [_thread_blocked, id=12480, stack(0x000000a7bac00000,0x000000a7bad00000)]
  0x000002457cc22800 JavaThread "Signal Dispatcher" daemon [_thread_blocked, id=9860, stack(0x000000a7bad00000,0x000000a7bae00000)]
  0x000002457cc23800 JavaThread "Attach Listener" daemon [_thread_blocked, id=11572, stack(0x000000a7bae00000,0x000000a7baf00000)]
  0x000002457cc24800 JavaThread "Service Thread" daemon [_thread_blocked, id=8896, stack(0x000000a7baf00000,0x000000a7bb000000)]
  0x000002457cc28800 JavaThread "C2 CompilerThread0" daemon [_thread_blocked, id=13188, stack(0x000000a7bb000000,0x000000a7bb100000)]
  0x000002457cc37000 JavaThread "C1 CompilerThread0" daemon [_thread_blocked, id=10188, stack(0x000000a7bb100000,0x000000a7bb200000)]
  0x000002457cc40800 JavaThread "Sweeper thread" daemon [_thread_blocked, id=2472, stack(0x000000a7bb200000,0x000000a7bb300000)]
  0x000002457d6d0800 JavaThread "Common-Cleaner" daemon [_thread_blocked, id=11216, stack(0x000000a7bb300000,0x000000a7bb400000)]
  0x000002457eb20000 JavaThread "Daemon health stats" [_thread_blocked, id=1052, stack(0x000000a7bb800000,0x000000a7bb900000)]
  0x0000024500cc4000 JavaThread "Incoming local TCP Connector on port 50842" [_thread_in_native, id=4200, stack(0x000000a7bb500000,0x000000a7bb600000)]
  0x000002457ef3b000 JavaThread "Daemon periodic checks" [_thread_blocked, id=1232, stack(0x000000a7bb900000,0x000000a7bba00000)]
  0x00000245010c5000 JavaThread "Daemon" [_thread_blocked, id=12952, stack(0x000000a7bba00000,0x000000a7bbb00000)]
  0x00000245010c6000 JavaThread "Handler for socket connection from /127.0.0.1:50842 to /127.0.0.1:50843" [_thread_in_native, id=5872, stack(0x000000a7bbb00000,0x000000a7bbc00000)]
  0x000002457ed96000 JavaThread "Cancel handler" [_thread_blocked, id=1588, stack(0x000000a7bbc00000,0x000000a7bbd00000)]
  0x000002457e1cc000 JavaThread "Daemon worker" [_thread_blocked, id=8704, stack(0x000000a7bbd00000,0x000000a7bbe00000)]
  0x000002457eaba800 JavaThread "Asynchronous log dispatcher for DefaultDaemonConnection: socket connection from /127.0.0.1:50842 to /127.0.0.1:50843" [_thread_blocked, id=12392, stack(0x000000a7bbe00000,0x000000a7bbf00000)]
  0x000002457dc09000 JavaThread "Stdin handler" [_thread_blocked, id=7148, stack(0x000000a7bbf00000,0x000000a7bc000000)]
  0x0000024500a75000 JavaThread "Daemon client event forwarder" [_thread_blocked, id=8812, stack(0x000000a7bc000000,0x000000a7bc100000)]
  0x0000024500a77800 JavaThread "Cache worker for journal cache (C:\Users\Peter\.gradle\wrapper\dists\gradle-7.2-bin\caches\journal-1)" [_thread_blocked, id=1196, stack(0x000000a7bc200000,0x000000a7bc300000)]
  0x0000024500a75800 JavaThread "File lock request listener" [_thread_in_native, id=2788, stack(0x000000a7bc300000,0x000000a7bc400000)]
  0x0000024500a76800 JavaThread "Cache worker for file hash cache (C:\Users\Peter\.gradle\wrapper\dists\gradle-7.2-bin\caches\7.2\fileHashes)" [_thread_blocked, id=12904, stack(0x000000a7bc400000,0x000000a7bc500000)]
  0x0000024500a78000 JavaThread "Cache worker for file hash cache (C:\Users\Peter\Desktop\udemy\MyApps\JetTip\.gradle\7.2\fileHashes)" [_thread_blocked, id=5444, stack(0x000000a7bc600000,0x000000a7bc700000)]
  0x0000024500a79000 JavaThread "File watcher server" daemon [_thread_blocked, id=10608, stack(0x000000a7bc700000,0x000000a7bc800000)]
  0x0000024500a79800 JavaThread "File watcher consumer" daemon [_thread_blocked, id=10708, stack(0x000000a7bc800000,0x000000a7bc900000)]
  0x0000024500a74000 JavaThread "Cache worker for checksums cache (C:\Users\Peter\Desktop\udemy\MyApps\JetTip\.gradle\checksums)" [_thread_blocked, id=8056, stack(0x000000a7bc500000,0x000000a7bc600000)]
  0x0000024500a7a800 JavaThread "Cache worker for cache directory md-supplier (C:\Users\Peter\.gradle\wrapper\dists\gradle-7.2-bin\caches\7.2\md-supplier)" [_thread_blocked, id=7936, stack(0x000000a7bc900000,0x000000a7bca00000)]
  0x0000024502c08800 JavaThread "Cache worker for cache directory md-rule (C:\Users\Peter\.gradle\wrapper\dists\gradle-7.2-bin\caches\7.2\md-rule)" [_thread_blocked, id=7536, stack(0x000000a7bcb00000,0x000000a7bcc00000)]
  0x0000024502c0b000 JavaThread "Cache worker for execution history cache (C:\Users\Peter\.gradle\wrapper\dists\gradle-7.2-bin\caches\7.2\executionHistory)" [_thread_blocked, id=12692, stack(0x000000a7bcc00000,0x000000a7bcd00000)]
  0x0000024502c0a000 JavaThread "jar transforms" [_thread_blocked, id=11368, stack(0x000000a7bcd00000,0x000000a7bce00000)]
  0x0000024502c0b800 JavaThread "Cache worker for file content cache (C:\Users\Peter\.gradle\wrapper\dists\gradle-7.2-bin\caches\7.2\fileContent)" [_thread_blocked, id=9660, stack(0x000000a7bce00000,0x000000a7bcf00000)]
  0x0000024502c09000 JavaThread "jar transforms Thread 2" [_thread_blocked, id=13108, stack(0x000000a7bcf00000,0x000000a7bd000000)]
  0x0000024502c0f000 JavaThread "Cache worker for dependencies-accessors (C:\Users\Peter\Desktop\udemy\MyApps\JetTip\.gradle\7.2\dependencies-accessors)" [_thread_blocked, id=11392, stack(0x000000a7bd000000,0x000000a7bd100000)]
  0x0000024502c12000 JavaThread "jar transforms Thread 3" [_thread_blocked, id=8544, stack(0x000000a7bd100000,0x000000a7bd200000)]
  0x0000024502c13000 JavaThread "Cache worker for Build Output Cleanup Cache (C:\Users\Peter\Desktop\udemy\MyApps\JetTip\.gradle\buildOutputCleanup)" [_thread_blocked, id=7272, stack(0x000000a7bd200000,0x000000a7bd300000)]
  0x0000024502c0f800 JavaThread "Unconstrained build operations" [_thread_blocked, id=8748, stack(0x000000a7bd300000,0x000000a7bd400000)]
  0x0000024502c0d800 JavaThread "Unconstrained build operations Thread 2" [_thread_blocked, id=11144, stack(0x000000a7bd400000,0x000000a7bd500000)]
  0x0000024502c0e000 JavaThread "Unconstrained build operations Thread 3" [_thread_blocked, id=8508, stack(0x000000a7bd500000,0x000000a7bd600000)]
  0x0000024502c14800 JavaThread "Unconstrained build operations Thread 4" [_thread_blocked, id=10704, stack(0x000000a7bd600000,0x000000a7bd700000)]
  0x0000024502c10800 JavaThread "Unconstrained build operations Thread 5" [_thread_blocked, id=580, stack(0x000000a7bd700000,0x000000a7bd800000)]
  0x0000024502c15800 JavaThread "Unconstrained build operations Thread 6" [_thread_blocked, id=7280, stack(0x000000a7bd800000,0x000000a7bd900000)]
  0x0000024502c14000 JavaThread "Unconstrained build operations Thread 7" [_thread_blocked, id=7668, stack(0x000000a7bd900000,0x000000a7bda00000)]
  0x0000024502c11800 JavaThread "Unconstrained build operations Thread 8" [_thread_blocked, id=5344, stack(0x000000a7bda00000,0x000000a7bdb00000)]
  0x000002457dc4a800 JavaThread "Unconstrained build operations Thread 9" [_thread_blocked, id=7432, stack(0x000000a7bdb00000,0x000000a7bdc00000)]
  0x000002457dc47000 JavaThread "Unconstrained build operations Thread 10" [_thread_blocked, id=10428, stack(0x000000a7bdc00000,0x000000a7bdd00000)]
  0x000002457dc48000 JavaThread "Unconstrained build operations Thread 11" [_thread_blocked, id=4824, stack(0x000000a7bdd00000,0x000000a7bde00000)]
  0x000002457dc49000 JavaThread "Unconstrained build operations Thread 12" [_thread_blocked, id=692, stack(0x000000a7bde00000,0x000000a7bdf00000)]
  0x000002457dc46800 JavaThread "Unconstrained build operations Thread 13" [_thread_blocked, id=8228, stack(0x000000a7bdf00000,0x000000a7be000000)]
  0x000002457dc49800 JavaThread "Unconstrained build operations Thread 14" [_thread_blocked, id=3604, stack(0x000000a7be000000,0x000000a7be100000)]
  0x000002457dc44800 JavaThread "Unconstrained build operations Thread 15" [_thread_blocked, id=11256, stack(0x000000a7be100000,0x000000a7be200000)]
  0x000002457dc45800 JavaThread "Unconstrained build operations Thread 16" [_thread_blocked, id=8100, stack(0x000000a7be200000,0x000000a7be300000)]
  0x000002457dc50000 JavaThread "Unconstrained build operations Thread 17" [_thread_blocked, id=5648, stack(0x000000a7be300000,0x000000a7be400000)]
  0x000002457dc51000 JavaThread "Unconstrained build operations Thread 18" [_thread_blocked, id=1720, stack(0x000000a7be400000,0x000000a7be500000)]
  0x000002457dc4b000 JavaThread "Unconstrained build operations Thread 19" [_thread_blocked, id=848, stack(0x000000a7be500000,0x000000a7be600000)]
  0x000002457dc4e800 JavaThread "Unconstrained build operations Thread 20" [_thread_blocked, id=7520, stack(0x000000a7be600000,0x000000a7be700000)]
  0x000002457dc52000 JavaThread "Unconstrained build operations Thread 21" [_thread_blocked, id=6432, stack(0x000000a7be700000,0x000000a7be800000)]
  0x000002457dc4d800 JavaThread "Unconstrained build operations Thread 22" [_thread_blocked, id=3064, stack(0x000000a7be800000,0x000000a7be900000)]
  0x000002457dc4d000 JavaThread "Unconstrained build operations Thread 23" [_thread_blocked, id=12420, stack(0x000000a7be900000,0x000000a7bea00000)]
  0x000002457dc4c000 JavaThread "Unconstrained build operations Thread 24" [_thread_blocked, id=8340, stack(0x000000a7bea00000,0x000000a7beb00000)]
  0x000002457dc52800 JavaThread "Unconstrained build operations Thread 25" [_thread_blocked, id=4436, stack(0x000000a7beb00000,0x000000a7bec00000)]
  0x000002457dc4f800 JavaThread "Unconstrained build operations Thread 26" [_thread_blocked, id=6016, stack(0x000000a7bec00000,0x000000a7bed00000)]
  0x000002457dc53800 JavaThread "Unconstrained build operations Thread 27" [_thread_blocked, id=3012, stack(0x000000a7bed00000,0x000000a7bee00000)]
  0x000002457e536000 JavaThread "Unconstrained build operations Thread 28" [_thread_blocked, id=12700, stack(0x000000a7bee00000,0x000000a7bef00000)]
  0x000002457e535000 JavaThread "Unconstrained build operations Thread 29" [_thread_blocked, id=9192, stack(0x000000a7bef00000,0x000000a7bf000000)]
  0x000002457e530000 JavaThread "Unconstrained build operations Thread 30" [_thread_blocked, id=13120, stack(0x000000a7bf000000,0x000000a7bf100000)]
  0x000002457e537000 JavaThread "Unconstrained build operations Thread 31" [_thread_blocked, id=7688, stack(0x000000a7bf100000,0x000000a7bf200000)]
  0x000002457e531000 JavaThread "Unconstrained build operations Thread 32" [_thread_blocked, id=9616, stack(0x000000a7bf200000,0x000000a7bf300000)]
  0x000002457e537800 JavaThread "Unconstrained build operations Thread 33" [_thread_blocked, id=13176, stack(0x000000a7bf300000,0x000000a7bf400000)]
  0x000002457e533800 JavaThread "Unconstrained build operations Thread 34" [_thread_blocked, id=548, stack(0x000000a7bf400000,0x000000a7bf500000)]
  0x000002457e532000 JavaThread "Unconstrained build operations Thread 35" [_thread_blocked, id=11864, stack(0x000000a7bf500000,0x000000a7bf600000)]
  0x000002457e532800 JavaThread "Unconstrained build operations Thread 36" [_thread_blocked, id=700, stack(0x000000a7bf600000,0x000000a7bf700000)]
  0x000002457e538800 JavaThread "Unconstrained build operations Thread 37" [_thread_blocked, id=11384, stack(0x000000a7bf700000,0x000000a7bf800000)]
  0x000002457e539000 JavaThread "Unconstrained build operations Thread 38" [_thread_blocked, id=6076, stack(0x000000a7bf800000,0x000000a7bf900000)]
  0x000002457e53a000 JavaThread "Unconstrained build operations Thread 39" [_thread_blocked, id=5640, stack(0x000000a7bf900000,0x000000a7bfa00000)]
  0x000002457e534800 JavaThread "Unconstrained build operations Thread 40" [_thread_blocked, id=7268, stack(0x000000a7bfa00000,0x000000a7bfb00000)]
  0x000002457e53c800 JavaThread "jar transforms Thread 4" [_thread_blocked, id=8612, stack(0x000000a7bfb00000,0x000000a7bfc00000)]
  0x000002457e53b800 JavaThread "Memory manager" [_thread_blocked, id=12584, stack(0x000000a7bfc00000,0x000000a7bfd00000)]
  0x000002457e53d800 JavaThread "build event listener" [_thread_blocked, id=11180, stack(0x000000a7bfd00000,0x000000a7bfe00000)]
  0x000002457e53b000 JavaThread "pool-3-thread-1" [_thread_blocked, id=9404, stack(0x000000a7bfe00000,0x000000a7bff00000)]
  0x000002457e53e000 JavaThread "build event listener" [_thread_blocked, id=7772, stack(0x000000a7bff00000,0x000000a7c0000000)]
  0x000002457e53f000 JavaThread "Execution worker for ':'" [_thread_blocked, id=11968, stack(0x000000a7c0000000,0x000000a7c0100000)]
  0x0000024501b16000 JavaThread "Execution worker for ':' Thread 2" [_thread_blocked, id=4224, stack(0x000000a7c0100000,0x000000a7c0200000)]
  0x0000024501b17000 JavaThread "Execution worker for ':' Thread 3" [_thread_blocked, id=552, stack(0x000000a7c0200000,0x000000a7c0300000)]
  0x0000024501b17800 JavaThread "Cache worker for execution history cache (C:\Users\Peter\Desktop\udemy\MyApps\JetTip\.gradle\7.2\executionHistory)" [_thread_blocked, id=4064, stack(0x000000a7c0300000,0x000000a7c0400000)]
  0x0000024501b15800 JavaThread "WorkerExecutor Queue" [_thread_blocked, id=9312, stack(0x000000a7c0400000,0x000000a7c0500000)]

Other Threads:
=>0x000002457cbff000 VMThread "VM Thread" [stack: 0x000000a7baa00000,0x000000a7bab00000] [id=10548]
  0x000002457d6f5800 WatcherThread [stack: 0x000000a7bb400000,0x000000a7bb500000] [id=13212]
  0x0000024563027000 GCTaskThread "GC Thread#0" [stack: 0x000000a7ba500000,0x000000a7ba600000] [id=10888]
  0x000002457d94e800 GCTaskThread "GC Thread#1" [stack: 0x000000a7bb600000,0x000000a7bb700000] [id=8880]
  0x000002457dbc2800 GCTaskThread "GC Thread#2" [stack: 0x000000a7bb700000,0x000000a7bb800000] [id=10728]
  0x000002457ec35000 GCTaskThread "GC Thread#3" [stack: 0x000000a7bc100000,0x000000a7bc200000] [id=12312]
  0x0000024563056800 ConcurrentGCThread "G1 Main Marker" [stack: 0x000000a7ba600000,0x000000a7ba700000] [id=11188]
  0x0000024563059000 ConcurrentGCThread "G1 Conc#0" [stack: 0x000000a7ba700000,0x000000a7ba800000] [id=8284]
  0x00000245630ee800 ConcurrentGCThread "G1 Refine#0" [stack: 0x000000a7ba800000,0x000000a7ba900000] [id=10624]
  0x000002457ca52800 ConcurrentGCThread "G1 Young RemSet Sampling" [stack: 0x000000a7ba900000,0x000000a7baa00000] [id=12560]

Threads with active compile tasks:
C2 CompilerThread0  15570 11266       4       com.android.tools.r8.internal.mH0::a (1069 bytes)

VM state:at safepoint (normal execution)

VM Mutex/Monitor currently owned by a thread:  ([mutex/lock_event])
[0x000002456300a320] Threads_lock - owner thread: 0x000002457cbff000
[0x0000024563009a20] Heap_lock - owner thread: 0x000002457e533800

Heap address: 0x0000000080000000, size: 2048 MB, Compressed Oops mode: 32-bit
Narrow klass base: 0x0000000000000000, Narrow klass shift: 3
Compressed class space size: 1073741824 Address: 0x0000000100000000

Heap:
 garbage-first heap   total 396288K, used 200293K [0x0000000080000000, 0x0000000100000000)
  region size 1024K, 4 young (4096K), 4 survivors (4096K)
 Metaspace       used 95861K, capacity 98017K, committed 98124K, reserved 1134592K
  class space    used 12298K, capacity 13113K, committed 13132K, reserved 1048576K
Heap Regions: E=young(eden), S=young(survivor), O=old, HS=humongous(starts), HC=humongous(continues), CS=collection set, F=free, A=archive, TAMS=top-at-mark-start (previous, next)
|   0|0x0000000080000000, 0x0000000080100000, 0x0000000080100000|100%|HS|  |TAMS 0x0000000080100000, 0x0000000080100000| Complete 
|   1|0x0000000080100000, 0x0000000080200000, 0x0000000080200000|100%|HC|  |TAMS 0x0000000080200000, 0x0000000080200000| Complete 
|   2|0x0000000080200000, 0x0000000080300000, 0x0000000080300000|100%|HC|  |TAMS 0x0000000080300000, 0x0000000080300000| Complete 
|   3|0x0000000080300000, 0x0000000080400000, 0x0000000080400000|100%| O|  |TAMS 0x0000000080400000, 0x0000000080400000| Untracked 
|   4|0x0000000080400000, 0x0000000080500000, 0x0000000080500000|100%| O|  |TAMS 0x0000000080500000, 0x0000000080500000| Untracked 
|   5|0x0000000080500000, 0x0000000080600000, 0x0000000080600000|100%| O|  |TAMS 0x0000000080600000, 0x0000000080600000| Untracked 
|   6|0x0000000080600000, 0x0000000080700000, 0x0000000080700000|100%| O|  |TAMS 0x0000000080700000, 0x0000000080700000| Untracked 
|   7|0x0000000080700000, 0x0000000080800000, 0x0000000080800000|100%| O|  |TAMS 0x0000000080800000, 0x0000000080800000| Untracked 
|   8|0x0000000080800000, 0x0000000080900000, 0x0000000080900000|100%| O|  |TAMS 0x0000000080900000, 0x0000000080900000| Untracked 
|   9|0x0000000080900000, 0x0000000080a00000, 0x0000000080a00000|100%| O|  |TAMS 0x0000000080a00000, 0x0000000080a00000| Untracked 
|  10|0x0000000080a00000, 0x0000000080b00000, 0x0000000080b00000|100%| O|  |TAMS 0x0000000080b00000, 0x0000000080b00000| Untracked 
|  11|0x0000000080b00000, 0x0000000080c00000, 0x0000000080c00000|100%| O|  |TAMS 0x0000000080c00000, 0x0000000080c00000| Untracked 
|  12|0x0000000080c00000, 0x0000000080d00000, 0x0000000080d00000|100%| O|  |TAMS 0x0000000080d00000, 0x0000000080d00000| Untracked 
|  13|0x0000000080d00000, 0x0000000080e00000, 0x0000000080e00000|100%| O|  |TAMS 0x0000000080e00000, 0x0000000080e00000| Untracked 
|  14|0x0000000080e00000, 0x0000000080f00000, 0x0000000080f00000|100%| O|  |TAMS 0x0000000080f00000, 0x0000000080f00000| Untracked 
|  15|0x0000000080f00000, 0x0000000081000000, 0x0000000081000000|100%| O|  |TAMS 0x0000000081000000, 0x0000000081000000| Untracked 
|  16|0x0000000081000000, 0x0000000081100000, 0x0000000081100000|100%| O|  |TAMS 0x0000000081100000, 0x0000000081100000| Untracked 
|  17|0x0000000081100000, 0x0000000081200000, 0x0000000081200000|100%|HS|  |TAMS 0x0000000081200000, 0x0000000081200000| Complete 
|  18|0x0000000081200000, 0x0000000081300000, 0x0000000081300000|100%| O|  |TAMS 0x0000000081300000, 0x0000000081300000| Untracked 
|  19|0x0000000081300000, 0x0000000081400000, 0x0000000081400000|100%| O|  |TAMS 0x0000000081400000, 0x0000000081400000| Untracked 
|  20|0x0000000081400000, 0x0000000081500000, 0x0000000081500000|100%| O|  |TAMS 0x0000000081500000, 0x0000000081500000| Untracked 
|  21|0x0000000081500000, 0x0000000081600000, 0x0000000081600000|100%| O|  |TAMS 0x0000000081600000, 0x0000000081600000| Untracked 
|  22|0x0000000081600000, 0x0000000081700000, 0x0000000081700000|100%| O|  |TAMS 0x0000000081700000, 0x0000000081700000| Untracked 
|  23|0x0000000081700000, 0x0000000081800000, 0x0000000081800000|100%| O|  |TAMS 0x0000000081800000, 0x0000000081800000| Untracked 
|  24|0x0000000081800000, 0x0000000081900000, 0x0000000081900000|100%|HS|  |TAMS 0x0000000081900000, 0x0000000081900000| Complete 
|  25|0x0000000081900000, 0x0000000081a00000, 0x0000000081a00000|100%|HS|  |TAMS 0x0000000081a00000, 0x0000000081a00000| Complete 
|  26|0x0000000081a00000, 0x0000000081b00000, 0x0000000081b00000|100%|HS|  |TAMS 0x0000000081b00000, 0x0000000081b00000| Complete 
|  27|0x0000000081b00000, 0x0000000081c00000, 0x0000000081c00000|100%|HS|  |TAMS 0x0000000081c00000, 0x0000000081c00000| Complete 
|  28|0x0000000081c00000, 0x0000000081d00000, 0x0000000081d00000|100%|HC|  |TAMS 0x0000000081d00000, 0x0000000081d00000| Complete 
|  29|0x0000000081d00000, 0x0000000081e00000, 0x0000000081e00000|100%|HC|  |TAMS 0x0000000081e00000, 0x0000000081e00000| Complete 
|  30|0x0000000081e00000, 0x0000000081f00000, 0x0000000081f00000|100%|HS|  |TAMS 0x0000000081f00000, 0x0000000081f00000| Complete 
|  31|0x0000000081f00000, 0x0000000082000000, 0x0000000082000000|100%|HC|  |TAMS 0x0000000082000000, 0x0000000082000000| Complete 
|  32|0x0000000082000000, 0x0000000082100000, 0x0000000082100000|100%| O|  |TAMS 0x0000000082100000, 0x0000000082100000| Untracked 
|  33|0x0000000082100000, 0x0000000082200000, 0x0000000082200000|100%| O|  |TAMS 0x0000000082200000, 0x0000000082200000| Untracked 
|  34|0x0000000082200000, 0x0000000082300000, 0x0000000082300000|100%| O|  |TAMS 0x0000000082300000, 0x0000000082300000| Untracked 
|  35|0x0000000082300000, 0x0000000082400000, 0x0000000082400000|100%| O|  |TAMS 0x0000000082400000, 0x0000000082400000| Untracked 
|  36|0x0000000082400000, 0x0000000082500000, 0x0000000082500000|100%| O|  |TAMS 0x0000000082500000, 0x0000000082500000| Untracked 
|  37|0x0000000082500000, 0x0000000082600000, 0x0000000082600000|100%| O|  |TAMS 0x0000000082600000, 0x0000000082600000| Untracked 
|  38|0x0000000082600000, 0x0000000082700000, 0x0000000082700000|100%| O|  |TAMS 0x0000000082600000, 0x0000000082700000| Untracked 
|  39|0x0000000082700000, 0x0000000082800000, 0x0000000082800000|100%| O|  |TAMS 0x0000000082800000, 0x0000000082800000| Untracked 
|  40|0x0000000082800000, 0x0000000082900000, 0x0000000082900000|100%| O|  |TAMS 0x0000000082900000, 0x0000000082900000| Untracked 
|  41|0x0000000082900000, 0x0000000082a00000, 0x0000000082a00000|100%| O|  |TAMS 0x0000000082a00000, 0x0000000082a00000| Untracked 
|  42|0x0000000082a00000, 0x0000000082b00000, 0x0000000082b00000|100%| O|  |TAMS 0x0000000082b00000, 0x0000000082b00000| Untracked 
|  43|0x0000000082b00000, 0x0000000082c00000, 0x0000000082c00000|100%| O|  |TAMS 0x0000000082c00000, 0x0000000082c00000| Untracked 
|  44|0x0000000082c00000, 0x0000000082d00000, 0x0000000082d00000|100%| O|  |TAMS 0x0000000082d00000, 0x0000000082d00000| Untracked 
|  45|0x0000000082d00000, 0x0000000082e00000, 0x0000000082e00000|100%| O|  |TAMS 0x0000000082e00000, 0x0000000082e00000| Untracked 
|  46|0x0000000082e00000, 0x0000000082f00000, 0x0000000082f00000|100%| O|  |TAMS 0x0000000082f00000, 0x0000000082f00000| Untracked 
|  47|0x0000000082f00000, 0x0000000083000000, 0x0000000083000000|100%| O|  |TAMS 0x0000000083000000, 0x0000000083000000| Untracked 
|  48|0x0000000083000000, 0x0000000083100000, 0x0000000083100000|100%| O|  |TAMS 0x0000000083100000, 0x0000000083100000| Untracked 
|  49|0x0000000083100000, 0x0000000083200000, 0x0000000083200000|100%| O|  |TAMS 0x0000000083200000, 0x0000000083200000| Untracked 
|  50|0x0000000083200000, 0x0000000083300000, 0x0000000083300000|100%| O|  |TAMS 0x0000000083300000, 0x0000000083300000| Untracked 
|  51|0x0000000083300000, 0x0000000083400000, 0x0000000083400000|100%| O|  |TAMS 0x0000000083400000, 0x0000000083400000| Untracked 
|  52|0x0000000083400000, 0x0000000083500000, 0x0000000083500000|100%| O|  |TAMS 0x0000000083500000, 0x0000000083500000| Untracked 
|  53|0x0000000083500000, 0x0000000083600000, 0x0000000083600000|100%| O|  |TAMS 0x0000000083600000, 0x0000000083600000| Untracked 
|  54|0x0000000083600000, 0x0000000083700000, 0x0000000083700000|100%| O|  |TAMS 0x0000000083700000, 0x0000000083700000| Untracked 
|  55|0x0000000083700000, 0x0000000083800000, 0x0000000083800000|100%| O|  |TAMS 0x0000000083800000, 0x0000000083800000| Untracked 
|  56|0x0000000083800000, 0x0000000083900000, 0x0000000083900000|100%| O|  |TAMS 0x0000000083900000, 0x0000000083900000| Untracked 
|  57|0x0000000083900000, 0x0000000083a00000, 0x0000000083a00000|100%| O|  |TAMS 0x0000000083a00000, 0x0000000083a00000| Untracked 
|  58|0x0000000083a00000, 0x0000000083b00000, 0x0000000083b00000|100%| O|  |TAMS 0x0000000083b00000, 0x0000000083b00000| Untracked 
|  59|0x0000000083b00000, 0x0000000083c00000, 0x0000000083c00000|100%| O|  |TAMS 0x0000000083c00000, 0x0000000083c00000| Untracked 
|  60|0x0000000083c00000, 0x0000000083d00000, 0x0000000083d00000|100%| O|  |TAMS 0x0000000083d00000, 0x0000000083d00000| Untracked 
|  61|0x0000000083d00000, 0x0000000083e00000, 0x0000000083e00000|100%| O|  |TAMS 0x0000000083e00000, 0x0000000083e00000| Untracked 
|  62|0x0000000083e00000, 0x0000000083f00000, 0x0000000083f00000|100%| O|  |TAMS 0x0000000083f00000, 0x0000000083f00000| Untracked 
|  63|0x0000000083f00000, 0x0000000084000000, 0x0000000084000000|100%| O|  |TAMS 0x0000000084000000, 0x0000000084000000| Untracked 
|  64|0x0000000084000000, 0x0000000084100000, 0x0000000084100000|100%| O|  |TAMS 0x0000000084100000, 0x0000000084100000| Untracked 
|  65|0x0000000084100000, 0x0000000084200000, 0x0000000084200000|100%| O|  |TAMS 0x0000000084200000, 0x0000000084200000| Untracked 
|  66|0x0000000084200000, 0x0000000084300000, 0x0000000084300000|100%| O|  |TAMS 0x0000000084300000, 0x0000000084300000| Untracked 
|  67|0x0000000084300000, 0x0000000084400000, 0x0000000084400000|100%| O|  |TAMS 0x0000000084400000, 0x0000000084400000| Untracked 
|  68|0x0000000084400000, 0x0000000084500000, 0x0000000084500000|100%| O|  |TAMS 0x0000000084400000, 0x0000000084500000| Untracked 
|  69|0x0000000084500000, 0x0000000084600000, 0x0000000084600000|100%| O|  |TAMS 0x0000000084600000, 0x0000000084600000| Untracked 
|  70|0x0000000084600000, 0x0000000084700000, 0x0000000084700000|100%| O|  |TAMS 0x0000000084700000, 0x0000000084700000| Untracked 
|  71|0x0000000084700000, 0x0000000084800000, 0x0000000084800000|100%| O|  |TAMS 0x0000000084800000, 0x0000000084800000| Untracked 
|  72|0x0000000084800000, 0x0000000084900000, 0x0000000084900000|100%| O|  |TAMS 0x0000000084900000, 0x0000000084900000| Untracked 
|  73|0x0000000084900000, 0x0000000084a00000, 0x0000000084a00000|100%| O|  |TAMS 0x0000000084a00000, 0x0000000084a00000| Untracked 
|  74|0x0000000084a00000, 0x0000000084b00000, 0x0000000084b00000|100%| O|  |TAMS 0x0000000084b00000, 0x0000000084b00000| Untracked 
|  75|0x0000000084b00000, 0x0000000084c00000, 0x0000000084c00000|100%| O|  |TAMS 0x0000000084c00000, 0x0000000084c00000| Untracked 
|  76|0x0000000084c00000, 0x0000000084d00000, 0x0000000084d00000|100%| O|  |TAMS 0x0000000084d00000, 0x0000000084d00000| Untracked 
|  77|0x0000000084d00000, 0x0000000084e00000, 0x0000000084e00000|100%| O|  |TAMS 0x0000000084e00000, 0x0000000084e00000| Untracked 
|  78|0x0000000084e00000, 0x0000000084f00000, 0x0000000084f00000|100%| O|  |TAMS 0x0000000084f00000, 0x0000000084f00000| Untracked 
|  79|0x0000000084f00000, 0x0000000085000000, 0x0000000085000000|100%| O|  |TAMS 0x0000000085000000, 0x0000000085000000| Untracked 
|  80|0x0000000085000000, 0x0000000085100000, 0x0000000085100000|100%| O|  |TAMS 0x0000000085100000, 0x0000000085100000| Untracked 
|  81|0x0000000085100000, 0x0000000085200000, 0x0000000085200000|100%| O|  |TAMS 0x0000000085200000, 0x0000000085200000| Untracked 
|  82|0x0000000085200000, 0x0000000085300000, 0x0000000085300000|100%|HS|  |TAMS 0x0000000085300000, 0x0000000085300000| Complete 
|  83|0x0000000085300000, 0x0000000085400000, 0x0000000085400000|100%| O|  |TAMS 0x0000000085400000, 0x0000000085400000| Untracked 
|  84|0x0000000085400000, 0x0000000085500000, 0x0000000085500000|100%| O|  |TAMS 0x0000000085500000, 0x0000000085500000| Untracked 
|  85|0x0000000085500000, 0x0000000085600000, 0x0000000085600000|100%| O|  |TAMS 0x0000000085600000, 0x0000000085600000| Untracked 
|  86|0x0000000085600000, 0x0000000085700000, 0x0000000085700000|100%| O|  |TAMS 0x0000000085700000, 0x0000000085700000| Untracked 
|  87|0x0000000085700000, 0x0000000085800000, 0x0000000085800000|100%| O|  |TAMS 0x0000000085800000, 0x0000000085800000| Untracked 
|  88|0x0000000085800000, 0x0000000085900000, 0x0000000085900000|100%| O|  |TAMS 0x0000000085900000, 0x0000000085900000| Untracked 
|  89|0x0000000085900000, 0x0000000085a00000, 0x0000000085a00000|100%| O|  |TAMS 0x0000000085a00000, 0x0000000085a00000| Untracked 
|  90|0x0000000085a00000, 0x0000000085b00000, 0x0000000085b00000|100%| O|  |TAMS 0x0000000085b00000, 0x0000000085b00000| Untracked 
|  91|0x0000000085b00000, 0x0000000085c00000, 0x0000000085c00000|100%| O|  |TAMS 0x0000000085c00000, 0x0000000085c00000| Untracked 
|  92|0x0000000085c00000, 0x0000000085d00000, 0x0000000085d00000|100%| O|  |TAMS 0x0000000085d00000, 0x0000000085d00000| Untracked 
|  93|0x0000000085d00000, 0x0000000085e00000, 0x0000000085e00000|100%| O|  |TAMS 0x0000000085e00000, 0x0000000085e00000| Untracked 
|  94|0x0000000085e00000, 0x0000000085f00000, 0x0000000085f00000|100%| O|  |TAMS 0x0000000085f00000, 0x0000000085f00000| Untracked 
|  95|0x0000000085f00000, 0x0000000086000000, 0x0000000086000000|100%| O|  |TAMS 0x0000000086000000, 0x0000000086000000| Untracked 
|  96|0x0000000086000000, 0x0000000086100000, 0x0000000086100000|100%| O|  |TAMS 0x0000000086100000, 0x0000000086100000| Untracked 
|  97|0x0000000086100000, 0x0000000086200000, 0x0000000086200000|100%| O|  |TAMS 0x0000000086200000, 0x0000000086200000| Untracked 
|  98|0x0000000086200000, 0x0000000086300000, 0x0000000086300000|100%| O|  |TAMS 0x0000000086300000, 0x0000000086300000| Untracked 
|  99|0x0000000086300000, 0x0000000086400000, 0x0000000086400000|100%| O|  |TAMS 0x0000000086400000, 0x0000000086400000| Untracked 
| 100|0x0000000086400000, 0x0000000086500000, 0x0000000086500000|100%| O|  |TAMS 0x0000000086500000, 0x0000000086500000| Untracked 
| 101|0x0000000086500000, 0x0000000086600000, 0x0000000086600000|100%| O|  |TAMS 0x0000000086600000, 0x0000000086600000| Untracked 
| 102|0x0000000086600000, 0x0000000086700000, 0x0000000086700000|100%| O|  |TAMS 0x0000000086700000, 0x0000000086700000| Untracked 
| 103|0x0000000086700000, 0x0000000086800000, 0x0000000086800000|100%| O|  |TAMS 0x0000000086800000, 0x0000000086800000| Untracked 
| 104|0x0000000086800000, 0x0000000086900000, 0x0000000086900000|100%| O|  |TAMS 0x0000000086900000, 0x0000000086900000| Untracked 
| 105|0x0000000086900000, 0x0000000086a00000, 0x0000000086a00000|100%| O|  |TAMS 0x0000000086a00000, 0x0000000086a00000| Untracked 
| 106|0x0000000086a00000, 0x0000000086b00000, 0x0000000086b00000|100%| O|  |TAMS 0x0000000086b00000, 0x0000000086b00000| Untracked 
| 107|0x0000000086b00000, 0x0000000086c00000, 0x0000000086c00000|100%| O|  |TAMS 0x0000000086c00000, 0x0000000086c00000| Untracked 
| 108|0x0000000086c00000, 0x0000000086d00000, 0x0000000086d00000|100%| O|  |TAMS 0x0000000086d00000, 0x0000000086d00000| Untracked 
| 109|0x0000000086d00000, 0x0000000086e00000, 0x0000000086e00000|100%| O|  |TAMS 0x0000000086e00000, 0x0000000086e00000| Untracked 
| 110|0x0000000086e00000, 0x0000000086f00000, 0x0000000086f00000|100%| O|  |TAMS 0x0000000086f00000, 0x0000000086f00000| Untracked 
| 111|0x0000000086f00000, 0x0000000087000000, 0x0000000087000000|100%| O|  |TAMS 0x0000000087000000, 0x0000000087000000| Untracked 
| 112|0x0000000087000000, 0x0000000087100000, 0x0000000087100000|100%| O|  |TAMS 0x0000000087100000, 0x0000000087100000| Untracked 
| 113|0x0000000087100000, 0x0000000087200000, 0x0000000087200000|100%| O|  |TAMS 0x0000000087200000, 0x0000000087200000| Untracked 
| 114|0x0000000087200000, 0x0000000087300000, 0x0000000087300000|100%| O|  |TAMS 0x0000000087300000, 0x0000000087300000| Untracked 
| 115|0x0000000087300000, 0x0000000087400000, 0x0000000087400000|100%| O|  |TAMS 0x0000000087300000, 0x0000000087400000| Untracked 
| 116|0x0000000087400000, 0x0000000087500000, 0x0000000087500000|100%| O|  |TAMS 0x0000000087500000, 0x0000000087500000| Untracked 
| 117|0x0000000087500000, 0x0000000087600000, 0x0000000087600000|100%| O|  |TAMS 0x0000000087500000, 0x0000000087600000| Untracked 
| 118|0x0000000087600000, 0x0000000087700000, 0x0000000087700000|100%| O|  |TAMS 0x0000000087700000, 0x0000000087700000| Untracked 
| 119|0x0000000087700000, 0x0000000087800000, 0x0000000087800000|100%| O|  |TAMS 0x0000000087700000, 0x0000000087800000| Untracked 
| 120|0x0000000087800000, 0x0000000087900000, 0x0000000087900000|100%| O|  |TAMS 0x0000000087800000, 0x00000000878abc00| Untracked 
| 121|0x0000000087900000, 0x0000000087a00000, 0x0000000087a00000|100%| O|  |TAMS 0x0000000087900000, 0x0000000087900000| Untracked 
| 122|0x0000000087a00000, 0x0000000087b00000, 0x0000000087b00000|100%| O|  |TAMS 0x0000000087b00000, 0x0000000087b00000| Untracked 
| 123|0x0000000087b00000, 0x0000000087c00000, 0x0000000087c00000|100%| O|  |TAMS 0x0000000087c00000, 0x0000000087c00000| Untracked 
| 124|0x0000000087c00000, 0x0000000087d00000, 0x0000000087d00000|100%| O|  |TAMS 0x0000000087d00000, 0x0000000087d00000| Untracked 
| 125|0x0000000087d00000, 0x0000000087e00000, 0x0000000087e00000|100%| O|  |TAMS 0x0000000087e00000, 0x0000000087e00000| Untracked 
| 126|0x0000000087e00000, 0x0000000087f00000, 0x0000000087f00000|100%| O|  |TAMS 0x0000000087f00000, 0x0000000087f00000| Untracked 
| 127|0x0000000087f00000, 0x0000000088000000, 0x0000000088000000|100%| O|  |TAMS 0x0000000087f00000, 0x0000000087f00000| Untracked 
| 128|0x0000000088000000, 0x0000000088100000, 0x0000000088100000|100%| O|  |TAMS 0x0000000088100000, 0x0000000088100000| Untracked 
| 129|0x0000000088100000, 0x0000000088200000, 0x0000000088200000|100%| O|  |TAMS 0x0000000088200000, 0x0000000088200000| Untracked 
| 130|0x0000000088200000, 0x0000000088300000, 0x0000000088300000|100%| O|  |TAMS 0x0000000088200000, 0x0000000088200000| Untracked 
| 131|0x0000000088300000, 0x0000000088400000, 0x0000000088400000|100%| O|  |TAMS 0x0000000088400000, 0x0000000088400000| Untracked 
| 132|0x0000000088400000, 0x0000000088500000, 0x0000000088500000|100%| O|  |TAMS 0x0000000088500000, 0x0000000088500000| Untracked 
| 133|0x0000000088500000, 0x0000000088600000, 0x0000000088600000|100%| O|  |TAMS 0x0000000088600000, 0x0000000088600000| Untracked 
| 134|0x0000000088600000, 0x0000000088700000, 0x0000000088700000|100%| O|  |TAMS 0x0000000088700000, 0x0000000088700000| Untracked 
| 135|0x0000000088700000, 0x0000000088800000, 0x0000000088800000|100%| O|  |TAMS 0x0000000088800000, 0x0000000088800000| Untracked 
| 136|0x0000000088800000, 0x0000000088900000, 0x0000000088900000|100%| O|  |TAMS 0x0000000088900000, 0x0000000088900000| Untracked 
| 137|0x0000000088900000, 0x0000000088a00000, 0x0000000088a00000|100%| O|  |TAMS 0x0000000088a00000, 0x0000000088a00000| Untracked 
| 138|0x0000000088a00000, 0x0000000088b00000, 0x0000000088b00000|100%| O|  |TAMS 0x0000000088b00000, 0x0000000088b00000| Untracked 
| 139|0x0000000088b00000, 0x0000000088c00000, 0x0000000088c00000|100%| O|  |TAMS 0x0000000088c00000, 0x0000000088c00000| Untracked 
| 140|0x0000000088c00000, 0x0000000088d00000, 0x0000000088d00000|100%| O|  |TAMS 0x0000000088d00000, 0x0000000088d00000| Untracked 
| 141|0x0000000088d00000, 0x0000000088e00000, 0x0000000088e00000|100%| O|  |TAMS 0x0000000088e00000, 0x0000000088e00000| Untracked 
| 142|0x0000000088e00000, 0x0000000088f00000, 0x0000000088f00000|100%| O|  |TAMS 0x0000000088f00000, 0x0000000088f00000| Untracked 
| 143|0x0000000088f00000, 0x0000000089000000, 0x0000000089000000|100%| O|  |TAMS 0x0000000089000000, 0x0000000089000000| Untracked 
| 144|0x0000000089000000, 0x0000000089100000, 0x0000000089100000|100%| O|  |TAMS 0x0000000089100000, 0x0000000089100000| Untracked 
| 145|0x0000000089100000, 0x0000000089200000, 0x0000000089200000|100%| O|  |TAMS 0x0000000089200000, 0x0000000089200000| Untracked 
| 146|0x0000000089200000, 0x0000000089300000, 0x0000000089300000|100%| O|  |TAMS 0x0000000089300000, 0x0000000089300000| Untracked 
| 147|0x0000000089300000, 0x0000000089400000, 0x0000000089400000|100%| O|  |TAMS 0x0000000089300000, 0x0000000089300000| Untracked 
| 148|0x0000000089400000, 0x0000000089500000, 0x0000000089500000|100%| O|  |TAMS 0x0000000089500000, 0x0000000089500000| Untracked 
| 149|0x0000000089500000, 0x0000000089600000, 0x0000000089600000|100%| O|  |TAMS 0x0000000089600000, 0x0000000089600000| Untracked 
| 150|0x0000000089600000, 0x0000000089700000, 0x0000000089700000|100%| O|  |TAMS 0x0000000089700000, 0x0000000089700000| Untracked 
| 151|0x0000000089700000, 0x0000000089800000, 0x0000000089800000|100%| O|  |TAMS 0x0000000089700000, 0x0000000089700000| Untracked 
| 152|0x0000000089800000, 0x0000000089900000, 0x0000000089900000|100%| O|  |TAMS 0x0000000089900000, 0x0000000089900000| Untracked 
| 153|0x0000000089900000, 0x0000000089a00000, 0x0000000089a00000|100%| O|  |TAMS 0x0000000089a00000, 0x0000000089a00000| Untracked 
| 154|0x0000000089a00000, 0x0000000089b00000, 0x0000000089b00000|100%| O|  |TAMS 0x0000000089b00000, 0x0000000089b00000| Untracked 
| 155|0x0000000089b00000, 0x0000000089c00000, 0x0000000089c00000|100%| O|  |TAMS 0x0000000089c00000, 0x0000000089c00000| Untracked 
| 156|0x0000000089c00000, 0x0000000089d00000, 0x0000000089d00000|100%| O|  |TAMS 0x0000000089d00000, 0x0000000089d00000| Untracked 
| 157|0x0000000089d00000, 0x0000000089e00000, 0x0000000089e00000|100%| O|  |TAMS 0x0000000089d75800, 0x0000000089e00000| Untracked 
| 158|0x0000000089e00000, 0x0000000089f00000, 0x0000000089f00000|100%| O|  |TAMS 0x0000000089e00000, 0x0000000089f00000| Untracked 
| 159|0x0000000089f00000, 0x000000008a000000, 0x000000008a000000|100%| O|  |TAMS 0x0000000089f00000, 0x000000008a000000| Untracked 
| 160|0x000000008a000000, 0x000000008a100000, 0x000000008a100000|100%| O|  |TAMS 0x000000008a000000, 0x000000008a100000| Untracked 
| 161|0x000000008a100000, 0x000000008a200000, 0x000000008a200000|100%| O|  |TAMS 0x000000008a100000, 0x000000008a200000| Untracked 
| 162|0x000000008a200000, 0x000000008a300000, 0x000000008a300000|100%| O|  |TAMS 0x000000008a200000, 0x000000008a300000| Untracked 
| 163|0x000000008a300000, 0x000000008a400000, 0x000000008a400000|100%| O|  |TAMS 0x000000008a300000, 0x000000008a400000| Untracked 
| 164|0x000000008a400000, 0x000000008a500000, 0x000000008a500000|100%| O|  |TAMS 0x000000008a400000, 0x000000008a500000| Untracked 
| 165|0x000000008a500000, 0x000000008a600000, 0x000000008a600000|100%| O|  |TAMS 0x000000008a500000, 0x000000008a600000| Untracked 
| 166|0x000000008a600000, 0x000000008a700000, 0x000000008a700000|100%| O|  |TAMS 0x000000008a600000, 0x000000008a700000| Untracked 
| 167|0x000000008a700000, 0x000000008a800000, 0x000000008a800000|100%| O|  |TAMS 0x000000008a700000, 0x000000008a800000| Untracked 
| 168|0x000000008a800000, 0x000000008a900000, 0x000000008a900000|100%| O|  |TAMS 0x000000008a800000, 0x000000008a900000| Untracked 
| 169|0x000000008a900000, 0x000000008aa00000, 0x000000008aa00000|100%| O|  |TAMS 0x000000008a900000, 0x000000008aa00000| Untracked 
| 170|0x000000008aa00000, 0x000000008ab00000, 0x000000008ab00000|100%| O|  |TAMS 0x000000008aa00000, 0x000000008ab00000| Untracked 
| 171|0x000000008ab00000, 0x000000008ac00000, 0x000000008ac00000|100%| O|  |TAMS 0x000000008ab00000, 0x000000008ac00000| Untracked 
| 172|0x000000008ac00000, 0x000000008ad00000, 0x000000008ad00000|100%| O|  |TAMS 0x000000008ac00000, 0x000000008ad00000| Untracked 
| 173|0x000000008ad00000, 0x000000008ae00000, 0x000000008ae00000|100%| O|  |TAMS 0x000000008ad00000, 0x000000008ae00000| Untracked 
| 174|0x000000008ae00000, 0x000000008af00000, 0x000000008af00000|100%| O|  |TAMS 0x000000008ae00000, 0x000000008af00000| Untracked 
| 175|0x000000008af00000, 0x000000008b000000, 0x000000008b000000|100%| O|  |TAMS 0x000000008af00000, 0x000000008b000000| Untracked 
| 176|0x000000008b000000, 0x000000008b100000, 0x000000008b100000|100%| O|  |TAMS 0x000000008b000000, 0x000000008b100000| Untracked 
| 177|0x000000008b100000, 0x000000008b200000, 0x000000008b200000|100%| O|  |TAMS 0x000000008b100000, 0x000000008b200000| Untracked 
| 178|0x000000008b200000, 0x000000008b300000, 0x000000008b300000|100%| O|  |TAMS 0x000000008b200000, 0x000000008b300000| Untracked 
| 179|0x000000008b300000, 0x000000008b400000, 0x000000008b400000|100%| O|  |TAMS 0x000000008b300000, 0x000000008b400000| Untracked 
| 180|0x000000008b400000, 0x000000008b500000, 0x000000008b500000|100%| O|  |TAMS 0x000000008b400000, 0x000000008b500000| Untracked 
| 181|0x000000008b500000, 0x000000008b600000, 0x000000008b600000|100%| O|  |TAMS 0x000000008b500000, 0x000000008b600000| Untracked 
| 182|0x000000008b600000, 0x000000008b700000, 0x000000008b700000|100%| O|  |TAMS 0x000000008b600000, 0x000000008b700000| Untracked 
| 183|0x000000008b700000, 0x000000008b800000, 0x000000008b800000|100%| O|  |TAMS 0x000000008b700000, 0x000000008b800000| Untracked 
| 184|0x000000008b800000, 0x000000008b900000, 0x000000008b900000|100%| O|  |TAMS 0x000000008b800000, 0x000000008b900000| Untracked 
| 185|0x000000008b900000, 0x000000008ba00000, 0x000000008ba00000|100%| O|  |TAMS 0x000000008b900000, 0x000000008ba00000| Untracked 
| 186|0x000000008ba00000, 0x000000008bb00000, 0x000000008bb00000|100%| O|  |TAMS 0x000000008ba00000, 0x000000008bb00000| Untracked 
| 187|0x000000008bb00000, 0x000000008bc00000, 0x000000008bc00000|100%| O|  |TAMS 0x000000008bb00000, 0x000000008bc00000| Untracked 
| 188|0x000000008bc00000, 0x000000008bd00000, 0x000000008bd00000|100%| O|  |TAMS 0x000000008bc00000, 0x000000008bd00000| Untracked 
| 189|0x000000008bd00000, 0x000000008be00000, 0x000000008be00000|100%| O|  |TAMS 0x000000008bd00000, 0x000000008be00000| Untracked 
| 190|0x000000008be00000, 0x000000008bf00000, 0x000000008bf00000|100%| O|  |TAMS 0x000000008be00000, 0x000000008be00000| Untracked 
| 191|0x000000008bf00000, 0x000000008bf99600, 0x000000008c000000| 59%| O|  |TAMS 0x000000008bf00000, 0x000000008bf00000| Untracked 
| 192|0x000000008c000000, 0x000000008c000000, 0x000000008c100000|  0%| F|  |TAMS 0x000000008c000000, 0x000000008c000000| Untracked 
| 193|0x000000008c100000, 0x000000008c100000, 0x000000008c200000|  0%| F|  |TAMS 0x000000008c100000, 0x000000008c100000| Untracked 
| 194|0x000000008c200000, 0x000000008c200000, 0x000000008c300000|  0%| F|  |TAMS 0x000000008c200000, 0x000000008c200000| Untracked 
| 195|0x000000008c300000, 0x000000008c300000, 0x000000008c400000|  0%| F|  |TAMS 0x000000008c300000, 0x000000008c300000| Untracked 
| 196|0x000000008c400000, 0x000000008c400000, 0x000000008c500000|  0%| F|  |TAMS 0x000000008c400000, 0x000000008c400000| Untracked 
| 197|0x000000008c500000, 0x000000008c500000, 0x000000008c600000|  0%| F|  |TAMS 0x000000008c500000, 0x000000008c500000| Untracked 
| 198|0x000000008c600000, 0x000000008c600000, 0x000000008c700000|  0%| F|  |TAMS 0x000000008c600000, 0x000000008c600000| Untracked 
| 199|0x000000008c700000, 0x000000008c700000, 0x000000008c800000|  0%| F|  |TAMS 0x000000008c700000, 0x000000008c700000| Untracked 
| 200|0x000000008c800000, 0x000000008c800000, 0x000000008c900000|  0%| F|  |TAMS 0x000000008c800000, 0x000000008c800000| Untracked 
| 201|0x000000008c900000, 0x000000008c900000, 0x000000008ca00000|  0%| F|  |TAMS 0x000000008c900000, 0x000000008c900000| Untracked 
| 202|0x000000008ca00000, 0x000000008ca00000, 0x000000008cb00000|  0%| F|  |TAMS 0x000000008ca00000, 0x000000008ca00000| Untracked 
| 203|0x000000008cb00000, 0x000000008cb00000, 0x000000008cc00000|  0%| F|  |TAMS 0x000000008cb00000, 0x000000008cb00000| Untracked 
| 204|0x000000008cc00000, 0x000000008cc00000, 0x000000008cd00000|  0%| F|  |TAMS 0x000000008cc00000, 0x000000008cc00000| Untracked 
| 205|0x000000008cd00000, 0x000000008cd00000, 0x000000008ce00000|  0%| F|  |TAMS 0x000000008cd00000, 0x000000008cd00000| Untracked 
| 206|0x000000008ce00000, 0x000000008ce00000, 0x000000008cf00000|  0%| F|  |TAMS 0x000000008ce00000, 0x000000008ce00000| Untracked 
| 207|0x000000008cf00000, 0x000000008cf00000, 0x000000008d000000|  0%| F|  |TAMS 0x000000008cf00000, 0x000000008cf00000| Untracked 
| 208|0x000000008d000000, 0x000000008d000000, 0x000000008d100000|  0%| F|  |TAMS 0x000000008d000000, 0x000000008d000000| Untracked 
| 209|0x000000008d100000, 0x000000008d100000, 0x000000008d200000|  0%| F|  |TAMS 0x000000008d100000, 0x000000008d100000| Untracked 
| 210|0x000000008d200000, 0x000000008d200000, 0x000000008d300000|  0%| F|  |TAMS 0x000000008d200000, 0x000000008d200000| Untracked 
| 211|0x000000008d300000, 0x000000008d300000, 0x000000008d400000|  0%| F|  |TAMS 0x000000008d300000, 0x000000008d300000| Untracked 
| 212|0x000000008d400000, 0x000000008d400000, 0x000000008d500000|  0%| F|  |TAMS 0x000000008d400000, 0x000000008d400000| Untracked 
| 213|0x000000008d500000, 0x000000008d500000, 0x000000008d600000|  0%| F|  |TAMS 0x000000008d500000, 0x000000008d500000| Untracked 
| 214|0x000000008d600000, 0x000000008d600000, 0x000000008d700000|  0%| F|  |TAMS 0x000000008d600000, 0x000000008d600000| Untracked 
| 215|0x000000008d700000, 0x000000008d700000, 0x000000008d800000|  0%| F|  |TAMS 0x000000008d700000, 0x000000008d700000| Untracked 
| 216|0x000000008d800000, 0x000000008d800000, 0x000000008d900000|  0%| F|  |TAMS 0x000000008d800000, 0x000000008d800000| Untracked 
| 217|0x000000008d900000, 0x000000008d900000, 0x000000008da00000|  0%| F|  |TAMS 0x000000008d900000, 0x000000008d900000| Untracked 
| 218|0x000000008da00000, 0x000000008da00000, 0x000000008db00000|  0%| F|  |TAMS 0x000000008da00000, 0x000000008da00000| Untracked 
| 219|0x000000008db00000, 0x000000008db00000, 0x000000008dc00000|  0%| F|  |TAMS 0x000000008db00000, 0x000000008db00000| Untracked 
| 220|0x000000008dc00000, 0x000000008dc00000, 0x000000008dd00000|  0%| F|  |TAMS 0x000000008dc00000, 0x000000008dc00000| Untracked 
| 221|0x000000008dd00000, 0x000000008dd00000, 0x000000008de00000|  0%| F|  |TAMS 0x000000008dd00000, 0x000000008dd00000| Untracked 
| 222|0x000000008de00000, 0x000000008de00000, 0x000000008df00000|  0%| F|  |TAMS 0x000000008de00000, 0x000000008de00000| Untracked 
| 223|0x000000008df00000, 0x000000008df00000, 0x000000008e000000|  0%| F|  |TAMS 0x000000008df00000, 0x000000008df00000| Untracked 
| 224|0x000000008e000000, 0x000000008e000000, 0x000000008e100000|  0%| F|  |TAMS 0x000000008e000000, 0x000000008e000000| Untracked 
| 225|0x000000008e100000, 0x000000008e100000, 0x000000008e200000|  0%| F|  |TAMS 0x000000008e100000, 0x000000008e100000| Untracked 
| 226|0x000000008e200000, 0x000000008e200000, 0x000000008e300000|  0%| F|  |TAMS 0x000000008e200000, 0x000000008e200000| Untracked 
| 227|0x000000008e300000, 0x000000008e300000, 0x000000008e400000|  0%| F|  |TAMS 0x000000008e300000, 0x000000008e300000| Untracked 
| 228|0x000000008e400000, 0x000000008e400000, 0x000000008e500000|  0%| F|  |TAMS 0x000000008e400000, 0x000000008e400000| Untracked 
| 229|0x000000008e500000, 0x000000008e500000, 0x000000008e600000|  0%| F|  |TAMS 0x000000008e500000, 0x000000008e500000| Untracked 
| 230|0x000000008e600000, 0x000000008e600000, 0x000000008e700000|  0%| F|  |TAMS 0x000000008e600000, 0x000000008e600000| Untracked 
| 231|0x000000008e700000, 0x000000008e700000, 0x000000008e800000|  0%| F|  |TAMS 0x000000008e700000, 0x000000008e700000| Untracked 
| 232|0x000000008e800000, 0x000000008e800000, 0x000000008e900000|  0%| F|  |TAMS 0x000000008e800000, 0x000000008e800000| Untracked 
| 233|0x000000008e900000, 0x000000008e900000, 0x000000008ea00000|  0%| F|  |TAMS 0x000000008e900000, 0x000000008e900000| Untracked 
| 234|0x000000008ea00000, 0x000000008ea00000, 0x000000008eb00000|  0%| F|  |TAMS 0x000000008ea00000, 0x000000008ea00000| Untracked 
| 235|0x000000008eb00000, 0x000000008eb00000, 0x000000008ec00000|  0%| F|  |TAMS 0x000000008eb00000, 0x000000008eb00000| Untracked 
| 236|0x000000008ec00000, 0x000000008ed00000, 0x000000008ed00000|100%| S|CS|TAMS 0x000000008ec00000, 0x000000008ec00000| Complete 
| 237|0x000000008ed00000, 0x000000008ee00000, 0x000000008ee00000|100%| S|CS|TAMS 0x000000008ed00000, 0x000000008ed00000| Complete 
| 238|0x000000008ee00000, 0x000000008ef00000, 0x000000008ef00000|100%| S|CS|TAMS 0x000000008ee00000, 0x000000008ee00000| Complete 
| 239|0x000000008ef00000, 0x000000008f000000, 0x000000008f000000|100%| S|CS|TAMS 0x000000008ef00000, 0x000000008ef00000| Complete 
| 240|0x000000008f000000, 0x000000008f000000, 0x000000008f100000|  0%| F|  |TAMS 0x000000008f000000, 0x000000008f000000| Untracked 
| 241|0x000000008f100000, 0x000000008f100000, 0x000000008f200000|  0%| F|  |TAMS 0x000000008f100000, 0x000000008f100000| Untracked 
| 242|0x000000008f200000, 0x000000008f200000, 0x000000008f300000|  0%| F|  |TAMS 0x000000008f200000, 0x000000008f200000| Untracked 
| 243|0x000000008f300000, 0x000000008f300000, 0x000000008f400000|  0%| F|  |TAMS 0x000000008f300000, 0x000000008f300000| Untracked 
| 244|0x000000008f400000, 0x000000008f400000, 0x000000008f500000|  0%| F|  |TAMS 0x000000008f400000, 0x000000008f400000| Untracked 
| 245|0x000000008f500000, 0x000000008f500000, 0x000000008f600000|  0%| F|  |TAMS 0x000000008f500000, 0x000000008f500000| Untracked 
| 246|0x000000008f600000, 0x000000008f600000, 0x000000008f700000|  0%| F|  |TAMS 0x000000008f600000, 0x000000008f600000| Untracked 
| 247|0x000000008f700000, 0x000000008f700000, 0x000000008f800000|  0%| F|  |TAMS 0x000000008f700000, 0x000000008f700000| Untracked 
| 248|0x000000008f800000, 0x000000008f800000, 0x000000008f900000|  0%| F|  |TAMS 0x000000008f800000, 0x000000008f800000| Untracked 
| 249|0x000000008f900000, 0x000000008f900000, 0x000000008fa00000|  0%| F|  |TAMS 0x000000008f900000, 0x000000008f900000| Untracked 
| 250|0x000000008fa00000, 0x000000008fa00000, 0x000000008fb00000|  0%| F|  |TAMS 0x000000008fa00000, 0x000000008fa00000| Untracked 
| 251|0x000000008fb00000, 0x000000008fb00000, 0x000000008fc00000|  0%| F|  |TAMS 0x000000008fb00000, 0x000000008fb00000| Untracked 
| 252|0x000000008fc00000, 0x000000008fc00000, 0x000000008fd00000|  0%| F|  |TAMS 0x000000008fc00000, 0x000000008fc00000| Untracked 
| 253|0x000000008fd00000, 0x000000008fd00000, 0x000000008fe00000|  0%| F|  |TAMS 0x000000008fd00000, 0x000000008fd00000| Untracked 
| 254|0x000000008fe00000, 0x000000008fe00000, 0x000000008ff00000|  0%| F|  |TAMS 0x000000008fe00000, 0x000000008fe00000| Untracked 
| 255|0x000000008ff00000, 0x000000008ff00000, 0x0000000090000000|  0%| F|  |TAMS 0x000000008ff00000, 0x000000008ff00000| Untracked 
| 256|0x0000000090000000, 0x0000000090000000, 0x0000000090100000|  0%| F|  |TAMS 0x0000000090000000, 0x0000000090000000| Untracked 
| 257|0x0000000090100000, 0x0000000090100000, 0x0000000090200000|  0%| F|  |TAMS 0x0000000090100000, 0x0000000090100000| Untracked 
| 258|0x0000000090200000, 0x0000000090200000, 0x0000000090300000|  0%| F|  |TAMS 0x0000000090200000, 0x0000000090200000| Untracked 
| 259|0x0000000090300000, 0x0000000090300000, 0x0000000090400000|  0%| F|  |TAMS 0x0000000090300000, 0x0000000090300000| Untracked 
| 260|0x0000000090400000, 0x0000000090400000, 0x0000000090500000|  0%| F|  |TAMS 0x0000000090400000, 0x0000000090400000| Untracked 
| 261|0x0000000090500000, 0x0000000090500000, 0x0000000090600000|  0%| F|  |TAMS 0x0000000090500000, 0x0000000090500000| Untracked 
| 262|0x0000000090600000, 0x0000000090600000, 0x0000000090700000|  0%| F|  |TAMS 0x0000000090600000, 0x0000000090600000| Untracked 
| 263|0x0000000090700000, 0x0000000090700000, 0x0000000090800000|  0%| F|  |TAMS 0x0000000090700000, 0x0000000090700000| Untracked 
| 264|0x0000000090800000, 0x0000000090800000, 0x0000000090900000|  0%| F|  |TAMS 0x0000000090800000, 0x0000000090800000| Untracked 
| 265|0x0000000090900000, 0x0000000090900000, 0x0000000090a00000|  0%| F|  |TAMS 0x0000000090900000, 0x0000000090900000| Untracked 
| 266|0x0000000090a00000, 0x0000000090a00000, 0x0000000090b00000|  0%| F|  |TAMS 0x0000000090a00000, 0x0000000090a00000| Untracked 

Card table byte_map: [0x0000024575f10000,0x0000024576310000] _byte_map_base: 0x0000024575b10000

Marking Bits (Prev, Next): (CMBitMap*) 0x000002456304dc68, (CMBitMap*) 0x000002456304dca0
 Prev Bits: [0x0000024576710000, 0x0000024578710000)
 Next Bits: [0x0000024578710000, 0x000002457a710000)

Polling page: 0x00000245627f0000

Metaspace:

Usage:
  Non-class:     82.91 MB capacity,    81.60 MB ( 98%) used,     1.05 MB (  1%) free+waste,   260.88 KB ( <1%) overhead. 
      Class:     12.81 MB capacity,    12.01 MB ( 94%) used,   698.70 KB (  5%) free+waste,   116.19 KB ( <1%) overhead. 
       Both:     95.72 MB capacity,    93.61 MB ( 98%) used,     1.74 MB (  2%) free+waste,   377.06 KB ( <1%) overhead. 

Virtual space:
  Non-class space:       84.00 MB reserved,      83.00 MB ( 99%) committed 
      Class space:        1.00 GB reserved,      12.82 MB (  1%) committed 
             Both:        1.08 GB reserved,      95.82 MB (  9%) committed 

Chunk freelists:
   Non-Class:  24.00 KB
       Class:  7.00 KB
        Both:  31.00 KB

MaxMetaspaceSize: 17179869184.00 GB
CompressedClassSpaceSize: 1.00 GB

CodeHeap 'non-profiled nmethods': size=120064Kb used=6357Kb max_used=6357Kb free=113706Kb
 bounds [0x000002456e5d0000, 0x000002456ec10000, 0x0000024575b10000]
CodeHeap 'profiled nmethods': size=120000Kb used=24895Kb max_used=24895Kb free=95104Kb
 bounds [0x00000245670a0000, 0x00000245688f0000, 0x000002456e5d0000]
CodeHeap 'non-nmethods': size=5696Kb used=2333Kb max_used=2344Kb free=3362Kb
 bounds [0x0000024566b10000, 0x0000024566d80000, 0x00000245670a0000]
 total_blobs=12120 nmethods=11209 adapters=820
 compilation: enabled
              stopped_count=0, restarted_count=0
 full_count=0

Compilation events (20 events):
Event: 15.285 Thread 0x000002457cc37000 11265   !   2       com.google.common.util.concurrent.MoreExecutors$DirectExecutorService::endTask (41 bytes)
Event: 15.286 Thread 0x000002457cc37000 nmethod 11265 0x00000245688edf10 code [0x00000245688ee0c0, 0x00000245688ee388]
Event: 15.286 Thread 0x000002457cc37000 11254       2       com.android.tools.r8.graph.C2::<init> (5 bytes)
Event: 15.286 Thread 0x000002457cc37000 nmethod 11254 0x00000245688ee510 code [0x00000245688ee6c0, 0x00000245688ee7b8]
Event: 15.286 Thread 0x000002457cc37000 11261       2       com.android.tools.r8.graph.H::Y0 (11 bytes)
Event: 15.286 Thread 0x000002457cc37000 nmethod 11261 0x00000245688ee890 code [0x00000245688eea40, 0x00000245688eeb58]
Event: 15.298 Thread 0x000002457cc28800 nmethod 11219 0x000002456ebfff10 code [0x000002456ec00120, 0x000002456ec017d0]
Event: 15.298 Thread 0x000002457cc28800 11136       4       com.android.tools.r8.internal.KK0::d (149 bytes)
Event: 15.315 Thread 0x000002457cc28800 nmethod 11136 0x000002456ec02310 code [0x000002456ec024c0, 0x000002456ec02b78]
Event: 15.315 Thread 0x000002457cc28800 11163       4       com.android.tools.r8.graph.W0::a (49 bytes)
Event: 15.319 Thread 0x000002457cc28800 nmethod 11163 0x000002456ec02f90 code [0x000002456ec03140, 0x000002456ec03378]
Event: 15.319 Thread 0x000002457cc28800 11220       4       com.android.tools.r8.internal.KK0::e (297 bytes)
Event: 15.351 Thread 0x000002457cc28800 nmethod 11220 0x000002456ec03590 code [0x000002456ec037a0, 0x000002456ec04ad8]
Event: 15.351 Thread 0x000002457cc28800 11266       4       com.android.tools.r8.internal.mH0::a (1069 bytes)
Event: 15.407 Thread 0x000002457cc37000 11278       2       java.lang.management.ManagementFactory$$Lambda$62/0x0000000100161c40::apply (12 bytes)
Event: 15.407 Thread 0x000002457cc37000 nmethod 11278 0x00000245688eec10 code [0x00000245688eede0, 0x00000245688eef78]
Event: 15.408 Thread 0x000002457cc37000 11280       2       javax.management.ObjectName::addProperty (80 bytes)
Event: 15.408 Thread 0x000002457cc37000 nmethod 11280 0x00000245688ef090 code [0x00000245688ef2a0, 0x00000245688ef7c8]
Event: 15.408 Thread 0x000002457cc37000 11279       2       java.lang.management.ManagementFactory::lambda$getPlatformMXBeans$3 (13 bytes)
Event: 15.408 Thread 0x000002457cc37000 nmethod 11279 0x00000245688efa10 code [0x00000245688efbe0, 0x00000245688efd18]

GC Heap History (20 events):
Event: 14.474 GC heap after
{Heap after GC invocations=25 (full 0):
 garbage-first heap   total 227328K, used 148992K [0x0000000080000000, 0x0000000100000000)
  region size 1024K, 6 young (6144K), 6 survivors (6144K)
 Metaspace       used 93190K, capacity 95330K, committed 95564K, reserved 1132544K
  class space    used 11967K, capacity 12773K, committed 12876K, reserved 1048576K
}
Event: 14.592 GC heap before
{Heap before GC invocations=26 (full 0):
 garbage-first heap   total 227328K, used 176640K [0x0000000080000000, 0x0000000100000000)
  region size 1024K, 34 young (34816K), 6 survivors (6144K)
 Metaspace       used 93150K, capacity 95268K, committed 95564K, reserved 1132544K
  class space    used 11955K, capacity 12751K, committed 12876K, reserved 1048576K
}
Event: 14.595 GC heap after
{Heap after GC invocations=27 (full 0):
 garbage-first heap   total 227328K, used 157184K [0x0000000080000000, 0x0000000100000000)
  region size 1024K, 5 young (5120K), 5 survivors (5120K)
 Metaspace       used 93150K, capacity 95268K, committed 95564K, reserved 1132544K
  class space    used 11955K, capacity 12751K, committed 12876K, reserved 1048576K
}
Event: 14.618 GC heap before
{Heap before GC invocations=27 (full 0):
 garbage-first heap   total 227328K, used 162304K [0x0000000080000000, 0x0000000100000000)
  region size 1024K, 11 young (11264K), 5 survivors (5120K)
 Metaspace       used 93150K, capacity 95268K, committed 95564K, reserved 1132544K
  class space    used 11955K, capacity 12751K, committed 12876K, reserved 1048576K
}
Event: 14.620 GC heap after
{Heap after GC invocations=28 (full 0):
 garbage-first heap   total 227328K, used 155648K [0x0000000080000000, 0x0000000100000000)
  region size 1024K, 2 young (2048K), 2 survivors (2048K)
 Metaspace       used 93150K, capacity 95268K, committed 95564K, reserved 1132544K
  class space    used 11955K, capacity 12751K, committed 12876K, reserved 1048576K
}
Event: 14.705 GC heap before
{Heap before GC invocations=28 (full 0):
 garbage-first heap   total 227328K, used 180224K [0x0000000080000000, 0x0000000100000000)
  region size 1024K, 26 young (26624K), 2 survivors (2048K)
 Metaspace       used 93151K, capacity 95268K, committed 95564K, reserved 1132544K
  class space    used 11955K, capacity 12751K, committed 12876K, reserved 1048576K
}
Event: 14.708 GC heap after
{Heap after GC invocations=29 (full 0):
 garbage-first heap   total 227328K, used 165334K [0x0000000080000000, 0x0000000100000000)
  region size 1024K, 4 young (4096K), 4 survivors (4096K)
 Metaspace       used 93151K, capacity 95268K, committed 95564K, reserved 1132544K
  class space    used 11955K, capacity 12751K, committed 12876K, reserved 1048576K
}
Event: 14.774 GC heap before
{Heap before GC invocations=29 (full 0):
 garbage-first heap   total 227328K, used 184790K [0x0000000080000000, 0x0000000100000000)
  region size 1024K, 23 young (23552K), 4 survivors (4096K)
 Metaspace       used 93151K, capacity 95268K, committed 95564K, reserved 1132544K
  class space    used 11955K, capacity 12751K, committed 12876K, reserved 1048576K
}
Event: 14.776 GC heap after
{Heap after GC invocations=30 (full 0):
 garbage-first heap   total 227328K, used 173008K [0x0000000080000000, 0x0000000100000000)
  region size 1024K, 3 young (3072K), 3 survivors (3072K)
 Metaspace       used 93151K, capacity 95268K, committed 95564K, reserved 1132544K
  class space    used 11955K, capacity 12751K, committed 12876K, reserved 1048576K
}
Event: 14.828 GC heap before
{Heap before GC invocations=30 (full 0):
 garbage-first heap   total 227328K, used 187344K [0x0000000080000000, 0x0000000100000000)
  region size 1024K, 18 young (18432K), 3 survivors (3072K)
 Metaspace       used 93151K, capacity 95268K, committed 95564K, reserved 1132544K
  class space    used 11955K, capacity 12751K, committed 12876K, reserved 1048576K
}
Event: 14.830 GC heap after
{Heap after GC invocations=31 (full 0):
 garbage-first heap   total 227328K, used 179200K [0x0000000080000000, 0x0000000100000000)
  region size 1024K, 3 young (3072K), 3 survivors (3072K)
 Metaspace       used 93151K, capacity 95268K, committed 95564K, reserved 1132544K
  class space    used 11955K, capacity 12751K, committed 12876K, reserved 1048576K
}
Event: 14.876 GC heap before
{Heap before GC invocations=31 (full 0):
 garbage-first heap   total 227328K, used 190464K [0x0000000080000000, 0x0000000100000000)
  region size 1024K, 15 young (15360K), 3 survivors (3072K)
 Metaspace       used 93151K, capacity 95268K, committed 95564K, reserved 1132544K
  class space    used 11955K, capacity 12751K, committed 12876K, reserved 1048576K
}
Event: 14.881 GC heap after
{Heap after GC invocations=32 (full 0):
 garbage-first heap   total 273408K, used 183899K [0x0000000080000000, 0x0000000100000000)
  region size 1024K, 2 young (2048K), 2 survivors (2048K)
 Metaspace       used 93151K, capacity 95268K, committed 95564K, reserved 1132544K
  class space    used 11955K, capacity 12751K, committed 12876K, reserved 1048576K
}
Event: 15.262 GC heap before
{Heap before GC invocations=33 (full 0):
 garbage-first heap   total 273408K, used 213595K [0x0000000080000000, 0x0000000100000000)
  region size 1024K, 31 young (31744K), 2 survivors (2048K)
 Metaspace       used 95853K, capacity 98016K, committed 98124K, reserved 1134592K
  class space    used 12298K, capacity 13113K, committed 13132K, reserved 1048576K
}
Event: 15.269 GC heap after
{Heap after GC invocations=34 (full 0):
 garbage-first heap   total 273408K, used 189703K [0x0000000080000000, 0x0000000100000000)
  region size 1024K, 4 young (4096K), 4 survivors (4096K)
 Metaspace       used 95853K, capacity 98016K, committed 98124K, reserved 1134592K
  class space    used 12298K, capacity 13113K, committed 13132K, reserved 1048576K
}
Event: 15.307 GC heap before
{Heap before GC invocations=34 (full 0):
 garbage-first heap   total 273408K, used 198919K [0x0000000080000000, 0x0000000100000000)
  region size 1024K, 13 young (13312K), 4 survivors (4096K)
 Metaspace       used 95860K, capacity 98016K, committed 98124K, reserved 1134592K
  class space    used 12298K, capacity 13113K, committed 13132K, reserved 1048576K
}
Event: 15.314 GC heap after
{Heap after GC invocations=35 (full 0):
 garbage-first heap   total 273408K, used 184690K [0x0000000080000000, 0x0000000100000000)
  region size 1024K, 2 young (2048K), 2 survivors (2048K)
 Metaspace       used 95860K, capacity 98016K, committed 98124K, reserved 1134592K
  class space    used 12298K, capacity 13113K, committed 13132K, reserved 1048576K
}
Event: 15.421 GC heap before
{Heap before GC invocations=35 (full 0):
 garbage-first heap   total 273408K, used 215410K [0x0000000080000000, 0x0000000100000000)
  region size 1024K, 32 young (32768K), 2 survivors (2048K)
 Metaspace       used 95861K, capacity 98017K, committed 98124K, reserved 1134592K
  class space    used 12298K, capacity 13113K, committed 13132K, reserved 1048576K
}
Event: 15.430 GC heap after
{Heap after GC invocations=36 (full 0):
 garbage-first heap   total 273408K, used 193199K [0x0000000080000000, 0x0000000100000000)
  region size 1024K, 4 young (4096K), 4 survivors (4096K)
 Metaspace       used 95861K, capacity 98017K, committed 98124K, reserved 1134592K
  class space    used 12298K, capacity 13113K, committed 13132K, reserved 1048576K
}
Event: 15.534 GC heap before
{Heap before GC invocations=36 (full 0):
 garbage-first heap   total 273408K, used 220847K [0x0000000080000000, 0x0000000100000000)
  region size 1024K, 31 young (31744K), 4 survivors (4096K)
 Metaspace       used 95861K, capacity 98017K, committed 98124K, reserved 1134592K
  class space    used 12298K, capacity 13113K, committed 13132K, reserved 1048576K
}

Deoptimization events (20 events):
Event: 15.207 Thread 0x000002457e533800 DEOPT PACKING pc=0x000002456883428b sp=0x000000a7bf4f9ee0
Event: 15.207 Thread 0x000002457e533800 DEOPT UNPACKING pc=0x0000024566b36d5e sp=0x000000a7bf4f9430 mode 0
Event: 15.211 Thread 0x000002457e533800 DEOPT PACKING pc=0x000002456883428b sp=0x000000a7bf4f9ee0
Event: 15.211 Thread 0x000002457e533800 DEOPT UNPACKING pc=0x0000024566b36d5e sp=0x000000a7bf4f9430 mode 0
Event: 15.216 Thread 0x000002457e533800 DEOPT PACKING pc=0x000002456883428b sp=0x000000a7bf4f9ee0
Event: 15.216 Thread 0x000002457e533800 DEOPT UNPACKING pc=0x0000024566b36d5e sp=0x000000a7bf4f9430 mode 0
Event: 15.220 Thread 0x000002457e533800 DEOPT PACKING pc=0x000002456883428b sp=0x000000a7bf4f9eb0
Event: 15.220 Thread 0x000002457e533800 DEOPT UNPACKING pc=0x0000024566b36d5e sp=0x000000a7bf4f9400 mode 0
Event: 15.225 Thread 0x000002457e533800 DEOPT PACKING pc=0x000002456883428b sp=0x000000a7bf4f9ee0
Event: 15.225 Thread 0x000002457e533800 DEOPT UNPACKING pc=0x0000024566b36d5e sp=0x000000a7bf4f9430 mode 0
Event: 15.229 Thread 0x000002457e533800 DEOPT PACKING pc=0x000002456883428b sp=0x000000a7bf4f9ee0
Event: 15.229 Thread 0x000002457e533800 DEOPT UNPACKING pc=0x0000024566b36d5e sp=0x000000a7bf4f9430 mode 0
Event: 15.233 Thread 0x000002457e533800 DEOPT PACKING pc=0x00000245687f5455 sp=0x000000a7bf4f9790
Event: 15.233 Thread 0x000002457e533800 DEOPT UNPACKING pc=0x0000024566b36d5e sp=0x000000a7bf4f8cb0 mode 0
Event: 15.234 Thread 0x000002457e533800 DEOPT PACKING pc=0x000002456883428b sp=0x000000a7bf4f9ee0
Event: 15.234 Thread 0x000002457e533800 DEOPT UNPACKING pc=0x0000024566b36d5e sp=0x000000a7bf4f9430 mode 0
Event: 15.254 Thread 0x000002457e533800 DEOPT PACKING pc=0x00000245687f5455 sp=0x000000a7bf4f92a0
Event: 15.254 Thread 0x000002457e533800 DEOPT UNPACKING pc=0x0000024566b36d5e sp=0x000000a7bf4f87c0 mode 0
Event: 15.269 Thread 0x000002457e533800 DEOPT PACKING pc=0x00000245687f5455 sp=0x000000a7bf4f9560
Event: 15.269 Thread 0x000002457e533800 DEOPT UNPACKING pc=0x0000024566b36d5e sp=0x000000a7bf4f8a80 mode 0

Classes redefined (0 events):
No events

Internal exceptions (20 events):
Event: 11.098 Thread 0x000002457e53d800 Exception <a 'java/lang/NoSuchMethodError'{0x000000008bb92788}: <clinit>> (0x000000008bb92788) thrown at [./src/hotspot/share/prims/jni.cpp, line 1362]
Event: 11.102 Thread 0x000002457e53d800 Exception <a 'java/lang/NoSuchMethodError'{0x000000008bbb4a10}: <clinit>> (0x000000008bbb4a10) thrown at [./src/hotspot/share/prims/jni.cpp, line 1362]
Event: 11.113 Thread 0x000002457e1cc000 Exception <a 'java/lang/IncompatibleClassChangeError'{0x000000008bb4d050}: Found class java.lang.Object, but interface was expected> (0x000000008bb4d050) thrown at [./src/hotspot/share/interpreter/linkResolver.cpp, line 839]
Event: 11.131 Thread 0x0000024500a75000 Exception <a 'java/lang/NoSuchMethodError'{0x000000008b9be650}: <clinit>> (0x000000008b9be650) thrown at [./src/hotspot/share/prims/jni.cpp, line 1362]
Event: 11.132 Thread 0x000002457e1cc000 Exception <a 'java/lang/NoSuchMethodError'{0x000000008b9c35b0}: 'java.lang.Object java.lang.invoke.DirectMethodHandle$Holder.invokeInterface(java.lang.Object, java.lang.Object, int)'> (0x000000008b9c35b0) thrown at [./src/hotspot/share/interpreter/linkResolver.cpp, line 773]
Event: 11.136 Thread 0x000002457e1cc000 Exception <a 'java/lang/NoSuchMethodError'{0x000000008b9d95a8}: 'void java.lang.invoke.DirectMethodHandle$Holder.invokeStatic(java.lang.Object, java.lang.Object, java.lang.Object, int)'> (0x000000008b9d95a8) thrown at [./src/hotspot/share/interpreter/linkResolver.cpp, line 773]
Event: 11.176 Thread 0x000002457e1cc000 Exception <a 'java/lang/IncompatibleClassChangeError'{0x000000008b86b768}: Found class java.lang.Object, but interface was expected> (0x000000008b86b768) thrown at [./src/hotspot/share/interpreter/linkResolver.cpp, line 839]
Event: 11.179 Thread 0x000002457e1cc000 Exception <a 'java/lang/IncompatibleClassChangeError'{0x000000008b735e38}: Found class java.lang.Object, but interface was expected> (0x000000008b735e38) thrown at [./src/hotspot/share/interpreter/linkResolver.cpp, line 839]
Event: 11.210 Thread 0x000002457e1cc000 Exception <a 'java/lang/NoSuchMethodError'{0x000000008b5b3d98}: 'int java.lang.invoke.DirectMethodHandle$Holder.invokeStaticInit(java.lang.Object, java.lang.Object, java.lang.Object, java.lang.Object, java.lang.Object)'> (0x000000008b5b3d98) thrown at [./src/hotspot/share/interpreter/linkResolver.cpp, line 773]
Event: 11.356 Thread 0x000002457e1cc000 Exception <a 'java/lang/NoSuchMethodError'{0x000000008aebd530}: 'void java.lang.invoke.DirectMethodHandle$Holder.invokeStatic(java.lang.Object, java.lang.Object, java.lang.Object, java.lang.Object, int, java.lang.Object, java.lang.Object)'> (0x000000008aebd530) thrown at [./src/hotspot/share/interpreter/linkResolver.cpp, line 773]
Event: 11.382 Thread 0x0000024502c14800 Exception <a 'java/lang/NoSuchMethodError'{0x000000008a9c1810}: 'java.lang.Object java.lang.invoke.DirectMethodHandle$Holder.invokeSpecialIFC(java.lang.Object, java.lang.Object, java.lang.Object)'> (0x000000008a9c1810) thrown at [./src/hotspot/share/interpreter/linkResolver.cpp, line 773]
Event: 12.141 Thread 0x000002457e1cc000 Exception <a 'java/lang/NoSuchMethodError'{0x000000008cbd3090}: 'void java.lang.invoke.DirectMethodHandle$Holder.invokeVirtual(java.lang.Object, java.lang.Object)'> (0x000000008cbd3090) thrown at [./src/hotspot/share/interpreter/linkResolver.cpp, line 773]
Event: 12.327 Thread 0x000002457e1cc000 Implicit null exception at 0x000002456e985414 to 0x000002456e985968
Event: 12.399 Thread 0x000002457e1cc000 Exception <a 'java/lang/NoSuchMethodError'{0x000000008b9187c8}: 'void java.lang.invoke.DirectMethodHandle$Holder.invokeStatic(java.lang.Object, java.lang.Object, java.lang.Object, java.lang.Object, java.lang.Object, java.lang.Object, java.lang.Object)'> (0x000000008b9187c8) thrown at [./src/hotspot/share/interpreter/linkResolver.cpp, line 773]
Event: 12.412 Thread 0x0000024500a75000 Exception <a 'java/lang/NoSuchMethodError'{0x000000008b805e80}: <clinit>> (0x000000008b805e80) thrown at [./src/hotspot/share/prims/jni.cpp, line 1362]
Event: 13.447 Thread 0x000002457dc52800 Implicit null exception at 0x000002456eba31f6 to 0x000002456eba39f0
Event: 14.890 Thread 0x000002457e533800 Exception <a 'sun/nio/fs/WindowsException'{0x0000000090af8730}> (0x0000000090af8730) thrown at [./src/hotspot/share/prims/jni.cpp, line 615]
Event: 15.029 Thread 0x000002457e533800 Exception <a 'java/lang/NoSuchMethodError'{0x00000000903ef598}: 'java.lang.Object java.lang.invoke.DirectMethodHandle$Holder.invokeStaticInit(java.lang.Object, java.lang.Object, java.lang.Object, java.lang.Object, java.lang.Object, java.lang.Object, java.lang.Object, java.lang.Object, java.lang.Object, java.lang.Object, java.lang.Object, java.lang.Object, java.lang.Object, java.lang.Object, java.lang.Object, java.lang.Object, java.lang.Object, java.lang.Object, int, java.lang.Object, java.lang.Object)'> (0
Event: 15.051 Thread 0x000002457e533800 Exception <a 'java/lang/IncompatibleClassChangeError'{0x000000009010cad0}: Found class java.lang.Object, but interface was expected> (0x000000009010cad0) thrown at [./src/hotspot/share/interpreter/linkResolver.cpp, line 839]
Event: 15.094 Thread 0x000002457e533800 Exception <a 'java/lang/NoSuchMethodError'{0x000000008ff42e98}: 'java.lang.Object java.lang.invoke.DirectMethodHandle$Holder.invokeStatic(java.lang.Object, long)'> (0x000000008ff42e98) thrown at [./src/hotspot/share/interpreter/linkResolver.cpp, line 773]

Events (20 events):
Event: 15.094 loading class com/android/tools/r8/graph/S0$a done
Event: 15.095 loading class com/android/tools/r8/graph/O2
Event: 15.095 loading class com/android/tools/r8/graph/O2 done
Event: 15.096 loading class com/android/tools/r8/internal/w81
Event: 15.096 loading class com/android/tools/r8/internal/w81 done
Event: 15.096 loading class com/android/tools/r8/graph/B2
Event: 15.096 loading class com/android/tools/r8/graph/B2 done
Event: 15.096 loading class com/android/tools/r8/graph/C2
Event: 15.096 loading class com/android/tools/r8/graph/C2 done
Event: 15.097 loading class com/android/tools/r8/graph/D2
Event: 15.097 loading class com/android/tools/r8/graph/D2 done
Event: 15.097 loading class com/android/tools/r8/graph/A2
Event: 15.097 loading class com/android/tools/r8/graph/A2 done
Event: 15.262 Executing VM operation: G1CollectForAllocation
Event: 15.269 Executing VM operation: G1CollectForAllocation done
Event: 15.307 Executing VM operation: G1CollectForAllocation
Event: 15.314 Executing VM operation: G1CollectForAllocation done
Event: 15.420 Executing VM operation: G1CollectForAllocation
Event: 15.430 Executing VM operation: G1CollectForAllocation done
Event: 15.534 Executing VM operation: G1CollectForAllocation


Dynamic libraries:
0x00007ff7a7f90000 - 0x00007ff7a7f9a000 	C:\Program Files\Android\Android Studio\jre\bin\java.exe
0x00007ffdcaa70000 - 0x00007ffdcac65000 	C:\WINDOWS\SYSTEM32\ntdll.dll
0x00007ffdca8e0000 - 0x00007ffdca99e000 	C:\WINDOWS\System32\KERNEL32.DLL
0x00007ffdc81f0000 - 0x00007ffdc84b8000 	C:\WINDOWS\System32\KERNELBASE.dll
0x00007ffdc8690000 - 0x00007ffdc8790000 	C:\WINDOWS\System32\ucrtbase.dll
0x00007ffdbcee0000 - 0x00007ffdbcef7000 	C:\Program Files\Android\Android Studio\jre\bin\VCRUNTIME140.dll
0x00007ffdbbf00000 - 0x00007ffdbbf19000 	C:\Program Files\Android\Android Studio\jre\bin\jli.dll
0x00007ffdc99a0000 - 0x00007ffdc9b40000 	C:\WINDOWS\System32\USER32.dll
0x00007ffdc8190000 - 0x00007ffdc81b2000 	C:\WINDOWS\System32\win32u.dll
0x00007ffdc96c0000 - 0x00007ffdc96eb000 	C:\WINDOWS\System32\GDI32.dll
0x00007ffdc89c0000 - 0x00007ffdc8acb000 	C:\WINDOWS\System32\gdi32full.dll
0x00007ffdc8920000 - 0x00007ffdc89bd000 	C:\WINDOWS\System32\msvcp_win.dll
0x00007ffdbc000000 - 0x00007ffdbc29a000 	C:\WINDOWS\WinSxS\amd64_microsoft.windows.common-controls_6595b64144ccf1df_6.0.19041.1110_none_60b5254171f9507e\COMCTL32.dll
0x00007ffdc91b0000 - 0x00007ffdc924e000 	C:\WINDOWS\System32\msvcrt.dll
0x00007ffdc9840000 - 0x00007ffdc9870000 	C:\WINDOWS\System32\IMM32.DLL
0x00007ffda42c0000 - 0x00007ffda435d000 	C:\Program Files\Android\Android Studio\jre\bin\msvcp140.dll
0x00007ffd94650000 - 0x00007ffd95125000 	C:\Program Files\Android\Android Studio\jre\bin\server\jvm.dll
0x00007ffdc9bb0000 - 0x00007ffdc9c5e000 	C:\WINDOWS\System32\ADVAPI32.dll
0x00007ffdc9eb0000 - 0x00007ffdc9f4c000 	C:\WINDOWS\System32\sechost.dll
0x00007ffdc8f50000 - 0x00007ffdc9075000 	C:\WINDOWS\System32\RPCRT4.dll
0x00007ffdc8f40000 - 0x00007ffdc8f48000 	C:\WINDOWS\System32\PSAPI.DLL
0x00007ffdaf300000 - 0x00007ffdaf309000 	C:\WINDOWS\SYSTEM32\WSOCK32.dll
0x00007ffdca100000 - 0x00007ffdca16b000 	C:\WINDOWS\System32\WS2_32.dll
0x00007ffdbe3c0000 - 0x00007ffdbe3e7000 	C:\WINDOWS\SYSTEM32\WINMM.dll
0x00007ffdc1860000 - 0x00007ffdc186a000 	C:\WINDOWS\SYSTEM32\VERSION.dll
0x00007ffdc60c0000 - 0x00007ffdc60d2000 	C:\WINDOWS\SYSTEM32\kernel.appcore.dll
0x00007ffdc4040000 - 0x00007ffdc4051000 	C:\Program Files\Android\Android Studio\jre\bin\verify.dll
0x00007ffdb20a0000 - 0x00007ffdb2284000 	C:\WINDOWS\SYSTEM32\DBGHELP.DLL
0x00007ffdb8c30000 - 0x00007ffdb8c5c000 	C:\WINDOWS\SYSTEM32\dbgcore.DLL
0x00007ffdc8890000 - 0x00007ffdc8912000 	C:\WINDOWS\System32\bcryptPrimitives.dll
0x00007ffdbe7d0000 - 0x00007ffdbe7f9000 	C:\Program Files\Android\Android Studio\jre\bin\java.dll
0x00007ffdbfe50000 - 0x00007ffdbfe5b000 	C:\Program Files\Android\Android Studio\jre\bin\jimage.dll
0x00007ffdbe810000 - 0x00007ffdbe828000 	C:\Program Files\Android\Android Studio\jre\bin\zip.dll
0x00007ffdca190000 - 0x00007ffdca8d4000 	C:\WINDOWS\System32\SHELL32.dll
0x00007ffdc62c0000 - 0x00007ffdc6a54000 	C:\WINDOWS\SYSTEM32\windows.storage.dll
0x00007ffdc9250000 - 0x00007ffdc95a4000 	C:\WINDOWS\System32\combase.dll
0x00007ffdc7bf0000 - 0x00007ffdc7c1c000 	C:\WINDOWS\SYSTEM32\Wldp.dll
0x00007ffdc9ce0000 - 0x00007ffdc9d8d000 	C:\WINDOWS\System32\SHCORE.dll
0x00007ffdc9660000 - 0x00007ffdc96b5000 	C:\WINDOWS\System32\shlwapi.dll
0x00007ffdc80d0000 - 0x00007ffdc80ef000 	C:\WINDOWS\SYSTEM32\profapi.dll
0x00007ffdbe6c0000 - 0x00007ffdbe6da000 	C:\Program Files\Android\Android Studio\jre\bin\net.dll
0x00007ffdb8e30000 - 0x00007ffdb8f39000 	C:\WINDOWS\SYSTEM32\WINHTTP.dll
0x00007ffdc7950000 - 0x00007ffdc79ba000 	C:\WINDOWS\system32\mswsock.dll
0x00007ffdbdd40000 - 0x00007ffdbdd54000 	C:\Program Files\Android\Android Studio\jre\bin\nio.dll
0x00007ffdbe770000 - 0x00007ffdbe797000 	C:\Users\Peter\.gradle\wrapper\dists\gradle-7.2-bin\native\e1d6ef7f7dcc3fd88c89a11ec53ec762bb8ba0a96d01ffa2cd45eb1d1d8dd5c5\windows-amd64\native-platform.dll
0x00007ffda4170000 - 0x00007ffda42b4000 	C:\Users\Peter\.gradle\wrapper\dists\gradle-7.2-bin\native\5664cfc778a61ccfe75a443a1ab52a65af34e5dc3c78e0209fed803814484fcb\windows-amd64\native-platform-file-events.dll
0x00007ffdbe840000 - 0x00007ffdbe84a000 	C:\Program Files\Android\Android Studio\jre\bin\management.dll
0x00007ffdbe7c0000 - 0x00007ffdbe7cd000 	C:\Program Files\Android\Android Studio\jre\bin\management_ext.dll
0x00007ffdc7b40000 - 0x00007ffdc7b58000 	C:\WINDOWS\SYSTEM32\CRYPTSP.dll
0x00007ffdc7260000 - 0x00007ffdc7294000 	C:\WINDOWS\system32\rsaenh.dll
0x00007ffdc81c0000 - 0x00007ffdc81e7000 	C:\WINDOWS\System32\bcrypt.dll
0x00007ffdc8090000 - 0x00007ffdc80be000 	C:\WINDOWS\SYSTEM32\USERENV.dll
0x00007ffdc7b60000 - 0x00007ffdc7b6c000 	C:\WINDOWS\SYSTEM32\CRYPTBASE.dll
0x00007ffdc75f0000 - 0x00007ffdc762b000 	C:\WINDOWS\SYSTEM32\IPHLPAPI.DLL
0x00007ffdc9b40000 - 0x00007ffdc9b48000 	C:\WINDOWS\System32\NSI.dll
0x00007ffdc1e30000 - 0x00007ffdc1e47000 	C:\WINDOWS\SYSTEM32\dhcpcsvc6.DLL
0x00007ffdc1db0000 - 0x00007ffdc1dcd000 	C:\WINDOWS\SYSTEM32\dhcpcsvc.DLL
0x00007ffdc7640000 - 0x00007ffdc770a000 	C:\WINDOWS\SYSTEM32\DNSAPI.dll

dbghelp: loaded successfully - version: 4.0.5 - missing functions: none
symbol engine: initialized successfully - sym options: 0x614 - pdb path: .;C:\Program Files\Android\Android Studio\jre\bin;C:\WINDOWS\SYSTEM32;C:\WINDOWS\WinSxS\amd64_microsoft.windows.common-controls_6595b64144ccf1df_6.0.19041.1110_none_60b5254171f9507e;C:\Program Files\Android\Android Studio\jre\bin\server;C:\Users\Peter\.gradle\wrapper\dists\gradle-7.2-bin\native\e1d6ef7f7dcc3fd88c89a11ec53ec762bb8ba0a96d01ffa2cd45eb1d1d8dd5c5\windows-amd64;C:\Users\Peter\.gradle\wrapper\dists\gradle-7.2-bin\native\5664cfc778a61ccfe75a443a1ab52a65af34e5dc3c78e0209fed803814484fcb\windows-amd64

VM Arguments:
jvm_args: --add-opens=java.base/java.util=ALL-UNNAMED --add-opens=java.base/java.lang=ALL-UNNAMED --add-opens=java.base/java.lang.invoke=ALL-UNNAMED --add-opens=java.base/java.util=ALL-UNNAMED --add-opens=java.prefs/java.util.prefs=ALL-UNNAMED --add-opens=java.prefs/java.util.prefs=ALL-UNNAMED --add-opens=java.base/java.nio.charset=ALL-UNNAMED --add-opens=java.base/java.net=ALL-UNNAMED --add-opens=java.base/java.util.concurrent.atomic=ALL-UNNAMED -Xmx2048m -Dfile.encoding=UTF-8 -Duser.country=US -Duser.language=en -Duser.variant 
java_command: org.gradle.launcher.daemon.bootstrap.GradleDaemon 7.2
java_class_path (initial): C:\Users\Peter\.gradle\wrapper\dists\gradle-7.2-bin\wrapper\dists\gradle-7.2-bin\2dnblmf4td7x66yl1d74lt32g\gradle-7.2\lib\gradle-launcher-7.2.jar
Launcher Type: SUN_STANDARD

[Global flags]
     intx CICompilerCount                          = 3                                         {product} {ergonomic}
     uint ConcGCThreads                            = 1                                         {product} {ergonomic}
     uint G1ConcRefinementThreads                  = 4                                         {product} {ergonomic}
   size_t G1HeapRegionSize                         = 1048576                                   {product} {ergonomic}
    uintx GCDrainStackTargetSize                   = 64                                        {product} {ergonomic}
   size_t InitialHeapSize                          = 134217728                                 {product} {ergonomic}
   size_t MarkStackSize                            = 4194304                                   {product} {ergonomic}
   size_t MaxHeapSize                              = 2147483648                                {product} {command line}
   size_t MaxNewSize                               = 1287651328                                {product} {ergonomic}
   size_t MinHeapDeltaBytes                        = 1048576                                   {product} {ergonomic}
    uintx NonNMethodCodeHeapSize                   = 5830732                                {pd product} {ergonomic}
    uintx NonProfiledCodeHeapSize                  = 122913754                              {pd product} {ergonomic}
    uintx ProfiledCodeHeapSize                     = 122913754                              {pd product} {ergonomic}
    uintx ReservedCodeCacheSize                    = 251658240                              {pd product} {ergonomic}
     bool SegmentedCodeCache                       = true                                      {product} {ergonomic}
     bool UseCompressedClassPointers               = true                                 {lp64_product} {ergonomic}
     bool UseCompressedOops                        = true                                 {lp64_product} {ergonomic}
     bool UseG1GC                                  = true                                      {product} {ergonomic}
     bool UseLargePagesIndividualAllocation        = false                                  {pd product} {ergonomic}

Logging:
Log output configuration:
 #0: stdout all=warning uptime,level,tags
 #1: stderr all=off uptime,level,tags

Environment Variables:
JAVA_HOME=C:\Program Files\Android\Android Studio\jre
PATH=C:\ProgramData\Oracle\Java\javapath;C:\Program Files\NVIDIA GPU Computing Toolkit\CUDA\v10.2\bin;C:\Program Files\NVIDIA GPU Computing Toolkit\CUDA\v10.2\libnvvp;C:\Program Files (x86)\Common Files\Intel\Shared Libraries\redist\intel64\compiler;C:\Windows\system32;C:\Windows;C:\Windows\System32\Wbem;C:\Windows\System32\WindowsPowerShell\v1.0\;C:\Windows\System32\OpenSSH\;C:\Program Files (x86)\NVIDIA Corporation\PhysX\Common;C:\Program Files\NVIDIA Corporation\NVIDIA NvDLISR;C:\Program Files\NVIDIA Corporation\Nsight Compute 2019.5.0\;C:\Program Files (x86)\Microsoft SQL Server\110\Tools\Binn\ManagementStudio\;C:\Program Files (x86)\Microsoft SQL Server\110\Tools\Binn\;C:\Program Files\Microsoft SQL Server\110\Tools\Binn\;C:\Program Files (x86)\Microsoft SQL Server\110\DTS\Binn\;C:\WINDOWS\system32;C:\WINDOWS;C:\WINDOWS\System32\Wbem;C:\WINDOWS\System32\WindowsPowerShell\v1.0\;C:\WINDOWS\System32\OpenSSH\;C:\Program Files\Git\cmd;C:\Program Files\dotnet\;C:\Program Files (x86)\Brackets\command;C:\Program Files\Java\jre1.8.0_65\bin;C:\Program Files\Java\jdk1.8.0_65\bin;C:\Users\Peter\AppData\Local\GitHubDesktop\bin
USERNAME=Peter
OS=Windows_NT
PROCESSOR_IDENTIFIER=Intel64 Family 6 Model 58 Stepping 9, GenuineIntel



---------------  S Y S T E M  ---------------

OS: Windows 10 , 64 bit Build 19041 (10.0.19041.1566)
OS uptime: 1 days 1:16 hours

CPU:total 4 (initial active 4) (4 cores per cpu, 1 threads per core) family 6 model 58 stepping 9 microcode 0x21, cmov, cx8, fxsr, mmx, sse, sse2, sse3, ssse3, sse4.1, sse4.2, popcnt, avx, aes, clmul, erms, tsc, tscinvbit, tscinv

Memory: 4k page, system-wide physical 8138M (315M free)
TotalPageFile size 32714M (AvailPageFile size 11M)
current process WorkingSet (physical memory assigned to process): 539M, peak: 548M
current process commit charge ("private bytes"): 638M, peak: 758M

vm_info: OpenJDK 64-Bit Server VM (11.0.11+9-b60-7590822) for windows-amd64 JRE (11.0.11+9-b60-7590822), built on Jul 29 2021 21:43:44 by "builder" with MS VC++ 14.0 (VS2015)

END.
